# Penalty:  38629.42592398777
115
0 15
0 33
1 3
1 99
2 48
4 65
5 40
6 75
6 81
7 20
7 86
7 96
8 61
9 34
10 19
12 53
13 26
14 12
16 94
17 72
17 86
18 32
18 61
18 66
19 47
20 80
23 28
23 52
23 91
24 14
24 37
25 0
26 73
27 5
27 21
30 57
31 68
31 76
32 16
32 54
33 8
33 38
33 93
34 37
36 63
36 85
37 44
37 70
39 80
40 28
41 35
41 89
42 20
42 49
46 75
47 94
48 14
48 33
48 42
50 8
51 60
51 71
52 37
54 51
55 10
55 28
55 86
55 91
56 65
57 65
60 5
60 24
63 33
63 90
64 98
66 19
66 81
67 39
67 44
68 84
69 94
71 64
72 58
73 15
73 31
74 0
76 62
77 72
78 82
80 2
80 26
80 97
81 7
81 35
81 43
81 70
82 55
83 29
84 50
85 3
88 20
88 83
91 59
92 44
94 18
94 63
94 92
96 35
96 77
97 99
98 14
98 46
99 0
99 29
99 78
