116
0 31
0 41
0 98
2 14
2 48
5 3
6 21
6 65
7 86
8 78
9 32
10 75
11 93
12 21
12 53
13 62
14 13
15 27
16 74
17 86
18 32
18 67
19 47
20 56
20 80
20 97
21 14
21 27
22 38
23 89
25 56
26 1
26 57
26 73
27 25
29 8
29 36
29 52
30 91
31 72
32 16
32 67
32 78
33 9
34 61
35 41
35 84
36 69
40 28
40 47
40 49
41 36
42 18
43 80
44 88
47 59
47 76
47 94
48 11
48 30
48 42
49 70
52 63
53 12
53 36
53 52
55 87
56 27
58 11
60 22
60 89
61 6
62 65
63 33
63 90
64 98
66 85
67 44
68 22
68 37
69 81
69 94
71 64
73 1
73 32
74 58
76 7
77 13
78 62
78 70
78 84
80 26
80 57
80 97
81 44
82 2
83 36
85 68
86 5
86 51
88 17
88 29
88 83
91 59
92 44
94 18
94 64
96 35
96 75
97 82
97 90
97 97
98 18
98 29
98 49
99 1
