115
0 48
0 54
2 61
4 54
4 88
5 6
5 14
5 21
5 41
6 35
7 14
7 78
7 98
9 43
9 50
9 75
12 22
13 14
14 0
14 2
14 27
14 87
15 16
15 62
17 77
18 97
19 51
19 68
20 31
21 1
23 8
23 63
24 36
24 74
25 20
28 5
28 39
28 92
29 91
30 33
30 69
31 10
33 15
34 5
34 39
34 78
36 42
36 51
36 56
37 85
38 99
39 44
39 77
42 63
42 71
43 31
44 11
45 85
48 4
48 98
50 17
50 30
50 45
50 89
52 54
53 0
53 10
53 67
54 40
55 84
57 90
58 25
58 52
59 17
61 5
61 44
61 64
61 93
62 13
64 70
65 23
65 39
66 31
66 46
70 4
70 77
71 23
71 62
72 46
74 57
74 96
75 31
79 10
80 37
81 25
81 49
82 1
82 17
84 70
85 61
85 67
85 91
86 23
88 11
88 39
90 56
92 0
96 5
96 41
96 58
96 66
97 75
97 87
98 22
98 49
