196
5 6
5 15
5 47
5 54
5 61
5 68
5 75
5 82
5 89
5 96
9 22
9 29
9 34
9 43
12 19
12 26
12 33
12 40
12 47
12 54
12 61
12 68
12 75
12 82
12 89
12 96
13 15
14 6
19 5
19 12
19 19
19 26
19 33
19 40
19 47
19 54
19 61
19 68
19 75
19 82
19 89
19 96
26 5
26 12
26 19
26 26
26 33
26 40
26 47
26 54
26 61
26 68
26 75
26 82
26 89
26 96
33 5
33 12
33 19
33 26
33 33
33 40
33 47
33 54
33 61
33 68
33 96
37 79
37 86
37 93
40 96
44 9
44 16
44 23
44 30
44 37
44 44
44 51
44 58
44 65
44 72
44 79
44 86
44 93
47 96
51 9
51 16
51 23
51 30
51 37
51 44
51 51
51 58
51 65
51 72
51 79
51 86
51 93
58 8
58 15
58 22
58 29
58 36
58 43
58 50
58 57
58 64
58 71
58 78
58 85
58 92
58 99
65 8
65 15
65 22
65 29
65 36
65 43
65 50
65 57
65 64
65 71
65 78
65 85
65 92
65 99
71 21
71 29
71 63
71 70
72 8
72 16
72 36
72 43
72 50
72 57
72 78
72 85
72 92
72 99
77 30
79 6
79 13
79 20
79 34
79 41
79 50
79 58
79 65
79 72
79 79
79 86
79 93
79 99
85 9
86 13
86 22
86 29
86 37
86 44
86 51
86 58
86 65
86 72
86 79
86 86
86 93
86 98
93 8
93 14
93 22
93 30
93 37
93 44
93 51
93 58
93 65
93 72
93 79
93 86
93 93
93 98
97 99
99 9
99 15
99 20
99 29
99 34
99 43
99 48
99 57
99 62
99 71
99 78
99 85
99 92
