119
0 0
1 22
1 31
1 90
2 83
3 53
3 60
3 75
5 66
6 22
7 11
7 28
8 2
8 14
8 44
9 36
9 57
9 77
9 88
12 0
12 54
12 89
12 98
13 62
13 81
14 3
14 10
16 36
16 65
19 1
19 44
19 58
20 64
20 87
22 10
24 29
25 20
25 55
25 76
26 5
26 87
27 34
29 11
30 29
31 97
34 43
34 63
35 0
36 21
36 37
36 56
39 98
42 84
45 66
45 82
46 34
47 13
48 26
49 61
50 2
50 8
50 93
51 85
54 33
55 42
55 75
56 3
57 10
57 16
57 48
57 64
57 95
59 24
61 38
62 28
63 50
65 46
66 84
66 99
67 55
69 75
72 8
72 41
72 44
72 53
74 62
75 98
76 49
76 89
77 32
77 61
77 79
78 19
78 42
80 4
81 31
81 81
81 99
83 71
83 76
83 86
84 11
84 28
84 60
85 14
85 35
85 40
88 67
90 18
90 96
91 4
92 32
92 48
92 62
92 83
93 88
96 58
99 75
99 81
