106
1 65
1 73
1 83
1 88
2 4
7 66
8 80
9 25
9 45
9 50
12 32
14 28
16 6
16 64
16 82
17 50
19 10
21 2
21 34
21 61
21 67
22 42
22 98
25 18
25 26
27 35
28 99
30 63
31 23
31 31
31 41
31 49
31 79
31 85
33 14
36 80
39 0
39 21
39 61
41 38
41 80
42 53
42 94
44 71
46 39
47 1
47 19
47 24
47 67
47 90
48 38
49 87
51 8
52 47
52 89
53 22
55 5
55 36
55 55
57 27
57 50
59 15
59 75
61 29
61 78
62 21
62 59
63 73
63 89
64 0
66 46
67 63
68 15
69 4
69 42
70 78
70 90
72 48
72 69
73 33
73 57
75 9
75 34
76 99
77 74
78 29
78 94
79 52
79 83
80 68
83 99
86 81
87 18
87 42
87 64
88 1
88 65
88 72
90 7
91 35
93 3
93 87
96 60
97 77
97 93
98 55
