196
4 28
4 42
4 56
4 70
5 33
5 75
5 85
5 89
6 6
6 13
6 97
7 18
7 46
7 60
11 28
11 70
12 44
12 93
13 12
13 84
14 4
14 18
14 32
14 46
14 53
14 60
14 74
16 98
20 75
20 99
21 5
21 11
21 18
21 25
21 40
21 47
21 53
21 60
21 67
21 82
21 88
22 33
26 97
27 75
28 5
28 11
28 20
28 25
28 33
28 39
28 47
28 53
28 60
28 67
28 81
30 89
32 84
34 33
35 4
35 11
35 19
35 25
35 39
35 46
35 53
35 60
35 68
35 74
35 98
37 92
40 92
41 98
42 4
42 12
42 19
42 25
42 32
42 39
42 46
42 54
42 61
42 67
42 74
42 81
46 28
49 4
49 12
49 18
49 32
49 39
49 46
49 54
49 61
49 68
49 75
49 81
51 93
51 99
55 92
56 5
56 11
56 18
56 26
56 33
56 40
56 48
56 53
56 60
56 67
56 75
56 81
56 95
61 93
62 19
63 5
63 11
63 25
63 33
63 39
63 53
63 61
63 68
63 74
64 47
65 82
65 97
70 4
70 11
70 18
70 25
70 33
70 39
70 46
70 53
70 60
70 68
70 74
70 88
70 98
72 84
77 4
77 11
77 18
77 25
77 32
77 40
77 46
77 54
77 61
77 74
77 81
77 91
79 71
79 98
84 4
84 12
84 18
84 25
84 32
84 39
84 46
84 54
84 61
84 67
84 76
84 81
85 93
85 98
91 4
91 11
91 19
91 39
91 46
91 53
91 60
91 67
91 81
92 26
92 37
92 93
93 79
93 97
98 4
98 11
98 33
98 53
98 60
98 82
99 19
99 26
99 41
99 47
99 68
99 79
99 93
99 99
