118
0 49
0 82
1 10
1 87
1 96
2 44
2 64
3 48
4 11
7 25
7 82
10 61
10 99
12 19
12 90
13 0
14 75
15 51
16 65
16 96
17 46
17 86
18 73
19 2
22 14
22 34
22 78
23 10
23 39
25 28
25 53
26 20
26 86
27 94
28 61
29 70
30 13
30 98
31 53
31 67
31 92
32 77
33 3
33 60
34 22
36 0
37 44
38 39
38 81
38 99
39 10
40 19
41 89
42 44
44 26
44 40
44 59
47 16
47 68
48 50
49 7
50 1
50 27
50 73
50 91
53 97
54 21
56 86
57 3
57 6
58 30
58 95
59 76
60 23
60 80
62 45
63 37
63 54
65 95
66 29
67 91
69 79
70 22
70 43
71 0
71 4
72 57
74 7
74 59
75 74
75 93
78 43
80 25
81 87
81 95
82 14
83 3
84 48
85 17
86 75
88 31
88 57
89 10
89 92
90 71
91 98
92 51
95 30
95 36
95 60
95 93
97 2
98 8
98 67
99 16
99 22
99 44
99 82
