118
0 0
0 48
1 14
2 91
4 53
5 46
6 14
6 29
6 40
6 58
6 79
7 86
8 80
10 70
11 14
11 39
11 64
13 4
13 28
14 74
17 23
17 59
18 11
18 41
19 46
20 83
23 35
24 18
25 93
26 67
26 75
28 97
29 47
29 56
32 12
32 65
33 41
34 84
34 98
36 55
36 77
37 8
38 21
38 68
39 42
39 89
40 73
41 26
41 98
44 8
44 14
44 38
45 20
45 59
45 81
47 74
47 93
48 15
48 64
49 34
51 44
51 51
55 59
57 46
60 1
60 37
61 10
61 27
61 83
63 56
66 1
66 62
67 85
67 99
68 10
68 28
69 13
69 51
69 70
69 76
70 79
71 20
71 39
73 27
74 5
76 23
77 29
77 51
78 67
79 56
80 36
81 3
81 13
82 44
83 75
84 46
85 29
85 83
85 95
86 59
86 65
87 7
87 39
88 73
91 15
91 23
91 85
91 99
92 58
93 32
94 65
96 55
97 74
97 85
98 26
98 54
99 16
99 60
