108
3 32
3 48
3 74
3 94
5 10
7 7
8 82
9 16
10 5
11 53
12 29
13 38
14 69
14 87
16 99
17 8
19 68
20 82
21 31
23 73
25 0
26 28
26 41
27 86
28 67
28 98
29 9
29 42
31 74
32 26
32 59
33 58
35 6
35 39
35 89
37 19
38 77
40 56
42 42
42 68
44 82
48 61
49 28
49 74
49 93
50 46
51 3
51 52
52 98
53 82
54 31
54 82
56 12
56 42
57 23
58 89
58 95
59 9
61 69
61 77
62 46
64 8
64 14
64 27
64 37
65 57
66 66
67 20
68 68
68 82
69 43
70 74
70 85
71 50
72 10
72 19
72 71
73 1
73 31
75 64
76 70
77 39
77 48
77 76
79 27
80 67
81 18
81 93
82 34
82 82
83 63
87 50
88 19
88 73
89 31
89 34
91 45
93 15
93 55
94 62
95 98
96 27
96 32
96 84
97 93
98 81
99 10
99 38
