115
1 50
1 55
2 0
2 36
2 64
3 17
3 94
4 31
4 70
4 78
5 93
7 3
7 48
9 12
9 73
10 56
12 0
12 91
13 27
15 8
15 44
15 60
15 76
17 25
18 84
19 40
19 95
20 46
22 10
23 98
24 32
24 43
24 64
24 71
27 9
27 26
28 69
28 82
28 98
29 57
31 30
31 48
31 64
32 78
32 87
33 25
34 84
35 44
37 51
39 0
39 10
41 20
41 24
41 76
41 80
43 56
44 38
45 1
46 86
47 7
47 63
47 70
48 21
49 12
49 43
51 37
51 70
52 61
54 14
54 89
55 27
55 56
58 54
60 1
60 34
60 81
63 16
63 25
64 90
65 35
65 72
66 66
67 82
69 11
72 50
74 35
75 33
76 7
76 45
77 23
77 99
78 22
78 29
78 94
79 74
82 38
83 6
83 52
83 85
85 71
86 87
88 27
89 13
89 39
90 2
90 57
92 27
93 68
94 94
95 41
96 12
98 41
98 50
99 24
99 64
