115
0 92
1 2
1 60
2 85
3 28
5 18
5 98
6 69
7 75
8 20
8 56
8 61
8 91
9 2
10 38
12 18
13 29
16 5
16 45
17 90
18 53
18 78
18 94
20 45
21 20
22 33
24 9
24 58
24 62
25 3
26 91
27 77
28 44
28 48
28 97
29 3
29 53
30 19
32 31
32 69
33 87
34 74
34 84
38 34
39 11
40 19
41 23
41 96
42 2
42 67
44 38
44 74
45 84
47 13
47 57
47 96
48 47
51 17
51 45
51 77
54 4
54 61
55 34
56 56
58 7
58 30
59 69
59 84
60 78
61 30
63 20
63 40
64 14
64 57
65 54
67 42
67 66
69 18
69 21
69 55
70 87
72 95
73 36
74 63
76 11
77 25
77 49
77 73
79 78
79 82
80 33
81 0
81 66
82 21
83 0
83 58
83 89
84 72
85 17
85 85
87 60
88 48
88 96
89 79
92 94
93 21
94 26
94 43
95 26
96 69
97 8
97 50
97 57
97 77
99 35
