100
1 2
3 3
4 86
5 72
6 49
8 43
8 58
12 31
13 90
14 35
16 46
17 17
17 27
17 63
18 94
19 83
20 55
21 49
22 77
23 33
26 96
29 35
29 55
30 7
30 49
30 82
32 26
33 21
34 41
35 52
35 59
35 99
36 17
36 69
40 85
41 92
42 72
43 13
43 56
44 7
44 48
45 34
45 39
46 27
46 84
49 43
49 90
49 96
50 20
51 61
51 68
54 99
58 14
58 24
60 65
60 81
61 10
61 80
62 29
62 35
62 71
63 99
64 44
64 46
65 85
66 52
67 30
69 10
71 24
72 39
73 88
74 16
74 60
74 82
76 65
76 74
78 9
78 43
79 88
80 51
80 96
81 33
83 61
83 72
84 47
85 27
87 76
88 12
88 19
88 49
88 99
90 64
93 47
94 93
98 33
98 52
98 61
98 85
99 28
99 66
