111
0 48
0 63
0 92
1 78
2 0
4 29
4 57
7 8
7 91
8 51
9 74
10 12
10 42
12 88
13 35
13 70
14 27
14 49
14 56
14 67
15 79
15 94
18 19
18 29
19 53
22 4
22 20
22 44
22 81
22 98
25 13
25 47
25 76
26 93
27 5
29 78
29 97
30 27
30 32
31 61
31 63
34 12
37 31
37 68
39 2
39 67
41 11
41 18
41 95
43 9
43 79
44 75
44 93
45 54
47 96
49 30
49 60
49 78
50 22
50 45
50 92
51 37
54 62
55 15
56 20
59 10
59 96
60 69
60 89
63 3
63 20
63 29
63 57
64 43
65 83
65 98
66 71
66 75
69 0
69 13
70 16
70 57
72 31
73 9
73 77
73 95
77 0
78 63
79 33
80 26
81 73
82 7
83 40
84 19
84 54
84 77
85 63
87 3
87 88
91 47
92 6
92 64
93 16
93 81
95 97
97 28
97 44
97 64
98 33
99 3
99 59
