112
0 1
0 24
0 38
0 75
0 96
2 70
2 91
3 15
3 35
5 68
5 74
5 75
5 95
6 22
7 0
9 72
11 64
13 48
14 6
14 21
15 73
15 98
16 60
17 54
17 92
20 38
21 45
21 65
22 8
25 42
25 49
25 92
26 86
27 17
28 24
29 77
29 97
31 57
31 86
32 8
32 32
32 92
35 21
36 50
38 36
38 57
39 83
40 13
43 9
45 1
45 21
45 62
48 15
48 91
49 52
49 75
50 27
50 87
51 43
52 37
54 6
55 25
55 74
55 87
56 17
57 96
58 43
58 69
60 6
60 51
61 78
62 3
62 63
63 13
64 75
66 21
66 37
66 89
70 99
71 68
72 55
72 64
73 25
74 14
76 89
79 34
79 50
79 93
81 63
81 89
82 13
82 26
86 57
86 62
88 98
89 66
90 7
92 20
92 86
93 31
94 14
94 47
94 61
96 1
96 88
97 25
97 72
99 1
99 2
99 39
99 80
99 98
