114
0 8
0 40
0 46
0 55
2 14
2 22
2 39
2 70
2 99
4 61
7 69
8 83
8 85
11 44
12 12
12 22
12 49
14 6
14 54
16 5
16 30
16 82
17 72
18 48
19 52
19 68
19 94
21 26
21 62
22 34
26 20
26 24
26 97
27 0
29 38
29 75
30 61
30 78
32 17
33 9
33 92
34 0
35 44
36 62
37 58
40 91
41 21
42 2
42 40
42 81
43 55
44 45
44 71
46 99
47 20
47 85
48 4
48 15
52 57
54 10
54 66
55 54
57 30
57 37
59 45
60 95
61 23
61 79
63 54
63 89
64 75
65 1
65 8
66 18
66 82
67 40
68 64
69 29
69 45
70 91
72 4
72 25
74 99
76 10
76 64
77 19
77 95
78 40
79 2
79 50
80 81
83 5
83 25
83 55
85 89
86 75
87 85
88 29
88 39
91 13
91 21
92 56
93 67
94 37
94 92
96 47
97 8
97 13
97 53
97 61
98 75
98 95
99 69
99 89
