110
0 64
1 83
1 99
2 35
3 56
5 15
6 17
6 41
6 77
7 49
7 58
7 86
12 2
15 98
16 87
17 28
18 67
19 35
19 68
20 43
21 14
21 51
21 82
22 42
22 57
24 87
25 10
25 28
25 52
27 3
28 14
30 78
30 93
31 59
32 28
32 75
33 24
33 43
33 66
36 8
37 42
38 45
38 58
40 37
41 8
42 62
43 1
43 86
44 92
45 67
46 77
48 83
50 9
50 20
51 51
52 31
52 46
52 66
53 43
53 66
54 16
55 35
57 3
59 71
59 97
60 63
61 31
62 48
63 82
64 1
65 10
66 24
66 32
68 68
68 71
70 10
70 53
73 35
74 64
75 97
76 45
78 83
79 59
80 11
80 30
80 48
81 98
82 68
84 75
85 25
85 54
88 5
89 17
89 47
89 69
90 99
92 91
93 2
94 24
94 33
94 81
95 40
95 97
96 10
96 76
97 95
98 1
98 18
99 26
99 81
