110
0 7
0 25
0 34
0 77
1 90
2 2
3 18
3 53
4 64
5 44
6 8
7 33
7 91
9 21
10 49
10 94
12 14
14 18
14 40
15 68
15 79
16 8
18 90
20 56
21 26
21 42
21 80
21 92
22 52
23 63
24 96
25 37
26 14
26 19
26 85
26 98
28 3
30 7
30 14
30 63
31 53
31 83
33 79
34 86
36 6
36 22
36 39
36 90
38 78
39 58
40 17
40 30
40 68
41 14
41 72
42 46
43 41
46 25
46 90
48 2
48 44
49 94
50 9
50 22
51 61
52 81
56 27
57 20
58 0
58 11
58 43
60 88
61 3
61 41
61 49
63 11
63 27
63 81
66 55
67 14
67 37
68 24
71 6
71 91
71 98
74 82
75 23
75 37
78 42
79 7
80 8
80 61
83 97
84 73
85 0
85 82
86 34
87 66
87 90
89 57
90 24
90 43
91 28
92 1
95 4
95 24
95 71
96 62
97 53
98 36
