112
0 0
0 23
1 14
2 28
2 93
3 68
3 77
4 64
4 96
8 39
8 85
9 78
10 15
10 57
10 97
12 22
13 56
14 71
15 7
16 47
17 32
18 58
18 91
21 53
22 77
24 23
25 36
25 85
27 14
27 96
28 21
29 3
29 59
29 75
30 44
30 67
31 78
32 59
33 13
33 51
33 83
34 32
35 8
36 64
36 96
38 24
38 76
39 1
39 63
39 89
40 53
43 16
43 78
43 92
45 42
46 37
47 33
47 53
48 65
50 68
51 26
51 79
52 2
52 42
52 92
53 54
55 0
57 11
59 20
59 60
59 73
60 27
60 91
65 55
66 84
66 90
67 16
68 8
69 28
69 33
70 17
73 6
73 75
74 24
76 63
77 35
78 55
80 96
81 89
82 40
82 53
84 7
85 68
85 78
87 64
87 91
88 37
88 98
89 1
89 64
91 30
93 20
93 45
94 78
95 40
96 13
96 57
96 61
97 5
97 31
97 94
99 29
