106
1 85
2 17
3 3
3 23
3 29
3 51
4 8
4 90
5 62
7 74
8 46
9 9
9 56
9 78
10 61
11 88
11 99
13 14
14 33
14 48
15 40
16 9
16 18
17 52
19 88
20 70
21 61
21 99
22 0
22 25
22 41
22 58
23 81
26 37
26 71
28 0
28 23
30 37
31 83
31 98
32 12
32 44
33 32
33 54
35 98
36 57
37 23
40 40
42 3
42 30
42 62
44 74
45 41
46 31
48 12
51 76
52 34
52 97
53 15
53 85
58 42
58 59
59 3
59 32
60 58
61 15
61 20
64 25
64 95
65 1
65 50
67 10
67 55
68 50
69 85
70 92
71 36
73 31
74 11
74 78
74 93
75 67
77 60
77 87
78 77
78 91
79 36
79 64
80 54
82 44
82 85
82 99
84 23
85 74
86 13
88 69
88 86
91 7
92 18
92 44
94 77
94 88
95 53
96 5
97 64
97 67
