109
0 46
0 54
1 36
1 85
2 63
3 10
4 19
4 87
5 5
5 69
5 83
5 97
6 63
7 31
8 24
9 40
9 54
9 84
11 91
12 36
13 44
16 4
16 97
17 50
19 22
20 43
20 59
21 73
22 57
23 0
23 7
24 76
25 61
26 90
30 67
30 97
31 41
31 56
31 78
32 1
34 37
34 48
36 39
36 89
36 92
37 1
37 15
38 47
38 97
40 21
40 74
41 7
41 65
44 7
46 22
47 40
48 27
50 76
52 51
53 55
54 35
55 67
58 21
59 4
60 58
60 59
61 76
62 67
62 84
63 6
64 28
65 75
67 21
67 42
68 14
70 7
70 49
70 62
71 5
72 29
73 16
73 64
74 75
76 11
76 42
76 86
77 19
78 90
79 30
80 66
80 71
81 2
83 20
84 56
86 7
86 9
88 73
88 84
90 47
91 24
92 57
92 64
93 2
93 28
93 42
94 10
95 78
96 41
99 97
