116
0 7
0 82
1 1
1 29
1 96
4 22
4 38
4 65
5 59
6 90
7 76
9 24
10 18
11 51
12 97
13 58
15 4
15 74
15 94
17 31
17 59
18 21
18 37
18 79
21 46
22 39
23 28
23 31
25 5
25 14
27 60
27 73
28 50
29 96
30 88
31 10
31 45
32 0
33 91
36 38
36 62
37 18
37 28
38 67
39 52
39 81
40 6
40 58
41 0
41 32
44 80
46 49
47 40
47 87
48 63
49 17
50 34
51 44
55 12
56 20
56 72
57 3
58 5
58 31
59 79
59 96
61 54
62 85
63 45
64 25
65 33
65 75
67 26
67 62
68 59
69 11
71 40
72 5
73 3
73 21
73 63
73 75
75 57
76 87
77 12
78 41
79 35
82 92
83 14
83 26
83 44
83 64
85 55
87 23
87 98
89 37
89 63
90 83
92 55
92 82
93 15
93 40
93 75
93 90
95 47
96 97
97 0
97 8
97 30
97 38
97 75
98 22
98 61
98 69
98 89
99 15
