109
0 0
0 8
1 90
3 48
3 84
4 18
4 33
4 65
6 28
7 31
7 42
7 54
7 75
8 99
9 21
11 64
11 89
14 53
17 9
18 57
18 75
19 45
20 25
20 35
23 82
24 9
24 48
24 53
25 19
27 30
27 66
28 39
28 93
29 4
29 71
30 49
31 72
32 80
33 9
33 20
34 40
34 66
37 20
37 48
37 86
37 97
38 43
38 57
40 10
43 60
43 77
46 53
47 39
48 4
49 22
50 17
50 44
51 0
52 50
52 91
53 26
53 70
55 61
56 13
57 34
57 82
58 6
59 83
59 95
60 53
61 92
62 45
62 70
62 73
63 66
65 12
65 15
67 89
68 3
68 98
69 94
70 29
70 44
71 14
72 36
72 63
75 14
75 18
75 79
76 90
77 65
78 54
78 96
81 61
81 82
82 42
83 25
84 42
84 81
86 90
87 11
89 63
90 53
90 74
92 60
94 73
95 93
96 95
98 37
