111
0 80
0 85
2 24
3 55
4 45
5 2
7 17
7 82
8 31
10 42
10 61
12 54
13 22
15 14
15 78
16 28
17 56
18 8
18 98
19 0
21 42
22 52
22 89
23 27
23 80
26 83
27 24
27 60
27 66
27 97
28 45
29 10
30 40
32 32
32 69
32 99
34 3
34 18
36 49
36 53
36 86
39 14
39 75
40 66
40 84
41 20
41 93
43 47
44 4
44 41
44 61
46 98
47 27
47 36
50 48
51 54
53 6
55 59
55 94
56 16
56 25
57 47
58 67
59 91
60 38
61 86
62 19
63 3
63 74
63 82
64 68
65 28
66 36
66 42
69 90
70 20
71 35
71 61
72 6
76 16
76 42
76 77
78 21
78 64
78 84
79 0
80 32
80 99
81 41
83 70
84 17
85 27
87 60
87 98
89 10
89 87
90 13
91 72
92 52
92 81
93 13
94 27
94 30
95 38
96 41
97 66
97 82
97 88
98 74
99 0
99 52
