113
2 68
2 91
3 6
3 47
3 87
4 1
7 31
7 49
7 77
8 45
8 85
10 57
10 73
11 63
12 17
12 21
13 96
16 85
17 31
17 51
19 12
19 47
20 79
21 7
21 74
22 57
23 65
24 29
25 6
25 40
25 45
25 60
27 66
27 91
31 49
32 10
32 24
32 76
33 40
33 64
34 3
34 32
34 96
37 13
38 52
38 81
40 87
41 24
43 69
45 78
46 4
46 36
46 49
46 54
49 61
49 73
50 13
52 86
53 44
54 38
55 6
55 99
56 68
57 80
58 29
60 22
62 53
63 23
63 68
64 5
64 64
65 24
65 41
66 85
68 7
69 57
69 82
70 15
70 29
70 94
71 19
71 87
72 71
73 47
74 35
75 81
76 56
78 10
78 42
79 23
80 83
81 33
82 3
83 52
86 9
86 27
88 12
88 66
88 98
90 18
90 45
92 5
92 9
92 44
92 69
93 78
94 36
95 2
95 63
96 84
97 13
97 92
99 52
