105
0 29
2 18
3 58
5 47
5 75
6 43
6 84
7 57
7 80
8 10
10 17
10 39
10 96
11 75
13 24
15 93
16 64
17 32
19 81
22 40
24 61
25 19
25 76
26 11
26 61
26 92
27 29
27 50
28 69
28 79
29 21
29 98
33 37
34 53
34 70
34 91
36 80
39 27
39 46
40 9
41 11
41 87
42 94
43 37
43 78
45 20
45 91
48 52
49 40
50 73
52 20
54 27
55 89
56 67
57 42
57 58
59 75
61 78
62 10
62 33
63 27
63 47
64 37
65 48
65 73
65 94
66 81
67 10
67 66
68 74
69 24
70 26
72 13
72 81
73 54
74 37
74 50
74 93
75 69
76 10
80 18
80 85
80 94
81 30
82 45
82 58
83 40
84 76
85 41
85 92
86 60
87 28
87 49
87 90
88 13
91 73
92 11
93 90
94 25
95 21
95 37
96 82
97 53
97 58
98 65
