111
0 21
0 52
0 87
1 38
1 45
2 68
3 73
4 54
6 5
7 30
7 46
7 92
8 99
10 11
10 72
11 27
11 86
12 10
14 51
15 1
15 18
15 37
16 34
16 59
21 2
21 14
22 64
22 95
23 19
23 49
24 33
24 76
25 95
25 98
26 90
28 49
29 17
30 2
30 63
31 28
31 77
33 68
33 93
34 16
36 86
37 47
40 93
42 61
43 20
44 34
44 68
45 37
46 0
46 75
47 27
47 95
48 48
49 33
51 50
51 81
51 89
52 13
54 7
55 51
57 60
58 16
58 21
58 92
59 68
60 37
60 79
61 60
61 64
61 85
62 30
62 99
64 74
65 3
66 34
66 93
68 17
68 79
71 95
72 48
74 22
74 75
77 44
77 82
79 0
80 7
80 88
83 5
83 48
84 62
85 40
85 56
88 2
88 87
88 95
89 21
89 61
93 55
93 96
94 2
94 28
95 74
95 81
98 46
98 64
99 47
99 78
