103
0 25
1 48
3 34
4 27
4 68
5 43
8 23
8 94
9 89
10 8
11 80
12 52
12 79
14 3
15 13
15 71
16 36
16 66
18 92
19 89
22 62
22 96
23 2
23 55
23 71
24 16
24 38
25 25
26 81
28 11
30 61
31 34
31 50
32 49
32 71
32 87
33 35
35 19
38 5
38 26
39 58
39 95
40 43
40 64
40 97
41 75
43 54
45 24
45 64
45 79
48 95
49 16
50 6
52 26
52 48
52 66
52 82
53 37
56 49
56 55
56 68
59 6
61 37
61 83
63 55
64 86
65 17
66 6
67 15
67 67
69 43
69 76
70 36
70 52
71 23
73 55
75 86
77 47
77 56
78 33
78 63
79 36
80 39
80 91
82 17
83 9
85 20
85 64
86 1
86 66
87 81
87 91
88 13
90 78
91 57
94 4
94 30
95 28
95 34
95 42
95 59
97 51
99 84
