112
0 5
0 98
2 48
3 38
3 60
3 83
5 27
5 42
6 5
6 22
7 95
8 49
8 89
10 8
10 29
11 68
11 98
13 40
13 75
14 4
16 24
17 14
19 19
19 69
19 92
20 0
22 37
22 62
23 70
23 86
25 35
25 75
25 99
26 6
26 26
29 54
29 83
30 20
33 64
33 70
33 91
34 36
34 44
37 15
38 23
38 96
39 74
39 82
40 14
42 33
43 65
45 52
46 38
48 87
49 24
51 4
51 19
52 1
52 63
54 13
55 4
55 61
55 97
56 21
56 38
56 50
56 84
57 89
58 7
61 28
62 65
64 21
65 12
66 51
68 41
69 3
69 7
69 28
70 20
70 31
72 57
72 99
73 72
74 16
76 25
77 2
78 74
78 93
79 41
79 53
80 64
81 48
82 20
83 39
83 83
84 67
85 86
86 56
89 11
90 79
91 51
93 27
93 45
93 57
93 81
95 9
95 22
95 68
96 2
96 96
97 85
98 32
