89
0 30
0 63
1 14
1 76
2 34
2 82
3 44
4 48
4 90
5 9
5 15
5 23
6 97
7 34
7 83
8 77
9 20
9 69
9 98
11 60
12 55
14 35
14 61
14 91
15 16
15 71
16 30
16 46
16 53
16 99
17 57
17 75
18 69
19 19
20 27
20 89
21 42
21 71
22 33
22 77
25 96
26 27
26 43
26 50
27 58
27 65
29 91
30 31
30 73
30 96
33 82
34 65
34 79
34 94
35 39
35 59
36 54
36 73
37 47
37 99
39 84
45 55
45 79
46 97
47 88
48 63
48 86
50 53
50 72
53 60
53 67
54 74
57 88
59 66
60 94
61 80
62 80
64 73
66 89
67 65
67 98
69 73
74 93
75 86
76 99
81 89
84 97
89 91
92 98
