107
0 23
1 9
1 85
2 61
2 78
3 29
3 43
3 98
5 65
7 67
8 22
9 85
10 41
11 76
12 14
12 88
13 58
14 21
14 78
15 5
15 30
15 49
15 93
18 8
22 96
23 10
23 18
25 46
27 2
28 29
30 24
32 18
32 56
32 75
33 43
33 97
36 62
37 5
38 84
38 97
39 12
40 34
41 2
41 96
43 39
43 72
44 18
46 34
47 7
48 61
48 65
48 83
48 90
49 46
50 26
51 80
52 40
52 48
53 11
53 72
55 21
56 3
56 32
56 68
57 59
58 82
59 97
60 67
61 73
62 7
64 33
65 29
67 4
67 15
67 58
67 95
68 67
68 90
69 47
70 3
71 27
71 31
71 79
72 35
73 59
73 79
74 20
74 91
80 49
80 54
81 13
81 74
81 87
82 29
83 69
84 8
84 38
86 53
87 79
88 82
89 91
92 64
93 26
95 42
96 78
98 19
98 52
