112
0 16
0 25
0 42
0 80
2 58
7 52
7 75
8 14
8 28
8 79
10 95
11 43
11 57
12 87
13 21
15 74
16 47
17 26
20 12
20 64
20 69
21 51
23 11
24 31
24 66
24 75
25 51
25 87
28 96
30 16
30 31
31 15
31 82
33 72
34 61
35 41
36 2
37 83
37 92
38 5
40 26
40 47
40 88
42 66
42 95
44 35
44 60
44 73
48 12
49 89
51 17
51 51
51 96
52 44
53 4
54 29
54 56
55 71
56 37
57 84
58 90
62 8
62 75
62 97
63 87
64 67
65 21
65 59
66 26
67 16
67 50
67 78
68 9
71 67
72 96
73 35
74 19
74 58
74 81
75 45
76 64
78 28
80 39
80 93
81 59
81 85
83 4
84 48
85 3
85 90
86 71
87 16
87 24
87 62
88 59
88 94
89 54
90 77
90 85
91 5
91 67
91 97
93 16
93 34
94 42
94 53
95 73
97 22
97 85
98 3
98 46
98 58
