96
0 84
1 8
1 98
4 3
4 17
4 32
5 93
8 40
8 65
8 97
9 17
11 7
12 49
12 62
12 69
14 78
14 84
15 4
16 15
16 53
17 24
17 47
18 33
19 1
19 7
20 18
20 92
21 71
22 97
23 40
24 23
26 60
26 76
27 95
28 20
28 26
28 46
28 67
29 5
29 84
30 36
32 29
33 46
34 99
35 89
37 15
37 85
38 36
40 38
40 59
43 7
44 89
46 31
46 74
47 5
47 14
47 20
48 96
49 60
50 48
53 23
53 68
55 37
55 42
56 56
61 8
61 22
61 70
63 56
65 95
66 2
67 67
68 5
68 47
69 69
72 78
73 92
74 54
75 13
75 18
78 3
78 88
81 77
84 47
85 84
85 89
88 69
89 19
92 45
93 92
95 78
96 35
98 49
98 96
99 32
99 92
