113
0 7
0 78
0 87
1 11
1 39
3 32
4 25
5 60
6 56
6 86
7 94
9 73
10 8
10 39
10 43
10 78
11 24
12 64
14 2
14 27
14 32
14 34
16 17
16 50
16 69
16 74
19 33
19 84
21 19
21 61
22 46
23 7
24 27
24 65
25 54
27 70
28 20
29 95
30 69
31 33
31 85
33 38
34 31
34 49
34 52
35 9
35 91
36 2
36 57
36 69
37 27
37 92
39 22
39 79
40 48
45 10
45 35
45 43
47 61
48 80
48 98
50 54
50 72
52 4
52 20
52 41
52 90
53 9
53 77
55 28
55 69
57 12
58 37
59 82
63 5
63 51
64 42
65 23
66 18
68 5
70 49
71 25
71 77
72 41
73 81
74 6
75 96
76 18
76 61
77 36
77 55
78 49
78 91
82 10
82 27
83 98
84 7
84 13
84 37
84 58
86 91
87 68
89 48
90 20
90 85
91 35
91 80
94 10
94 53
95 70
97 31
98 42
98 58
