104
0 2
0 10
0 18
0 29
0 53
0 61
1 38
1 86
1 94
2 26
2 46
2 70
2 78
8 25
8 62
8 94
9 46
9 54
10 37
10 70
10 77
10 85
11 30
12 2
12 10
12 18
28 10
28 18
28 50
28 54
29 26
29 34
30 1
30 42
30 69
30 85
30 94
32 62
32 78
38 10
39 2
39 26
39 54
40 17
40 61
40 85
40 94
41 34
41 46
41 78
42 42
42 70
48 26
48 54
49 62
49 70
50 2
50 46
50 77
50 85
51 10
51 18
51 94
52 34
52 42
58 42
58 50
59 34
59 54
59 70
60 1
60 61
60 77
60 85
60 93
61 10
61 26
62 18
68 2
69 54
70 10
70 26
70 33
70 45
70 61
71 18
71 94
72 42
72 70
72 78
72 86
88 18
88 42
89 34
89 54
90 1
90 25
90 62
90 69
90 77
90 93
91 10
91 46
91 86
