105
0 31
1 23
1 63
2 2
2 7
3 90
4 26
4 48
5 74
8 4
8 12
8 45
9 23
10 51
10 79
11 93
12 64
12 87
13 11
13 37
13 78
15 68
16 98
18 14
18 28
19 46
20 61
22 31
23 55
24 47
24 80
25 20
25 27
25 64
25 94
27 13
27 34
28 83
29 62
29 73
32 6
32 78
32 96
37 35
38 3
39 43
39 63
39 74
39 96
40 19
40 52
41 33
43 67
47 7
47 15
47 92
48 34
52 85
54 20
54 62
57 34
57 58
57 75
58 44
58 72
58 82
59 23
61 61
63 16
65 36
67 69
67 99
68 34
68 55
68 85
70 8
71 3
71 63
73 26
74 48
74 68
75 33
75 94
79 37
82 48
82 97
85 5
85 77
86 62
86 82
87 25
88 9
89 91
89 99
90 28
91 11
92 43
92 69
93 38
93 83
96 52
97 92
98 30
99 68
99 71
