107
0 20
0 76
0 80
1 2
2 29
2 57
2 86
4 43
5 34
5 96
6 53
8 6
9 58
10 15
10 91
11 75
13 70
14 37
15 0
15 74
15 79
15 92
16 54
16 60
18 45
19 36
20 51
21 4
21 13
21 86
24 47
24 93
25 79
26 23
27 0
28 65
32 43
32 75
33 28
34 60
35 35
35 69
35 83
37 21
38 91
39 45
40 21
41 0
41 5
42 86
43 71
47 4
48 62
49 13
50 60
51 45
51 65
52 31
52 76
53 27
54 98
55 4
56 83
57 73
57 80
58 48
59 59
62 28
64 96
66 14
66 81
67 53
67 67
68 11
70 86
72 8
73 51
73 66
74 74
74 81
74 88
77 0
77 23
77 60
78 37
78 93
80 37
80 67
81 77
81 87
84 25
89 11
89 62
89 92
91 4
91 19
91 43
92 75
94 55
95 48
96 34
96 82
96 93
97 18
97 60
99 1
99 22
