106
1 53
1 58
1 63
1 68
1 73
1 98
2 53
2 58
2 63
2 68
2 73
2 78
2 82
2 83
2 87
2 88
2 92
2 93
2 97
3 73
4 96
5 96
6 96
7 96
7 97
8 96
9 96
10 96
11 96
12 96
12 98
13 96
14 96
15 96
16 96
17 96
17 98
18 96
19 42
19 96
20 96
21 96
22 37
22 96
22 98
23 96
24 42
24 96
25 37
25 42
25 96
26 96
27 96
27 98
28 96
29 96
30 96
31 96
32 11
32 96
32 98
33 96
34 96
35 96
36 96
37 19
37 96
37 98
38 96
39 2
39 96
40 96
41 96
42 96
42 98
43 96
44 96
45 96
46 6
46 22
46 96
47 98
48 28
50 3
57 35
60 39
67 46
67 69
68 2
68 28
70 32
72 52
72 65
72 70
78 58
79 69
81 25
81 31
83 63
86 30
87 0
90 68
93 2
93 73
98 78
99 1
