111
0 24
0 56
0 81
1 95
4 8
4 27
4 52
5 35
8 25
8 68
9 44
9 95
10 34
10 86
11 42
11 62
15 29
15 77
15 83
17 56
19 12
19 69
19 91
21 16
21 25
21 76
22 5
22 50
22 61
23 45
23 91
24 51
26 96
27 37
30 59
31 1
31 26
31 93
32 28
33 8
33 72
34 19
34 53
38 52
38 66
38 72
39 25
41 13
41 55
41 88
42 95
44 66
46 3
46 33
46 50
48 62
50 78
51 91
52 3
52 28
52 39
53 66
53 93
54 12
55 1
56 78
57 17
57 81
59 10
59 51
59 72
60 38
60 89
61 59
62 31
62 76
64 23
66 53
67 2
67 43
70 16
70 62
71 12
71 40
72 57
73 6
76 43
76 47
76 82
79 0
79 92
81 14
81 70
81 83
83 39
83 79
83 89
84 57
85 25
87 70
89 80
89 98
90 47
92 32
94 30
95 86
96 63
96 77
98 0
99 22
99 41
