115
1 0
1 34
2 28
2 48
2 89
3 12
3 36
4 50
4 63
4 95
11 3
11 28
11 59
13 41
13 79
18 7
18 10
18 22
19 49
20 17
20 24
20 41
21 31
21 61
21 83
21 97
22 71
23 1
23 82
24 93
24 96
25 16
25 35
25 68
29 9
29 27
30 70
30 82
33 4
33 18
33 95
34 20
34 39
36 52
38 72
40 8
40 26
40 44
41 75
43 5
44 26
44 87
45 40
46 12
46 90
48 56
49 40
49 66
49 98
50 11
52 51
53 1
54 60
54 80
55 95
56 71
56 90
59 14
61 46
62 6
62 23
62 90
62 97
63 69
64 35
65 1
65 33
65 83
66 8
69 48
70 14
70 93
71 82
72 58
73 11
73 69
74 67
75 36
75 77
77 25
78 60
78 80
79 3
79 95
80 51
81 30
81 88
82 78
83 21
84 2
84 13
84 89
85 42
86 70
88 42
89 46
90 16
90 27
90 64
94 85
95 74
96 78
97 9
97 45
99 34
