113
0 7
0 15
0 24
1 14
1 46
2 17
2 78
3 0
3 95
4 60
4 84
5 41
7 28
8 14
9 95
10 16
10 21
11 30
12 72
12 93
13 39
14 61
15 9
15 28
15 80
16 91
19 3
21 55
22 8
22 94
23 34
23 88
24 22
24 32
24 49
24 81
27 74
29 43
30 18
31 36
32 77
33 25
33 89
34 43
34 65
34 94
35 7
36 57
36 74
39 41
39 59
39 85
40 19
41 47
41 98
42 91
45 17
45 43
46 8
48 23
48 30
48 52
48 81
49 5
50 65
50 96
51 10
51 46
52 57
53 0
56 35
57 49
57 96
58 19
58 89
60 24
60 72
62 65
63 13
63 41
63 56
64 95
67 11
67 80
68 73
68 86
69 42
73 30
73 53
73 77
73 85
75 10
75 38
76 1
76 22
77 59
78 29
82 54
83 73
84 22
84 87
87 3
90 30
91 36
91 44
91 62
91 93
93 12
93 89
96 59
96 80
97 86
98 25
