113
0 9
3 75
4 14
4 22
4 69
4 98
5 52
6 14
6 31
6 46
8 75
9 45
11 1
11 63
14 16
14 69
14 89
15 29
16 11
17 63
17 80
18 41
18 98
19 55
23 25
23 43
24 55
24 73
25 2
26 20
26 37
26 66
26 85
26 94
28 96
30 27
31 8
31 21
31 44
31 51
35 61
36 1
36 41
36 53
36 88
37 84
38 28
38 64
38 70
38 92
40 15
43 9
43 54
44 37
47 20
48 61
48 92
49 3
49 32
49 56
49 70
50 44
50 79
51 74
55 45
56 52
57 61
58 4
59 36
59 58
59 79
60 31
60 43
62 95
63 83
64 75
66 0
66 8
66 31
68 65
70 50
71 18
72 73
72 97
73 38
73 47
73 56
74 25
75 9
75 41
76 90
80 97
82 22
82 52
82 59
83 79
84 3
84 47
85 11
85 36
86 72
88 26
88 32
88 65
91 11
92 36
93 53
94 82
96 67
98 2
98 22
98 53
99 77
