108
0 25
0 52
4 77
6 14
6 30
9 0
9 52
10 90
11 34
13 1
13 64
13 73
13 80
14 48
15 27
18 66
19 86
20 10
21 61
22 14
22 61
23 52
26 28
26 36
27 78
29 11
29 96
30 58
31 0
34 37
34 98
35 4
36 46
36 66
36 71
36 90
38 55
40 23
41 20
43 48
43 95
44 9
44 24
44 71
46 90
47 14
47 57
47 81
49 38
49 73
51 58
52 36
53 53
53 91
54 77
55 0
55 20
55 30
55 69
56 54
57 61
59 23
59 34
61 16
61 47
62 93
64 2
65 65
65 73
66 30
67 49
68 13
68 45
72 1
72 64
74 85
75 18
76 97
77 16
77 28
78 0
78 59
79 4
79 36
81 76
82 15
83 84
84 43
84 51
85 22
88 48
88 69
89 78
89 83
90 34
90 50
91 20
92 4
92 64
94 27
95 95
96 11
96 72
96 90
97 1
98 35
98 80
98 95
