202
0 6
0 20
0 27
0 34
0 41
0 48
0 55
0 69
0 76
0 83
0 90
0 97
2 16
4 15
4 63
5 0
5 19
5 26
5 33
5 40
5 47
5 54
5 68
5 75
5 82
5 89
5 96
12 14
12 35
14 3
14 8
15 65
16 30
16 44
16 51
16 58
16 72
16 79
16 86
16 93
17 23
19 1
19 33
19 40
19 47
19 61
19 68
19 75
19 82
19 96
20 54
20 89
23 7
23 14
23 21
23 28
25 14
25 21
25 35
26 7
26 28
26 42
26 49
26 56
26 63
26 70
26 77
26 84
26 91
30 4
33 5
33 19
33 26
33 33
33 40
33 47
33 54
33 68
33 75
33 82
33 89
33 96
34 12
39 35
39 49
40 7
40 14
40 21
40 56
40 63
40 70
40 77
41 28
41 42
43 4
47 1
47 5
47 12
47 19
47 26
47 33
47 40
47 47
47 61
47 75
47 82
47 89
47 96
48 54
48 68
58 4
58 11
58 18
58 25
58 32
58 39
58 46
58 53
58 60
58 67
58 74
58 81
58 88
58 95
64 5
64 58
65 15
65 22
65 29
65 36
65 43
65 50
65 64
65 71
65 78
65 92
65 98
71 45
71 59
71 87
72 3
72 10
72 17
72 31
72 38
72 66
72 73
72 80
72 94
73 24
78 50
79 0
79 8
79 22
79 36
79 43
79 57
79 64
79 71
79 78
79 98
80 29
80 85
85 4
85 52
85 59
85 80
86 10
86 17
86 32
86 38
86 46
86 66
86 74
86 88
86 95
91 95
93 0
93 9
93 16
93 23
93 30
93 37
93 44
93 51
93 58
93 72
93 79
93 86
93 89
97 32
97 81
97 88
99 3
99 17
99 24
99 38
99 45
99 52
99 60
99 66
99 73
