111
0 18
0 70
0 90
1 56
2 21
2 42
3 28
3 61
4 1
4 5
4 85
4 94
6 37
8 6
9 20
9 68
10 60
11 99
12 1
15 50
16 74
18 10
18 72
18 93
19 44
20 15
20 30
20 58
23 79
25 53
26 5
26 37
27 37
30 5
30 30
30 72
32 17
32 67
32 82
32 91
33 24
35 3
35 49
37 71
37 91
39 51
40 29
40 87
42 22
43 0
43 15
43 37
44 8
45 73
47 29
47 81
49 50
49 99
50 34
51 77
52 12
52 60
54 44
55 24
55 95
56 68
56 83
57 30
58 10
59 16
59 89
60 0
60 72
61 49
61 64
61 82
62 44
63 97
64 68
65 6
70 84
71 24
71 98
72 9
73 60
73 84
75 54
76 0
77 14
78 22
78 55
80 36
80 73
80 83
85 51
86 37
87 66
88 17
88 32
88 86
89 80
92 24
92 75
93 2
93 10
93 59
93 65
93 96
94 79
94 85
96 41
