121
0 68
0 84
0 92
1 6
1 36
3 53
3 98
4 22
6 71
7 60
9 0
9 18
9 36
9 54
10 43
12 76
13 90
14 55
15 41
15 67
17 83
18 17
18 93
19 8
19 31
20 64
20 88
23 3
23 54
24 25
25 41
26 74
26 77
27 9
27 33
27 61
28 1
28 20
28 27
28 92
30 45
32 68
32 77
34 14
37 46
37 62
38 52
39 2
39 85
40 23
43 2
43 90
44 99
45 66
47 20
47 25
49 10
49 48
51 72
52 38
53 67
53 79
54 17
54 33
55 51
55 77
56 43
57 34
58 25
58 90
58 96
59 99
60 0
61 21
62 63
63 5
63 53
64 16
65 95
67 15
67 31
68 20
68 34
68 71
69 50
69 77
70 85
71 45
72 3
72 98
74 80
74 89
75 74
77 4
77 59
80 49
82 17
82 32
82 99
83 61
85 10
85 23
86 46
86 92
87 32
88 76
90 80
91 0
93 94
94 7
94 73
95 24
96 35
96 38
96 81
98 18
98 62
99 0
99 7
99 83
99 99
