117
1 98
2 9
2 22
2 68
3 36
4 17
4 25
5 96
6 45
6 80
7 85
8 10
8 64
9 48
10 38
11 57
12 20
12 30
14 4
14 15
17 80
18 98
20 44
20 60
21 54
22 18
22 73
22 85
24 5
24 24
25 15
25 78
29 71
30 8
30 34
30 61
32 54
32 58
34 14
34 92
35 21
35 27
35 63
35 96
38 49
38 85
40 37
41 7
42 27
42 41
43 2
44 71
46 61
47 93
48 96
49 20
49 27
49 57
50 9
50 15
50 39
51 2
51 47
52 57
52 78
53 34
54 11
55 24
55 87
57 79
57 92
61 7
62 70
63 24
63 39
63 54
64 68
65 83
66 93
68 76
69 63
70 61
71 14
72 69
73 39
76 85
77 98
78 68
81 19
82 79
83 50
84 0
84 25
85 36
85 75
86 60
86 97
87 46
88 31
89 15
90 23
90 68
91 61
91 81
91 87
92 92
93 6
93 50
95 2
96 18
98 27
98 36
98 55
98 64
98 89
99 42
99 96
