112
0 6
0 24
2 46
2 54
2 67
3 28
4 76
5 53
5 96
6 14
6 34
6 43
7 28
7 73
8 2
8 19
11 78
11 92
13 25
13 82
14 11
15 39
15 54
16 28
20 19
20 93
22 68
23 0
24 41
25 10
27 64
27 91
28 60
29 23
30 31
30 49
30 89
31 2
31 66
32 31
33 42
34 15
34 95
35 67
36 22
36 47
37 12
37 55
40 89
42 35
42 48
47 79
49 50
51 6
53 58
54 40
54 44
55 67
55 80
56 67
56 93
57 46
58 21
58 35
60 56
60 96
61 2
61 58
62 7
62 75
63 78
64 35
64 48
66 12
66 94
67 22
67 70
68 89
69 42
70 8
70 22
70 26
70 58
72 13
75 2
75 30
76 39
76 51
77 86
78 46
78 80
80 69
83 25
84 16
86 92
87 68
88 18
88 32
88 72
89 46
90 3
91 10
92 13
92 94
93 32
93 54
95 27
96 13
96 77
97 63
97 83
98 43
