116
1 94
2 65
2 70
3 51
6 2
6 85
7 33
7 96
9 19
10 7
12 76
13 35
13 98
14 55
16 13
17 55
17 79
17 96
20 47
23 75
23 82
26 10
26 40
26 42
26 56
26 74
28 6
28 19
28 96
30 51
31 59
32 12
32 43
34 22
35 66
36 78
41 4
41 11
42 70
42 85
43 78
44 42
46 7
46 23
46 34
47 16
47 50
48 60
48 80
52 54
53 75
54 42
54 70
54 94
55 22
55 38
56 59
57 29
57 51
58 54
58 79
58 90
59 41
59 75
59 97
60 59
60 64
62 5
62 12
62 87
63 19
64 34
66 63
66 74
67 24
67 94
70 12
70 47
72 58
72 64
73 7
73 28
74 2
74 24
74 43
74 71
74 82
77 60
77 95
78 21
78 53
81 2
81 97
83 77
85 11
85 22
85 39
85 46
85 90
86 63
86 97
88 35
89 23
89 71
92 35
92 48
93 5
96 11
96 45
96 96
97 38
98 90
99 21
99 30
99 54
99 63
