118
0 13
0 46
0 89
1 10
2 93
3 82
4 33
5 37
6 56
6 68
7 9
7 48
8 25
8 76
8 78
9 32
11 66
12 17
13 72
13 90
14 9
17 40
18 81
18 97
20 2
21 8
21 54
21 68
23 18
24 33
24 40
26 49
26 63
26 85
27 55
28 10
28 29
28 34
29 12
29 23
29 93
30 0
31 44
32 94
33 27
34 51
35 82
36 17
37 39
38 1
38 8
39 63
40 56
40 66
41 50
42 17
42 81
42 91
44 39
44 45
48 45
49 19
51 0
52 28
52 55
52 96
53 49
54 37
54 82
55 71
57 6
58 13
61 6
61 38
61 93
62 59
62 68
64 80
64 87
64 99
65 7
65 30
67 8
68 59
68 96
70 21
71 51
71 61
71 82
72 71
72 90
73 1
75 13
76 20
76 39
76 61
76 94
76 98
81 16
81 62
82 50
82 80
83 33
83 68
87 7
87 42
87 58
87 63
87 91
88 72
90 50
94 13
94 45
94 82
95 31
98 22
98 42
99 91
