116
0 33
0 38
0 52
1 10
1 59
1 81
2 24
2 96
5 19
6 65
6 81
7 5
7 30
8 38
9 46
10 23
11 61
13 68
14 51
15 69
16 43
17 83
19 15
20 55
20 64
21 9
22 0
23 30
23 48
24 24
24 81
25 95
26 38
27 71
28 52
29 14
30 38
30 68
31 24
33 10
33 88
37 47
39 27
39 96
40 82
41 6
42 24
42 48
43 12
44 64
45 34
45 42
45 79
46 56
48 11
48 20
49 83
51 36
51 64
51 92
53 26
53 75
54 16
55 4
55 30
55 89
58 0
58 10
59 37
59 45
60 52
60 60
61 74
62 22
64 17
64 42
65 48
65 99
66 88
68 20
68 24
68 80
69 73
70 63
70 95
72 3
73 44
73 53
74 35
74 81
76 7
78 14
78 30
78 38
79 52
79 76
79 98
82 32
82 86
83 70
84 11
84 97
87 17
87 64
88 40
89 45
89 88
90 78
92 24
93 54
94 10
95 46
96 38
96 91
97 28
97 74
