115
0 25
0 81
1 89
2 14
2 61
3 37
4 10
4 45
5 43
5 71
6 97
7 29
8 8
8 76
9 94
10 15
11 49
11 56
12 99
13 31
13 70
14 0
15 76
18 19
18 50
18 89
22 5
23 27
23 84
24 90
25 19
25 41
26 62
27 47
28 68
30 85
31 4
31 28
32 15
32 23
33 90
34 70
34 75
35 37
35 45
36 51
36 99
37 80
38 2
45 99
47 16
48 78
48 82
49 71
50 23
50 38
50 97
53 0
53 47
53 57
53 92
54 62
55 32
55 39
59 97
60 70
61 4
62 11
62 58
62 65
62 81
62 88
63 32
64 43
65 22
65 49
65 84
66 7
66 99
68 2
68 57
69 34
70 25
70 93
71 44
73 79
74 98
75 20
76 61
79 13
79 31
79 44
79 46
79 81
80 65
81 75
81 84
82 79
83 8
85 60
87 81
89 54
90 13
90 95
91 5
91 35
92 20
97 76
98 21
98 93
99 1
99 7
99 43
99 59
99 65
