115
0 30
0 93
1 4
2 37
2 48
3 21
3 83
5 37
5 62
6 78
7 10
7 99
9 66
9 69
9 90
10 25
10 54
12 46
14 13
14 60
19 32
20 17
20 64
24 50
25 2
25 42
26 93
26 96
27 26
28 77
29 24
29 55
29 61
30 29
31 7
31 37
33 2
33 47
35 67
35 98
36 99
38 14
38 22
38 59
39 86
41 50
41 71
42 2
42 82
43 15
44 23
44 85
45 40
47 19
47 47
48 94
49 2
51 21
51 40
52 9
52 47
52 70
53 25
55 61
57 5
57 91
58 51
58 72
58 76
59 7
60 30
60 63
62 38
62 50
64 90
65 83
65 89
66 16
66 32
67 95
68 43
68 50
68 59
70 18
71 33
76 38
76 89
77 6
78 22
78 93
79 51
79 68
80 42
80 85
81 28
82 81
83 60
83 76
84 5
85 11
86 48
86 92
90 51
91 24
91 67
92 0
93 14
93 87
94 38
94 45
95 19
95 54
96 20
97 32
98 93
