118
0 79
2 90
3 13
3 22
3 28
3 36
5 1
5 53
6 40
7 96
8 58
9 19
11 34
12 70
12 94
14 25
14 79
15 49
15 87
15 98
16 15
16 67
19 22
19 32
20 87
21 31
22 8
23 82
25 53
25 94
26 16
27 73
29 31
30 50
30 56
31 12
31 26
32 39
32 78
33 94
33 98
34 25
34 43
36 53
38 10
39 47
39 78
39 98
40 69
41 42
41 94
43 57
43 89
44 18
45 38
45 64
46 33
47 9
47 38
47 78
48 54
49 94
50 66
51 20
52 64
53 67
54 26
54 93
55 15
55 35
55 39
55 50
57 5
58 10
59 27
59 70
59 78
63 20
64 64
65 44
67 17
68 94
70 18
70 85
72 28
72 49
73 37
75 41
75 72
77 55
78 8
80 57
81 35
81 64
82 14
82 98
85 22
85 80
85 86
86 36
86 60
86 72
88 39
89 52
91 40
92 72
92 83
94 24
95 9
95 51
96 93
97 3
97 37
97 72
97 79
98 15
99 14
99 30
