99
2 2
3 28
4 10
5 18
10 31
13 7
15 42
16 12
17 19
17 27
17 34
18 47
22 8
24 42
27 11
28 18
29 26
30 10
30 38
37 14
40 30
47 35
50 21
50 28
51 9
51 34
52 2
52 41
54 8
54 22
55 16
55 47
58 40
59 5
60 28
60 46
61 27
64 51
64 63
66 69
68 31
68 45
69 14
69 44
69 88
70 10
71 33
71 67
71 85
72 25
72 52
72 57
73 78
73 96
75 68
76 90
77 16
77 28
77 45
77 63
78 2
78 57
80 32
80 44
80 89
80 97
81 11
81 64
81 72
81 83
82 37
83 25
83 54
83 70
84 0
84 15
84 41
84 75
85 80
86 32
87 10
87 29
88 23
88 48
88 74
89 99
90 82
91 28
91 62
92 7
92 90
95 53
95 66
95 82
96 41
97 6
97 87
98 10
98 27
