102
0 0
1 0
1 98
2 5
2 55
5 20
6 3
6 14
8 56
10 67
12 13
13 76
15 44
15 53
19 81
20 17
20 92
23 52
23 85
24 36
24 65
25 22
26 45
26 75
27 58
28 89
31 33
31 64
32 9
32 17
33 17
33 39
34 57
35 77
37 88
38 98
39 17
39 66
40 4
40 55
43 74
44 33
44 42
44 98
45 40
46 67
47 25
47 56
48 8
49 96
51 4
52 28
53 21
53 51
53 77
54 91
55 9
55 44
56 29
58 59
59 96
60 3
61 48
62 26
62 83
64 0
65 65
65 91
66 52
67 37
67 45
69 9
70 21
70 31
72 60
72 67
73 94
75 2
75 18
76 32
76 54
78 48
78 72
80 40
81 89
81 97
82 6
83 19
84 59
84 80
86 55
87 90
89 27
89 34
89 49
93 11
94 57
95 23
95 33
96 77
96 89
98 2
