114
0 95
1 22
1 46
1 58
2 30
6 98
8 36
8 55
9 20
9 80
10 29
10 61
10 95
11 79
11 95
13 42
14 16
14 55
14 74
16 6
16 32
17 81
18 34
19 62
20 41
23 22
24 79
25 49
26 27
28 44
29 94
31 18
31 39
31 87
32 7
32 33
34 39
35 25
35 66
37 14
38 3
38 51
38 58
38 72
40 21
41 44
41 49
42 53
42 66
44 13
44 29
44 87
46 20
46 33
46 71
48 87
49 52
50 37
51 24
52 18
52 65
53 80
54 44
54 74
54 88
54 94
55 80
58 33
58 56
59 79
60 7
60 88
61 42
62 97
67 31
67 43
67 80
68 14
68 69
68 90
70 42
71 8
71 57
72 48
73 33
73 37
74 87
77 43
77 60
77 71
80 33
81 22
81 62
82 17
82 71
83 79
84 6
86 40
87 11
88 56
89 20
89 45
90 33
90 64
90 83
91 75
95 86
96 7
96 18
96 48
98 70
98 94
99 23
99 31
