148
1 31
2 6
2 8
2 71
3 64
4 40
5 34
6 20
6 24
7 49
8 40
10 15
10 66
10 78
12 85
13 33
14 4
14 27
14 51
14 56
14 94
15 72
15 79
16 89
17 29
17 64
18 4
18 72
19 9
19 15
19 85
20 43
21 52
21 88
21 99
24 44
24 69
25 21
26 30
26 69
27 11
27 73
28 47
28 58
28 77
29 63
30 87
31 46
32 4
32 12
32 34
33 72
33 83
34 52
34 92
36 37
36 87
37 24
37 28
38 11
38 14
40 34
40 51
40 66
40 88
41 39
41 40
41 93
43 3
43 48
43 76
44 6
45 22
45 39
46 9
46 50
46 61
47 57
47 75
48 16
48 98
51 90
52 20
52 41
54 7
55 44
55 74
56 35
56 68
56 82
58 57
59 63
60 30
61 33
61 93
62 12
63 50
64 59
65 95
67 1
67 34
67 47
67 82
68 75
69 8
70 4
70 57
70 62
71 15
71 18
71 28
71 66
72 80
72 87
74 38
75 49
76 9
77 44
77 83
77 94
77 99
79 63
79 82
80 37
82 26
83 77
83 86
84 27
84 44
84 90
85 73
86 96
87 38
88 69
89 53
90 56
90 67
90 92
90 99
92 5
92 34
92 90
93 42
94 4
94 28
95 74
97 59
97 69
