115
0 9
2 21
2 63
2 95
3 73
5 36
5 85
8 5
8 79
8 97
11 19
11 58
12 62
12 90
13 97
14 41
14 50
15 9
19 4
19 16
20 61
20 94
21 77
22 34
22 89
23 42
23 67
25 60
26 4
26 49
27 29
30 36
30 71
30 85
31 89
31 95
33 28
33 47
34 12
35 70
36 64
37 24
38 91
39 79
40 5
40 24
40 95
42 83
43 14
43 46
44 54
46 31
46 68
47 60
48 43
48 94
49 7
49 78
50 13
50 27
52 86
53 35
54 18
54 69
54 75
54 97
55 55
57 0
58 7
59 33
59 63
60 88
61 13
62 51
64 25
66 76
67 18
68 3
68 31
68 50
68 67
71 61
73 14
74 55
74 98
76 18
76 67
77 41
78 38
78 90
79 5
79 84
80 72
83 49
83 75
83 82
87 30
87 97
88 55
89 60
89 67
90 44
92 11
92 84
93 17
93 48
94 77
96 31
96 36
97 84
98 8
98 66
99 47
99 54
99 64
