101
0 26
0 82
2 89
3 4
3 11
3 20
3 95
4 57
4 69
5 14
7 74
10 17
10 95
11 30
11 58
13 23
13 52
13 84
13 98
14 62
14 94
15 80
16 89
17 4
17 26
17 68
19 11
19 22
19 75
20 15
20 53
21 83
23 18
23 28
24 11
24 51
24 73
26 22
26 97
27 76
27 84
27 93
28 3
28 64
29 17
31 9
49 65
52 85
53 92
53 99
55 5
56 12
57 23
59 76
59 97
60 51
61 29
61 41
61 70
63 5
63 41
64 15
66 66
67 95
68 36
68 89
69 83
72 50
73 5
73 93
74 25
74 65
75 18
77 84
78 47
78 59
79 31
82 7
82 19
83 72
84 26
86 57
86 82
87 12
88 41
88 50
89 77
90 9
91 20
91 45
92 24
93 64
94 60
95 29
96 3
96 79
98 11
98 54
98 71
99 33
99 42
