114
0 2
1 53
3 46
3 80
4 7
5 1
5 21
5 60
6 86
6 96
7 15
7 80
8 28
10 22
11 14
11 73
12 32
12 97
16 48
17 67
18 16
19 8
19 81
20 28
20 38
21 25
23 10
23 99
26 55
27 4
27 34
27 75
29 20
29 26
30 50
30 68
33 41
33 86
34 13
34 49
35 84
36 34
37 53
37 80
38 24
40 43
41 89
42 36
43 60
45 29
45 42
47 57
50 2
50 48
50 66
50 76
50 83
51 13
51 63
54 95
55 23
55 71
57 10
57 33
58 35
59 25
59 48
61 10
61 13
61 44
61 56
62 81
63 86
64 1
64 67
65 95
66 40
67 19
68 78
69 55
71 83
72 79
73 37
73 92
75 55
75 99
76 32
77 58
79 63
79 85
79 95
81 11
81 81
81 86
82 37
83 14
83 92
84 31
86 3
86 42
86 57
88 15
88 51
89 39
91 63
92 92
94 63
96 7
96 39
96 79
98 25
98 49
99 3
99 12
