111
0 59
0 95
1 26
2 17
2 61
2 85
3 1
3 6
4 24
5 45
6 39
6 99
8 31
10 37
11 74
11 85
12 70
15 51
15 91
18 61
19 93
20 43
21 23
22 58
22 73
24 29
25 99
27 43
28 56
28 85
29 22
29 50
29 78
30 1
30 60
31 70
32 6
35 20
35 86
36 69
36 74
37 38
39 47
41 6
43 56
45 1
45 30
45 53
46 61
47 70
48 39
49 92
50 97
51 10
51 83
52 24
52 45
52 67
52 99
54 83
54 91
57 0
57 38
59 44
61 55
62 67
64 58
65 52
65 84
66 1
66 30
66 98
68 8
68 37
69 58
69 87
70 95
71 2
74 22
75 29
76 43
76 69
77 74
78 20
78 62
81 26
81 76
82 3
82 66
83 0
83 43
84 48
84 56
84 91
85 11
86 31
88 89
92 32
92 56
92 62
93 26
96 11
96 72
97 42
97 78
98 55
98 86
99 3
99 19
99 25
99 58
