115
0 15
0 84
2 35
2 81
4 41
4 74
5 50
5 55
8 14
9 81
9 99
10 27
12 64
14 9
14 49
14 91
15 24
15 68
18 20
19 2
19 39
19 51
19 88
20 63
20 76
20 92
24 10
24 35
25 26
25 43
25 82
26 0
26 79
29 37
30 4
30 10
30 27
30 48
30 63
34 5
35 44
35 67
36 50
36 78
38 7
39 15
39 22
39 59
39 84
43 35
43 40
46 18
46 92
47 62
49 83
49 96
50 27
51 5
51 32
51 72
52 66
53 25
53 41
53 56
55 2
55 82
56 12
58 79
59 72
63 53
63 90
64 0
64 56
65 18
65 96
69 41
70 45
70 61
70 86
71 2
72 20
72 79
74 62
74 67
75 71
76 7
76 41
78 33
79 88
81 22
82 95
83 38
84 78
86 29
87 10
87 53
87 96
88 86
89 44
89 69
90 16
90 61
91 25
91 93
92 0
92 6
94 72
95 83
96 75
97 57
98 23
98 33
98 50
99 1
99 99
