112
0 54
2 31
2 92
2 95
3 64
4 13
4 49
5 66
7 91
8 3
8 61
9 31
9 46
13 75
13 97
14 40
16 5
16 69
17 34
18 25
19 60
20 90
23 67
23 74
23 91
24 45
25 13
25 33
26 84
27 52
27 94
28 24
28 55
29 13
29 96
30 5
30 17
31 68
33 64
34 78
35 43
35 81
36 3
36 10
36 31
43 17
44 42
44 82
45 93
46 27
47 4
47 31
48 28
50 24
51 54
52 0
53 51
54 85
55 14
55 38
56 93
57 63
58 25
59 18
59 89
61 32
61 45
61 83
62 4
62 36
62 61
64 44
64 67
65 77
65 80
67 48
67 92
69 55
73 7
73 69
74 37
74 46
75 1
75 28
75 84
76 94
78 26
78 86
79 39
80 24
80 59
81 71
81 81
83 51
87 12
87 58
88 15
88 97
89 33
90 48
91 97
92 72
93 79
95 24
96 59
97 34
97 44
98 40
98 58
98 72
99 6
99 89
