93
2 36
2 60
3 8
3 75
4 82
5 26
5 91
10 41
10 54
12 91
13 83
15 73
15 86
17 25
17 48
19 3
19 33
19 40
19 60
19 94
25 5
25 85
26 14
26 50
26 73
26 91
27 8
27 58
27 97
28 2
29 19
29 38
29 47
29 64
30 14
30 19
30 82
37 27
38 2
38 16
38 81
39 85
39 90
46 50
47 57
49 28
49 84
50 37
50 93
51 26
51 98
55 0
55 73
57 96
58 27
58 84
58 92
61 28
61 37
61 72
62 5
62 14
63 93
64 81
68 26
72 83
74 14
74 56
74 93
75 34
83 2
83 98
84 9
84 18
84 23
84 58
85 72
87 25
87 37
88 48
90 18
91 65
92 34
93 8
93 26
93 73
93 93
94 2
94 32
94 37
94 54
96 45
98 23
