115
0 10
0 90
2 37
2 42
2 49
2 82
4 27
5 41
5 69
6 1
6 85
9 38
9 49
10 6
10 21
12 62
12 90
14 15
14 29
14 57
16 79
17 50
20 36
20 49
20 95
21 42
23 54
23 64
24 3
25 77
26 29
27 61
28 2
28 89
30 65
31 53
32 64
33 21
34 77
35 45
35 59
36 80
38 7
38 73
39 10
39 71
40 34
41 52
41 79
41 88
42 20
42 91
45 12
45 40
46 43
46 98
47 0
47 23
47 52
48 28
49 44
50 62
51 6
52 62
53 71
56 84
57 25
57 44
58 77
59 64
60 65
60 95
61 10
63 21
64 84
66 28
67 21
67 57
69 97
70 13
70 81
71 79
71 88
74 24
74 51
74 62
75 40
76 46
77 47
79 12
79 61
79 78
80 24
81 35
82 95
83 77
84 8
85 40
85 51
88 3
88 16
89 35
90 7
90 26
90 37
92 66
93 22
93 71
93 95
94 78
95 4
95 11
96 54
96 66
99 46
