105
0 28
0 51
0 95
2 8
2 67
3 17
3 70
6 24
7 38
8 42
8 66
8 76
8 94
10 52
11 95
13 10
13 36
14 80
15 26
19 31
19 52
19 74
20 7
22 33
23 41
23 58
23 65
26 72
26 98
27 15
27 16
30 49
30 83
31 91
33 30
33 58
34 11
37 84
38 3
38 26
39 53
41 59
42 37
44 8
44 45
44 68
45 1
45 66
45 78
47 22
47 52
49 66
51 38
51 88
51 97
52 8
52 33
54 47
56 96
57 25
57 92
58 54
59 62
59 68
60 82
61 11
62 32
64 51
64 99
67 3
67 13
67 83
68 81
70 13
72 99
73 88
75 24
75 36
75 64
76 49
76 55
76 69
77 28
79 21
81 10
81 63
81 81
81 87
84 4
86 67
87 45
87 99
89 76
89 86
91 18
92 10
92 82
93 25
93 36
94 74
96 84
96 93
97 35
97 45
99 53
