114
0 35
0 40
0 89
1 51
1 71
2 11
2 83
3 60
4 20
6 74
6 89
7 38
7 96
11 20
11 49
12 0
12 24
12 55
14 77
16 94
17 73
18 4
18 43
20 86
21 48
24 66
26 16
27 34
27 72
28 20
28 56
28 64
29 16
30 30
31 95
31 99
33 0
33 81
34 72
34 79
36 7
37 48
38 34
39 15
40 66
41 36
42 11
42 55
43 0
43 40
43 84
44 50
45 18
45 58
45 93
49 80
52 0
53 16
53 73
54 21
54 29
55 54
56 14
56 35
57 6
57 21
58 69
59 29
59 92
59 97
60 51
61 2
61 53
61 58
62 40
62 73
64 83
64 99
68 38
69 4
69 60
69 66
70 12
70 41
71 26
71 75
71 84
74 0
75 99
76 10
78 46
78 91
79 53
79 74
80 22
81 47
82 29
84 51
86 15
86 61
87 82
88 2
90 8
93 25
93 29
93 35
93 93
94 71
95 15
97 41
97 51
97 57
98 12
99 86
