145
0 6
0 92
1 32
2 18
2 49
3 66
3 86
4 15
4 25
4 81
4 99
5 53
5 78
6 72
8 71
9 14
9 22
9 75
10 87
11 4
11 43
11 84
12 19
12 54
13 32
14 90
15 47
15 62
16 26
16 96
17 32
18 56
19 3
19 97
22 74
22 80
22 93
26 8
26 15
26 54
26 58
26 82
28 36
29 41
29 72
30 65
30 89
31 57
32 32
33 65
34 11
34 44
34 84
35 8
35 16
35 74
35 80
36 35
36 57
38 30
38 47
39 14
39 39
39 98
41 86
42 40
42 91
43 62
44 98
45 59
46 20
46 36
46 50
47 73
47 90
48 6
50 18
50 37
50 64
51 49
51 83
51 93
53 85
55 51
55 84
55 94
58 97
59 15
59 57
59 79
60 65
60 75
65 18
65 60
68 73
69 9
69 36
69 48
69 52
69 60
70 17
70 22
70 31
71 54
71 77
73 90
73 96
74 1
74 24
75 80
76 48
77 74
78 44
79 34
79 39
80 10
80 58
80 87
82 67
83 4
83 95
84 82
85 21
85 46
85 71
87 26
87 41
88 38
88 49
88 78
88 92
89 11
89 61
89 88
90 23
90 55
90 70
91 83
92 2
92 93
93 28
95 97
96 89
97 11
97 75
