109
0 51
1 98
2 38
3 10
5 61
6 27
6 37
6 55
6 77
7 48
8 3
10 90
11 98
12 72
14 40
15 68
16 34
16 45
17 0
17 81
18 99
19 9
20 33
23 87
24 4
26 22
28 72
30 30
30 95
32 45
32 91
34 20
34 57
34 61
35 53
37 1
37 86
40 60
40 71
40 94
42 16
42 34
46 58
46 76
47 18
47 46
48 27
48 58
49 4
49 15
50 86
52 49
54 95
55 14
55 38
55 80
56 28
56 63
59 54
59 98
60 43
61 72
62 77
63 14
63 68
65 37
66 93
67 17
67 28
67 45
67 62
68 72
69 88
70 3
70 80
72 10
74 42
74 89
75 24
77 69
78 8
79 21
80 29
80 63
80 97
82 15
82 30
82 55
82 74
82 86
83 71
84 47
87 32
87 42
88 80
89 89
90 4
90 16
90 95
91 53
92 7
94 64
95 81
96 16
96 37
96 88
97 13
97 60
99 23
