109
0 55
1 91
3 29
3 39
4 21
5 51
7 58
7 94
8 41
9 7
11 14
12 82
13 33
13 59
16 76
17 21
17 73
17 91
21 84
22 23
23 96
24 13
24 72
25 1
25 51
26 57
27 8
27 91
29 46
30 6
30 41
30 74
30 83
31 19
31 62
32 52
33 32
34 77
35 46
35 87
38 67
39 93
41 1
41 10
41 87
42 87
44 16
44 51
45 63
46 75
47 25
50 39
51 16
51 23
51 75
51 81
52 71
55 97
56 46
58 71
58 88
60 6
66 17
66 63
67 40
67 74
67 88
69 22
70 3
71 65
71 97
73 15
74 60
76 51
76 81
77 32
77 71
78 6
78 56
78 85
78 95
79 96
81 11
82 41
83 68
84 62
84 88
85 33
85 93
88 98
89 4
89 21
89 55
90 49
90 70
91 86
92 92
94 17
94 24
94 66
95 4
95 37
95 57
96 12
96 49
96 90
97 84
98 31
99 64
