145
0 58
1 21
2 38
3 50
4 95
5 30
5 99
7 37
7 83
8 14
8 38
8 96
9 4
9 29
11 80
12 39
12 44
12 76
14 0
15 87
16 54
17 13
18 45
19 5
19 24
19 50
19 68
19 73
20 99
21 19
21 62
21 85
23 69
24 29
25 33
25 89
26 49
26 87
27 43
27 63
28 67
30 2
31 97
32 7
32 76
33 34
34 9
34 45
34 54
34 68
34 84
34 88
35 62
36 97
37 8
37 92
38 23
38 57
38 74
39 31
41 7
42 60
42 75
43 88
44 10
44 20
44 42
44 64
44 69
45 14
45 83
46 0
46 25
46 33
47 27
48 6
48 56
49 16
49 92
50 45
50 51
50 78
52 8
52 40
52 87
56 26
56 46
56 58
57 14
57 33
57 60
57 84
57 96
58 3
58 20
61 36
62 22
62 39
62 97
63 8
64 95
65 82
66 10
66 17
66 72
67 2
67 41
68 89
69 7
69 12
69 69
70 82
71 26
72 62
74 27
74 68
75 32
75 79
76 3
78 59
79 23
79 38
80 30
80 88
80 93
81 14
81 54
81 68
84 67
85 5
88 37
88 53
89 2
89 45
90 8
92 65
92 81
94 21
94 40
95 30
95 82
96 9
97 53
98 66
99 34
