113
0 0
0 16
0 42
1 61
1 78
2 10
3 58
4 43
6 75
7 13
8 31
12 59
12 93
13 24
13 41
14 67
15 11
15 99
16 88
18 0
21 44
22 21
22 61
23 37
24 64
25 44
26 0
26 29
27 60
28 97
29 10
29 22
29 24
29 75
30 96
31 85
32 19
32 65
33 30
34 2
34 13
36 52
37 72
39 23
39 65
40 43
40 57
40 62
42 37
42 98
43 1
44 12
46 69
46 84
47 18
47 38
49 24
50 54
51 66
52 1
55 31
56 80
56 93
57 36
57 51
57 70
59 0
59 21
59 99
62 87
63 35
64 17
64 66
65 42
65 50
67 9
67 44
67 63
67 85
69 1
70 70
70 97
72 37
72 90
73 55
75 1
75 32
76 72
78 37
78 96
79 49
81 16
82 77
83 54
84 73
85 6
85 42
85 83
86 32
88 15
89 22
90 56
94 69
94 94
95 14
95 31
95 39
95 45
95 72
98 53
98 77
99 5
99 24
