109
0 37
0 64
1 57
1 72
5 22
5 92
6 6
6 43
7 50
7 99
10 30
10 76
11 18
11 86
15 94
16 21
17 62
19 43
19 49
23 39
24 86
26 95
27 69
28 42
30 8
30 14
30 29
30 52
31 79
33 23
33 88
33 93
34 34
34 46
35 56
37 2
37 25
37 93
38 35
38 85
39 20
40 14
41 58
41 70
43 25
43 50
44 98
45 35
47 11
47 93
49 30
49 50
49 70
52 68
52 90
53 23
55 9
56 83
58 50
60 34
60 45
60 55
60 87
60 99
61 7
61 74
65 89
66 51
67 38
67 83
68 69
69 74
69 97
71 10
71 27
72 51
72 90
74 63
76 35
77 76
77 85
78 17
79 13
79 74
81 4
81 28
81 55
82 47
82 90
84 40
84 73
85 9
86 15
88 5
89 85
91 71
91 91
91 99
92 7
92 33
93 41
94 25
94 50
95 58
95 64
96 69
96 93
99 1
99 9
