113
0 23
2 89
2 97
3 11
3 48
3 76
5 17
6 71
9 35
10 26
10 28
11 11
11 61
11 92
13 66
14 42
17 5
17 47
18 26
18 31
18 56
20 79
21 0
22 43
22 70
23 66
24 5
24 34
24 79
26 10
26 18
26 85
27 57
28 48
28 58
29 96
31 67
32 33
32 85
33 23
34 83
35 4
35 45
35 63
39 26
39 87
40 27
41 40
41 96
43 58
43 71
44 0
44 44
47 6
47 45
47 74
48 54
50 68
51 38
53 13
53 26
54 89
56 22
57 85
59 36
60 18
61 1
62 53
62 70
63 9
63 75
66 32
66 45
66 53
67 59
69 86
70 77
72 12
72 26
72 45
72 93
74 61
75 0
75 85
78 5
78 13
78 75
79 96
80 34
81 13
81 20
81 56
83 39
84 73
86 49
89 1
91 16
91 23
91 87
92 48
93 32
93 66
94 59
95 72
97 7
97 17
97 64
97 80
97 90
98 50
99 29
99 33
99 99
