110
1 0
1 33
2 15
3 25
3 94
4 3
4 60
4 72
5 73
7 1
7 8
7 18
7 91
8 48
10 82
11 28
11 38
12 22
13 96
15 22
15 61
16 13
17 38
17 44
18 69
20 21
20 51
21 4
21 26
21 96
23 82
25 84
27 28
27 93
28 5
30 66
32 34
32 86
33 40
33 91
34 31
34 73
34 95
35 77
36 11
37 16
38 33
39 3
39 47
39 56
41 67
43 7
44 40
46 29
46 93
49 51
50 47
50 61
52 36
52 67
53 44
54 75
54 95
55 21
55 95
56 49
57 68
58 30
61 17
63 15
63 55
64 5
64 29
64 40
64 61
65 81
66 5
66 92
67 74
68 76
71 60
71 90
72 6
72 79
72 94
73 46
74 18
75 29
75 63
76 72
78 48
80 34
80 97
82 2
82 23
83 53
86 61
88 66
88 74
89 38
90 45
91 1
96 13
96 23
96 78
97 22
97 32
97 56
97 93
97 95
