108
0 4
0 13
4 29
4 48
5 9
6 0
6 54
6 95
9 78
9 85
12 72
13 45
13 90
13 99
14 17
15 9
15 74
16 57
16 81
17 24
18 98
19 3
20 8
20 37
21 65
22 77
24 47
25 26
26 61
27 16
27 87
29 18
31 44
32 3
32 52
33 6
34 26
34 36
34 67
36 42
38 16
40 93
42 67
42 81
43 0
43 45
43 88
45 61
46 16
46 20
48 26
49 48
49 94
50 38
50 98
51 32
52 11
53 74
55 99
56 10
56 22
56 56
57 75
58 83
60 66
61 85
62 40
63 19
63 43
63 96
64 6
64 24
64 75
65 64
65 82
67 52
68 16
70 17
71 78
72 55
73 29
74 44
74 54
74 87
76 8
77 68
78 24
78 41
78 74
78 95
80 78
83 20
84 54
85 10
85 92
87 31
88 45
88 65
89 24
91 93
93 7
94 92
95 8
95 50
96 21
96 72
97 33
97 64
