113
1 4
1 10
3 36
3 63
3 69
3 74
4 45
4 56
4 94
4 97
5 79
6 41
7 84
12 1
12 21
12 47
12 80
14 16
15 36
15 89
19 62
20 14
20 47
20 54
20 88
22 33
23 77
24 68
24 73
26 24
27 58
28 99
29 7
30 87
31 34
32 18
32 52
34 41
34 49
34 59
35 92
37 55
38 3
39 80
40 25
40 70
41 98
42 81
43 39
44 63
44 77
46 2
47 15
47 25
47 57
50 68
51 20
51 27
51 94
52 50
53 43
55 78
57 60
57 95
58 28
58 51
59 78
59 88
60 8
61 15
61 23
63 37
65 66
68 86
69 13
69 19
70 33
70 52
71 3
71 98
73 24
74 90
75 46
75 79
76 66
77 9
79 6
79 91
80 50
80 97
84 18
84 28
84 37
86 87
86 96
87 70
88 41
88 87
89 30
89 53
90 5
90 27
92 18
92 52
93 81
94 0
94 96
95 66
95 75
95 98
96 59
98 29
98 79
