112
0 14
0 24
2 88
3 0
3 57
4 78
5 42
5 73
10 13
10 29
10 60
10 95
10 96
11 4
12 45
12 79
12 88
13 53
14 90
15 37
17 13
18 44
20 26
21 68
22 29
22 85
23 52
24 97
25 11
27 6
27 20
27 40
29 77
30 87
31 68
32 25
32 42
32 76
34 1
34 35
34 58
36 2
36 92
38 7
39 18
39 50
41 80
41 87
42 28
44 55
45 65
46 32
46 63
47 9
48 21
48 88
50 9
50 23
50 40
50 48
51 74
52 37
53 83
55 27
56 76
58 9
58 79
58 99
59 2
60 16
60 47
60 66
62 71
63 55
65 22
66 67
67 84
70 9
71 30
72 60
73 37
73 75
74 51
74 58
74 85
78 45
80 14
80 95
81 6
81 32
83 15
84 27
85 73
86 63
86 89
87 12
88 43
88 76
90 65
90 82
91 31
91 32
91 92
92 19
94 52
95 73
96 1
96 42
97 35
98 2
98 24
99 83
