105
0 32
0 90
2 63
4 56
6 14
6 49
6 74
7 66
8 28
8 35
8 81
10 96
11 11
12 51
13 32
15 4
15 43
15 60
15 82
17 99
20 56
20 64
21 39
22 79
22 81
23 27
23 46
23 99
29 45
30 10
30 59
30 77
31 31
31 90
36 61
37 26
37 75
38 29
39 35
39 44
40 51
40 67
42 7
42 96
43 81
44 16
45 61
48 43
49 3
49 27
49 49
49 66
51 20
52 62
52 66
52 85
53 34
54 48
54 65
55 45
58 18
59 87
61 77
62 61
62 99
64 94
66 8
66 34
66 70
66 83
67 75
68 41
69 1
70 58
71 48
72 13
73 40
73 60
74 76
76 56
78 23
78 42
78 99
80 7
80 78
81 21
81 93
83 0
84 28
84 74
85 53
85 68
88 39
89 9
89 64
91 51
92 99
93 34
94 92
95 42
96 82
98 57
99 9
99 23
99 99
