110
0 50
1 1
2 18
4 40
4 66
5 44
5 98
8 30
8 73
11 25
12 35
12 70
13 17
14 0
14 2
14 84
15 22
16 45
18 49
18 97
21 2
21 26
21 81
21 89
22 43
23 35
24 14
25 52
25 60
27 12
27 80
27 89
28 22
30 2
30 58
31 34
32 69
33 49
35 61
36 29
37 49
39 2
39 29
40 22
40 68
40 75
41 91
42 98
44 7
44 62
46 24
46 95
47 94
48 39
48 77
49 50
49 70
51 11
51 62
52 32
52 53
55 27
56 69
56 77
57 7
57 20
58 62
58 83
59 17
61 26
61 45
62 56
63 34
63 66
63 78
63 86
64 50
68 19
69 8
70 93
73 61
74 22
74 66
75 37
75 99
76 86
77 14
78 5
78 24
78 55
78 93
83 58
83 63
85 83
86 8
86 33
87 13
89 3
90 8
90 53
90 75
91 38
91 97
93 44
94 88
96 11
96 30
96 77
99 38
99 57
