110
0 31
0 98
1 10
1 67
3 6
3 19
3 59
4 46
5 88
6 49
6 74
9 93
11 0
12 75
13 18
13 61
14 89
16 22
17 40
18 38
18 47
18 70
20 31
20 41
20 97
21 7
21 14
21 74
22 18
25 25
25 85
27 19
29 40
29 90
30 29
31 55
31 57
31 78
33 15
34 92
35 65
35 74
35 81
36 9
38 32
38 35
38 58
38 95
39 13
42 25
42 79
44 18
44 92
45 48
45 58
47 31
47 87
49 5
49 61
52 69
53 1
53 14
53 53
53 81
53 96
54 18
54 65
57 35
58 89
60 39
61 76
64 88
65 68
67 4
68 89
69 39
70 24
70 45
72 72
74 46
74 77
74 88
75 57
75 68
76 18
76 24
77 36
81 8
82 98
83 84
85 18
85 56
86 65
86 94
87 0
87 58
88 14
91 36
92 18
92 30
92 46
93 60
94 13
94 43
94 75
94 83
96 6
97 54
98 34
98 94
