114
1 78
2 14
2 42
2 62
2 73
3 48
4 88
5 14
5 19
6 6
8 23
8 59
9 52
9 97
11 29
11 66
12 85
13 82
15 6
15 95
18 72
19 13
19 48
19 93
22 36
22 58
22 82
23 27
23 53
24 87
25 74
26 4
27 47
30 41
30 79
31 11
31 64
31 74
31 80
31 94
32 87
34 52
35 99
36 8
36 61
38 40
38 93
42 33
44 44
44 57
45 26
47 89
48 67
48 95
49 11
49 85
51 22
51 29
51 73
54 4
54 14
54 37
55 78
55 92
57 7
58 54
60 41
62 10
62 25
62 62
62 86
63 98
64 75
65 29
66 0
67 21
68 54
68 61
68 67
68 77
69 35
70 85
71 95
72 16
72 89
75 80
76 9
77 48
77 58
78 4
78 89
80 64
82 48
83 56
84 18
84 25
84 83
84 88
86 11
86 30
86 96
89 24
91 13
91 34
96 12
96 22
96 46
97 96
98 2
98 30
99 18
99 37
99 63
99 74
