111
0 7
1 62
1 70
1 77
3 36
4 25
4 60
7 46
7 79
8 32
12 55
13 6
13 42
13 49
14 70
16 11
16 59
17 0
17 91
18 26
19 5
21 31
21 56
22 38
22 79
23 47
32 30
32 34
32 58
32 82
33 11
34 27
34 79
35 37
36 51
36 91
37 75
39 20
39 43
39 64
39 70
40 10
43 12
43 39
43 73
43 79
43 97
44 21
45 27
45 46
47 2
47 86
48 52
48 65
48 98
50 61
52 78
54 84
55 97
56 24
57 0
57 40
57 91
58 26
58 47
59 80
60 55
62 32
64 6
64 77
65 26
65 58
66 47
66 84
69 68
70 14
70 25
70 35
70 56
70 74
71 98
75 5
75 46
76 92
77 18
77 29
78 36
79 82
81 13
82 2
82 43
82 66
82 75
82 99
87 75
88 3
88 49
88 81
89 19
89 85
89 97
90 10
90 28
92 62
92 77
93 13
93 23
93 39
93 55
95 0
97 65
