115
0 17
1 70
2 0
3 45
3 82
4 91
6 17
6 47
7 0
8 9
8 69
10 25
11 37
11 98
12 46
13 55
13 63
14 9
14 33
14 92
15 3
16 83
17 14
17 67
19 48
20 79
21 24
23 58
24 11
24 93
25 84
25 98
27 36
27 67
28 33
28 51
28 74
29 11
29 23
29 64
31 38
31 44
33 96
34 54
34 91
35 31
35 85
36 80
38 9
38 58
39 25
39 65
41 39
41 88
42 75
44 3
46 34
47 88
48 6
49 21
49 79
49 96
50 31
50 49
52 1
53 74
54 29
54 36
54 55
54 64
58 16
58 42
59 80
59 98
60 48
60 54
60 60
60 75
61 25
61 91
64 35
66 15
67 42
69 4
69 91
70 60
71 24
72 93
76 75
77 38
80 65
81 97
82 26
83 6
83 33
85 18
86 1
86 12
86 68
90 57
91 2
91 17
91 84
94 46
94 78
94 88
95 45
96 68
97 84
97 97
98 3
98 9
98 32
98 55
98 65
