119
0 57
0 65
0 78
0 83
1 49
3 49
4 15
4 33
6 34
7 69
8 60
9 28
9 45
9 79
9 95
10 8
10 54
10 78
11 11
12 24
13 5
13 85
14 49
14 79
16 41
18 54
18 63
19 17
19 71
19 77
20 31
21 1
21 50
23 95
24 24
24 83
25 57
26 20
26 41
27 8
28 53
28 95
29 66
32 12
33 39
34 50
34 66
34 83
35 24
36 94
37 9
37 35
38 16
38 67
40 42
40 90
41 81
42 55
43 3
43 27
43 78
44 66
46 89
47 20
49 37
50 15
51 45
51 98
52 6
54 40
54 72
55 11
57 50
58 16
58 58
62 84
62 98
63 94
64 44
64 70
65 82
67 29
68 23
69 9
69 16
71 73
73 79
74 2
74 34
75 16
75 78
76 91
79 29
79 94
80 9
82 2
82 34
82 62
82 80
85 50
86 26
89 57
90 7
90 33
90 65
91 38
91 73
92 56
93 4
93 17
93 56
94 48
95 15
95 95
96 27
96 71
98 65
98 83
99 3
