114
0 30
0 36
0 75
1 16
1 93
2 0
2 50
2 57
3 66
4 34
6 78
6 99
7 43
7 85
8 20
8 92
10 26
10 63
11 3
14 34
14 49
16 39
17 0
17 2
17 59
18 12
19 52
19 98
21 86
22 21
22 63
22 68
22 80
23 28
23 46
24 26
24 40
24 81
25 95
27 49
30 5
30 32
32 4
32 17
35 36
35 98
36 63
39 34
39 82
40 5
41 20
41 56
43 48
45 55
45 69
47 4
47 63
48 86
48 91
49 21
51 31
51 39
53 92
56 21
56 44
57 28
58 36
59 70
60 93
61 7
61 50
63 1
65 64
65 84
66 78
66 85
68 96
69 15
69 37
69 45
69 50
70 21
73 31
73 45
74 22
75 49
75 66
75 77
77 63
77 94
78 0
78 37
80 28
81 80
82 8
83 18
83 46
85 1
86 58
86 98
88 64
90 72
91 18
91 48
91 98
92 59
93 34
93 42
96 10
96 80
98 85
98 96
99 30
99 37
