115
0 3
1 15
1 62
1 77
1 94
2 11
7 5
7 47
7 80
8 73
9 99
12 61
14 13
14 55
14 88
16 22
17 68
17 99
19 10
20 36
20 95
24 80
26 34
26 73
27 5
27 44
28 79
30 42
31 19
32 11
32 28
35 53
35 88
36 1
36 20
36 60
38 76
39 12
39 68
40 35
40 89
42 5
42 29
45 34
45 63
47 39
48 1
48 48
48 72
49 15
50 43
51 17
51 83
51 98
52 13
52 36
53 91
56 15
56 22
56 42
57 4
61 17
61 37
62 63
62 74
62 86
63 97
64 35
67 12
68 0
69 29
69 52
69 73
69 93
73 4
73 85
74 12
74 24
74 43
74 66
76 59
77 88
77 99
78 5
78 50
79 20
80 71
81 41
81 63
81 87
82 27
82 98
84 4
84 16
84 83
86 44
88 63
89 57
90 70
91 0
91 21
91 32
92 13
93 52
93 86
93 93
94 9
94 12
94 64
95 19
96 56
98 66
98 75
98 93
99 3
