109
0 86
2 2
2 33
2 56
2 77
3 8
3 45
3 93
3 99
5 63
7 29
7 42
10 75
12 64
13 18
13 80
13 99
14 83
17 32
17 36
17 66
18 56
19 11
19 51
20 59
20 76
21 34
21 59
22 0
22 97
23 6
25 51
27 11
27 25
27 63
28 79
30 43
31 28
31 70
34 50
37 16
37 72
37 97
38 56
38 86
41 34
41 49
42 76
43 19
44 2
46 71
47 44
49 26
50 78
51 2
51 50
52 95
52 99
53 13
53 69
55 30
57 87
58 98
59 12
59 58
60 82
61 3
61 86
62 37
63 23
65 54
66 47
67 67
68 7
68 81
69 33
69 61
70 14
71 98
73 34
74 9
74 54
75 2
75 75
76 44
76 80
77 18
79 51
81 26
81 62
82 48
83 20
83 96
85 64
87 78
88 33
88 67
89 26
89 96
92 17
93 50
94 76
96 41
96 71
97 34
97 87
98 13
98 53
99 46
