165
0 0
0 4
0 16
0 28
0 42
0 71
0 81
0 93
2 20
2 37
2 57
2 77
5 0
6 37
6 84
7 23
7 54
7 89
8 4
8 16
8 28
10 42
10 50
10 64
10 79
15 0
15 35
16 46
16 84
17 65
18 9
18 15
18 23
18 58
18 76
22 23
22 47
22 75
22 90
23 42
23 65
24 4
24 67
24 99
25 0
25 56
25 83
26 16
26 28
26 37
30 27
30 36
30 49
31 8
32 41
32 53
32 86
34 0
34 13
34 22
34 63
34 69
34 76
34 96
37 0
37 77
37 98
38 33
38 51
38 61
39 13
39 44
39 91
41 19
41 71
42 5
46 48
46 63
47 21
47 77
47 92
47 97
48 7
48 13
48 28
48 44
48 67
49 0
49 33
50 83
53 7
53 28
53 70
54 33
54 47
55 65
55 84
56 53
56 77
56 93
56 95
57 22
57 43
62 37
62 49
63 14
63 90
64 8
64 21
64 43
64 71
64 82
65 57
66 0
66 27
66 64
66 77
70 41
71 12
71 21
71 76
71 96
72 35
73 69
74 6
74 49
74 82
74 91
78 2
78 35
79 47
79 65
80 28
80 97
81 14
81 58
81 85
82 40
82 91
85 91
86 15
86 61
86 97
87 0
87 71
88 19
88 85
90 30
90 34
90 41
90 55
93 0
93 14
94 5
94 33
94 76
94 86
95 62
95 90
96 97
97 23
97 43
98 26
98 50
98 58
