95
0 59
2 54
2 88
2 94
3 25
4 20
4 53
4 78
5 11
6 44
7 63
7 98
8 52
9 18
9 40
10 29
10 51
10 88
10 95
12 25
12 59
12 71
14 43
14 76
14 86
16 19
16 39
17 73
19 26
19 46
19 54
19 62
19 80
19 93
20 38
20 60
23 70
23 79
23 86
24 30
28 86
28 94
29 39
29 47
29 66
29 78
30 94
31 52
32 33
32 63
33 44
33 77
34 70
34 71
34 99
35 87
36 85
36 94
37 53
37 63
37 79
37 95
39 45
40 60
41 71
43 54
45 94
46 78
47 88
48 60
48 68
50 87
50 95
51 73
53 79
55 59
56 70
57 85
57 95
58 69
59 67
60 75
61 88
62 97
65 72
65 84
67 97
68 87
68 94
72 84
75 97
77 78
79 93
82 82
91 97
