# Penalty:  533093879277.2079
194
0 0
0 1
0 2
0 3
0 4
0 5
1 1
1 2
1 3
1 4
1 5
2 1
2 2
2 3
2 4
2 5
3 6
3 7
3 8
3 9
3 10
4 6
4 7
4 8
4 9
4 10
5 6
5 7
5 8
5 9
5 10
5 12
6 6
6 7
6 8
6 9
6 10
7 6
7 7
7 8
7 9
7 10
7 15
7 16
7 17
7 18
7 19
8 14
8 15
8 16
8 17
8 18
8 19
8 20
9 14
9 15
9 16
9 17
9 18
9 19
9 20
9 21
9 22
9 23
10 14
10 15
10 16
10 17
10 18
10 19
10 20
10 21
10 22
10 23
10 24
10 25
10 26
10 27
11 11
11 14
11 15
11 16
11 17
11 18
11 19
11 20
11 21
11 22
11 23
11 24
11 25
11 26
11 27
12 14
12 15
12 16
12 17
12 18
12 19
12 20
12 21
12 22
12 23
12 24
12 25
12 26
12 27
13 19
13 20
13 21
13 22
13 23
13 24
13 25
13 26
13 27
14 23
14 24
14 25
14 26
14 27
27 42
27 43
27 44
27 45
27 46
28 31
28 32
28 33
28 34
28 35
28 42
28 43
28 44
28 45
28 46
29 31
29 32
29 33
29 34
29 35
29 42
29 43
29 44
29 45
29 46
30 31
30 32
30 33
30 34
30 35
30 42
30 43
30 44
30 45
30 46
30 47
30 48
30 49
30 50
31 31
31 32
31 33
31 34
31 35
31 42
31 43
31 44
31 45
31 46
31 47
31 48
31 49
31 50
32 31
32 32
32 33
32 34
32 35
32 46
32 47
32 48
32 49
32 50
33 46
33 47
33 48
33 49
33 50
34 46
34 47
34 48
34 49
34 50
