110
0 25
0 74
1 51
2 66
3 33
5 43
7 7
7 99
8 47
9 18
9 55
10 27
10 76
11 47
12 38
12 69
15 13
15 32
16 4
16 50
16 87
17 34
18 62
19 93
20 28
21 76
23 19
24 84
24 95
25 52
27 5
27 38
27 41
29 96
30 26
31 82
33 0
33 9
33 64
34 36
34 69
35 42
37 61
39 2
41 7
41 75
43 49
43 82
43 96
44 58
45 66
46 28
46 78
48 94
49 19
49 71
50 46
50 53
54 14
54 32
54 36
55 90
58 97
59 13
59 51
61 95
62 29
62 87
64 32
64 50
64 77
65 6
67 23
67 80
69 37
69 65
69 70
69 97
70 0
71 48
72 16
73 70
74 98
75 33
75 55
78 21
78 43
78 92
80 73
82 54
83 5
83 61
85 69
86 51
87 76
87 97
88 85
89 10
89 23
91 27
91 34
91 43
93 77
93 86
94 15
96 51
96 65
97 18
99 54
99 94
