107
0 20
1 26
1 82
2 0
3 62
3 78
4 4
4 54
6 52
6 85
8 40
8 93
9 64
10 69
11 11
11 27
12 19
12 49
14 73
16 17
16 55
17 67
18 52
20 37
21 97
22 82
23 41
24 5
24 71
24 91
25 55
26 11
27 22
27 81
31 4
31 60
33 64
33 97
34 32
35 7
35 53
36 23
36 87
37 59
38 96
39 92
40 38
42 0
43 10
43 22
44 60
46 77
48 9
48 48
52 32
53 78
54 16
55 40
56 30
56 50
56 68
56 91
57 76
58 0
59 64
59 67
60 49
60 95
63 11
64 21
65 30
65 55
67 42
67 78
68 1
68 22
68 91
69 44
69 60
74 27
74 63
74 71
78 42
80 93
81 63
82 32
82 92
83 34
84 74
86 45
87 19
87 49
88 3
90 43
92 11
92 90
92 98
93 30
93 72
94 26
95 18
97 43
97 48
97 62
97 86
98 96
99 42
