112
2 80
2 84
3 64
3 94
4 11
4 55
4 95
5 28
6 34
6 48
7 91
10 56
10 72
11 4
11 59
13 18
13 46
13 63
14 74
16 28
17 40
18 9
18 96
19 47
19 85
22 5
23 59
24 84
24 89
25 76
27 12
27 22
27 49
27 66
28 11
28 59
29 0
29 24
30 35
31 81
31 97
32 4
33 45
33 90
34 74
35 64
40 52
41 32
41 35
41 42
41 60
42 5
42 52
43 17
43 81
48 42
49 78
50 33
51 75
51 99
53 57
53 95
56 50
57 43
57 49
58 81
59 99
60 24
61 87
62 59
63 5
64 31
65 51
65 68
66 16
68 65
69 77
69 91
73 42
73 47
77 19
77 24
77 35
77 89
79 64
80 3
80 13
80 80
81 79
81 96
82 46
83 42
84 0
84 64
85 78
86 11
87 32
87 43
88 52
88 91
89 3
89 68
90 51
91 22
92 17
94 42
94 91
95 69
96 25
96 57
96 89
97 50
