107
0 48
0 89
2 10
2 96
3 41
4 67
5 99
6 21
8 75
8 83
11 47
11 93
12 39
13 11
13 25
16 50
16 85
17 10
17 30
17 60
18 68
19 15
20 66
22 3
22 26
22 95
23 76
24 38
26 81
26 95
29 25
29 32
30 0
30 17
30 40
30 65
31 7
31 92
33 81
34 62
35 75
38 55
39 29
39 68
40 46
40 85
41 11
43 19
45 29
45 99
46 92
47 71
49 6
49 34
49 53
51 15
51 62
52 0
52 95
53 79
54 48
59 31
60 65
60 73
60 79
61 17
61 45
61 95
62 88
64 23
65 38
65 81
66 45
68 8
73 57
74 37
74 51
75 66
76 4
76 49
76 73
77 61
78 82
78 91
78 99
79 21
79 23
82 83
83 88
85 37
85 38
85 55
89 46
90 64
92 7
92 72
93 17
94 0
94 55
97 25
97 46
98 8
98 80
98 88
99 60
99 72
99 99
