109
1 67
2 1
3 64
3 97
4 52
5 20
8 26
8 45
8 92
9 81
11 71
12 98
13 24
13 47
16 63
17 51
17 80
18 30
18 34
18 42
19 10
20 15
20 33
21 73
24 45
25 23
25 95
28 53
28 74
30 84
31 29
32 13
33 92
34 41
35 82
37 61
38 22
38 46
39 10
39 40
40 3
41 90
42 58
42 93
43 46
43 86
44 20
47 36
47 46
47 68
48 3
48 55
52 47
53 66
55 73
56 18
57 10
57 38
57 54
58 27
58 89
59 64
60 16
61 35
61 42
62 54
63 80
63 91
64 1
65 77
66 4
67 36
69 16
70 26
70 48
71 0
71 8
71 56
71 81
72 42
73 21
74 73
74 90
75 59
76 56
77 17
78 67
78 80
78 97
81 46
83 25
83 91
84 61
84 81
85 1
85 24
86 34
87 24
87 71
88 12
88 15
89 82
94 33
96 77
96 97
98 47
98 80
99 6
99 15
