119
0 38
0 61
0 69
2 4
3 18
3 25
4 36
4 48
4 75
4 94
6 65
6 96
8 89
9 57
10 20
10 85
12 84
13 47
13 90
14 4
14 32
15 46
16 88
17 79
19 64
21 24
21 32
21 46
22 19
22 69
24 13
24 41
24 58
27 5
27 76
27 80
29 66
30 38
31 73
33 53
35 90
35 98
36 2
36 85
37 32
38 20
38 56
39 48
39 62
40 10
41 1
41 64
42 37
45 0
45 72
45 78
48 32
48 67
49 12
49 42
49 54
53 77
53 88
54 29
55 16
55 21
56 56
58 63
59 90
60 39
62 10
64 78
65 6
65 35
66 25
67 52
67 66
68 90
69 20
69 73
70 2
70 68
70 83
71 80
72 14
72 24
73 79
74 88
75 7
75 35
75 51
76 57
77 81
78 44
79 29
79 61
79 94
82 57
83 41
83 51
83 74
83 82
85 10
86 34
86 98
89 27
89 68
89 92
90 77
90 87
92 61
92 81
94 6
94 25
95 51
97 64
98 84
99 19
99 98
