114
0 53
0 95
1 44
1 66
3 21
3 37
3 78
5 5
7 14
7 61
7 72
8 42
8 83
8 98
9 8
11 53
13 26
13 64
15 44
15 55
15 99
17 14
17 72
17 89
18 30
21 5
21 96
22 11
22 41
23 29
24 86
28 36
30 2
31 96
33 4
34 18
35 55
35 87
36 76
39 57
40 11
41 1
41 18
41 47
42 22
43 29
43 37
44 2
44 91
44 95
47 14
47 75
49 40
50 9
50 53
50 63
51 22
51 97
52 75
53 91
54 27
55 69
56 12
56 64
57 97
60 36
61 41
61 53
61 63
61 92
65 22
68 64
69 79
70 10
70 48
71 72
72 19
72 34
72 98
75 39
75 56
75 65
77 24
77 34
78 49
78 74
79 17
80 10
81 41
81 68
81 86
82 0
82 29
82 91
83 38
86 51
86 70
87 63
87 82
87 96
88 90
89 33
91 59
91 70
92 19
96 33
96 44
96 91
97 79
98 1
98 53
98 99
99 15
99 67
