94
0 22
0 98
1 3
1 16
1 62
2 58
3 12
3 90
4 68
4 95
5 22
6 32
6 38
6 41
6 72
6 86
7 36
9 25
9 52
10 10
10 30
10 74
10 84
10 98
12 43
13 13
14 56
15 77
16 34
16 45
17 20
18 9
18 39
19 6
19 58
22 31
22 59
22 97
23 26
24 7
25 22
25 29
26 45
26 58
28 13
28 90
29 49
30 38
30 52
31 86
32 22
32 32
35 36
36 24
38 83
42 15
44 22
47 16
47 80
51 21
51 30
53 38
54 46
56 84
57 70
58 56
83 15
91 33
91 49
91 75
92 21
92 23
93 28
93 43
93 91
94 55
94 84
95 41
95 63
95 71
96 34
96 76
96 89
97 13
97 18
97 58
97 64
97 84
98 25
98 39
98 49
98 81
99 30
99 52
