108
1 56
4 87
5 22
8 65
8 78
8 98
11 61
12 32
12 44
13 10
13 70
15 2
15 27
16 16
16 49
17 66
19 28
20 55
22 82
23 85
26 19
26 48
27 39
27 78
27 95
28 3
28 67
30 54
31 90
33 23
34 64
34 75
34 92
36 34
37 81
38 36
38 74
38 93
39 9
39 26
40 65
42 26
43 40
45 53
46 2
46 48
46 72
46 89
47 96
48 33
48 71
49 81
53 80
54 8
54 39
57 90
58 71
59 21
59 80
60 89
61 15
61 48
61 49
62 37
64 67
64 72
65 74
66 2
66 44
67 19
67 87
69 21
69 36
69 71
69 84
71 40
71 47
71 54
74 78
77 21
77 34
77 84
78 59
78 97
81 58
82 20
83 67
83 89
84 97
85 12
85 77
86 23
86 30
86 45
87 80
88 7
89 39
89 89
92 70
94 31
95 53
96 60
96 72
96 94
97 7
98 17
99 39
99 82
