96
1 70
2 2
6 52
6 72
8 29
9 98
11 69
11 76
12 20
12 38
16 22
19 25
19 39
19 54
19 78
20 58
21 31
22 69
22 72
23 43
23 65
24 3
25 81
25 92
26 87
27 75
28 6
28 25
29 67
31 35
31 36
31 58
32 9
33 24
33 32
35 49
35 74
37 62
38 16
38 46
38 84
40 34
41 57
41 88
42 25
42 61
43 93
46 75
47 17
48 38
49 3
49 60
54 27
55 73
56 65
58 36
58 56
58 67
59 77
60 47
60 71
61 5
62 34
62 62
63 23
64 17
65 40
65 64
66 46
66 56
67 28
67 55
69 84
70 69
71 41
71 60
71 74
72 26
72 89
73 78
74 15
76 20
78 29
78 64
79 72
80 56
81 24
81 60
82 42
83 35
83 75
83 83
87 18
90 48
90 70
97 52
