112
1 17
1 35
1 85
2 44
3 67
5 54
6 44
6 76
7 27
7 98
8 55
11 18
11 67
11 97
13 73
14 52
15 84
16 1
16 44
16 89
17 29
18 60
20 20
20 41
21 3
22 81
24 25
25 61
25 71
25 96
27 47
27 79
28 70
29 33
31 90
32 14
33 5
35 95
37 25
37 57
37 82
39 19
39 35
40 7
40 78
41 29
43 78
45 58
45 68
47 6
47 51
47 56
48 93
49 29
49 36
50 25
54 47
54 82
55 19
55 70
57 11
57 59
57 88
59 39
60 6
60 27
60 94
61 21
62 2
62 50
62 82
63 78
64 66
64 90
65 31
65 36
69 47
69 86
70 76
70 92
74 18
74 55
74 78
78 10
78 21
78 26
78 59
78 72
81 8
81 38
82 16
82 58
82 89
83 67
84 77
85 41
85 69
86 51
86 83
86 94
88 47
88 96
89 5
90 7
91 58
92 76
94 31
97 15
97 78
98 22
99 47
99 56
