112
1 1
1 18
1 32
1 59
1 98
2 93
3 86
4 28
5 7
8 64
9 13
9 24
9 73
11 95
12 43
12 57
13 88
14 72
15 0
15 5
15 60
17 15
17 28
18 57
18 66
20 89
21 22
22 94
23 14
25 29
25 45
25 79
27 21
27 38
27 60
28 2
28 97
30 12
30 24
30 66
32 38
35 18
35 62
35 87
37 55
38 79
39 69
39 80
40 10
40 31
41 45
43 21
45 19
45 58
45 95
46 76
48 8
48 50
50 8
51 91
52 66
52 81
53 70
55 46
57 72
57 82
57 98
58 22
58 38
60 51
60 61
62 86
63 4
64 61
65 12
65 30
65 44
65 81
67 1
67 54
67 97
70 87
71 41
72 72
73 18
74 5
75 65
75 81
76 60
77 24
78 78
78 94
79 53
80 12
81 29
81 87
83 15
84 23
85 44
86 77
88 69
89 50
90 21
91 87
93 8
93 57
94 43
96 31
96 67
97 26
97 42
99 75
