110
1 15
1 72
2 30
2 39
2 58
3 51
5 4
5 22
5 87
6 79
9 44
9 59
9 66
10 19
11 4
12 47
12 85
14 30
14 95
16 75
18 21
18 32
18 93
19 5
19 68
20 16
20 73
21 46
24 87
25 49
25 52
29 8
29 17
30 25
30 98
31 39
34 86
37 9
38 69
40 67
41 16
42 18
42 27
42 37
42 49
44 75
44 98
45 2
45 6
47 61
48 24
48 27
50 56
50 91
51 17
51 44
51 94
54 36
55 64
56 12
56 40
58 18
58 23
60 48
62 99
63 48
64 26
66 16
66 61
68 65
69 34
70 3
70 43
71 29
71 81
72 3
72 70
72 99
73 9
73 58
74 32
78 23
78 65
80 85
80 94
81 37
81 81
82 6
82 15
83 48
84 10
84 55
84 69
86 2
86 57
86 88
88 24
89 66
90 30
92 0
92 8
92 85
93 75
94 39
94 97
95 17
96 14
96 27
96 74
99 32
