105
0 6
0 18
0 42
1 66
1 86
2 52
2 73
3 23
3 55
3 93
7 72
7 80
8 29
11 2
13 12
13 41
13 88
15 27
16 40
17 16
17 77
18 94
19 25
20 6
20 28
22 0
22 45
25 41
25 87
26 92
27 10
31 64
32 58
32 99
34 28
34 74
34 92
35 1
38 10
38 24
38 92
39 48
39 60
41 66
42 78
43 70
44 3
44 60
44 73
44 84
45 50
46 31
46 48
47 9
47 49
48 23
48 41
48 89
50 6
50 38
53 16
54 30
54 63
55 21
57 9
57 16
57 57
58 88
59 32
59 93
60 71
61 47
64 5
64 34
68 20
69 41
70 54
71 33
72 7
72 18
73 97
74 40
77 0
77 24
77 70
77 90
79 9
80 61
80 87
82 55
82 90
83 40
84 25
84 34
86 59
87 81
90 34
90 94
91 6
91 79
92 92
96 12
96 13
96 68
98 41
