108
0 88
1 46
1 56
2 0
4 72
5 65
6 14
6 37
8 69
9 1
12 87
13 15
13 66
13 76
14 6
14 38
14 47
15 58
15 65
15 94
19 88
20 50
22 58
23 37
23 82
25 17
25 74
26 50
27 7
28 28
29 2
29 80
30 91
32 49
32 68
33 98
34 35
35 41
35 66
36 2
36 10
37 33
37 62
39 85
40 78
41 39
42 4
42 24
42 32
43 49
45 70
45 86
48 8
48 25
48 43
48 49
50 60
52 13
53 20
55 66
55 92
57 5
62 59
64 84
65 17
66 74
67 56
68 36
69 9
69 24
70 94
71 20
72 43
72 84
73 73
74 33
76 4
76 52
76 65
78 22
78 88
79 39
79 72
80 57
80 79
81 45
82 12
84 3
84 32
84 85
86 9
87 49
87 91
88 21
89 16
89 37
91 71
92 60
92 76
93 31
94 96
96 36
96 51
97 60
97 83
97 90
98 3
98 43
