109
0 6
0 13
3 21
3 53
3 66
4 61
4 89
6 28
6 47
7 34
7 73
9 4
9 63
10 8
12 49
12 69
14 20
14 43
14 95
15 8
15 60
18 66
18 89
20 40
20 47
20 81
21 96
22 18
23 25
23 75
25 32
25 55
30 34
31 7
31 14
31 82
31 90
32 56
33 17
33 29
33 35
35 51
35 81
37 97
38 84
39 23
39 42
39 76
40 66
41 57
42 6
42 13
42 90
43 30
44 67
46 4
48 32
49 17
49 64
50 26
50 77
50 85
50 94
51 1
51 40
54 50
56 74
57 78
58 38
58 63
60 15
60 22
63 44
64 9
64 91
65 2
68 16
68 25
71 32
71 47
72 55
74 64
75 18
75 74
77 39
79 52
80 60
80 88
83 5
83 72
87 14
87 52
88 76
89 4
89 30
89 53
89 62
92 94
95 5
96 19
96 46
96 59
97 28
97 86
97 99
98 12
98 37
98 52
99 70
