86
0 3
0 14
0 42
1 32
1 49
2 19
4 56
4 69
4 90
5 39
5 80
6 8
7 26
7 67
8 21
9 53
9 87
10 75
11 62
12 14
12 47
12 90
13 24
14 55
14 96
15 18
15 33
19 60
19 69
20 40
20 48
20 85
21 34
23 24
24 50
24 64
24 76
24 90
25 32
25 41
26 61
28 27
28 81
28 97
29 86
30 69
32 36
33 78
34 93
37 64
37 78
38 44
40 70
40 85
41 61
41 94
42 53
43 60
44 49
45 97
46 89
46 94
47 60
47 71
47 80
50 55
52 96
56 70
56 95
57 85
58 61
58 98
59 79
61 66
65 78
66 72
66 87
72 98
76 80
76 87
78 90
80 96
83 91
84 86
88 99
89 92
