112
0 14
0 54
1 20
1 35
3 66
3 82
5 0
6 27
6 74
7 44
7 60
9 9
9 56
12 89
13 35
14 78
15 52
15 60
15 67
17 10
17 43
17 93
18 75
21 82
21 96
22 28
22 40
22 57
23 22
23 50
24 88
27 29
27 75
28 43
30 29
30 95
31 56
33 4
33 85
34 43
34 61
36 86
37 58
38 11
38 73
39 8
39 99
41 21
42 51
43 0
44 12
44 56
44 62
44 68
44 97
47 31
48 77
48 80
49 19
49 53
50 12
50 88
51 23
51 42
55 0
55 4
55 68
56 76
57 34
57 95
58 42
58 54
59 15
60 21
61 97
64 76
65 32
65 38
66 66
68 2
68 20
68 24
68 63
70 31
70 55
70 87
72 13
72 71
73 48
79 39
79 78
81 23
81 96
82 72
82 75
83 61
84 60
84 99
85 47
86 18
87 9
87 49
87 81
90 68
91 35
91 38
91 65
96 0
97 36
98 96
99 19
99 31
