113
0 16
0 92
2 3
2 56
2 65
3 18
5 14
5 77
9 20
10 5
10 26
10 75
11 49
13 42
14 70
15 60
15 91
16 24
17 4
18 53
18 71
19 82
21 35
22 9
22 96
24 16
24 49
24 65
25 54
25 76
25 88
26 44
26 65
28 78
30 4
30 48
31 36
32 32
32 70
33 62
34 41
34 68
35 56
36 20
37 30
38 93
39 88
40 5
41 36
42 49
43 43
44 32
45 69
47 79
47 87
48 1
48 26
48 38
48 54
48 61
49 96
51 2
52 16
52 20
53 35
54 48
54 63
55 32
56 36
58 45
58 82
59 57
60 70
61 14
62 66
63 21
63 97
64 2
64 90
65 37
66 79
68 52
69 64
70 84
71 27
72 13
73 31
75 6
75 97
78 11
78 64
78 89
79 75
80 21
82 56
83 40
87 64
88 19
88 30
88 49
88 97
89 73
89 92
91 37
91 45
93 10
95 97
96 16
97 83
98 22
98 40
98 49
99 30
