100
0 11
1 17
1 27
1 37
1 47
1 57
1 67
1 77
1 87
2 95
3 3
5 27
5 37
5 47
5 57
5 67
5 77
5 87
7 10
7 15
7 20
10 37
10 47
10 57
10 67
10 77
10 87
11 3
12 25
12 30
12 95
15 7
15 17
15 52
15 62
15 72
15 82
17 1
17 35
17 40
17 45
17 90
20 17
20 27
20 62
20 72
20 82
22 5
22 10
22 50
22 55
22 95
25 17
25 27
25 67
25 77
25 87
27 1
27 35
27 40
27 45
27 60
30 17
30 27
30 52
30 67
30 77
30 87
32 5
32 10
32 95
35 52
35 62
35 77
35 87
37 1
37 15
37 20
37 25
37 30
37 35
37 40
37 45
37 70
40 7
40 62
42 50
42 55
42 75
42 80
42 85
42 90
42 95
44 61
45 3
45 12
45 22
45 32
45 42
45 67
