109
0 0
1 73
3 23
3 80
4 45
4 51
4 55
5 35
6 14
7 87
9 39
9 53
9 63
11 23
11 82
13 29
13 95
15 6
16 16
17 64
18 53
19 25
19 48
19 90
20 34
22 14
22 86
23 8
26 91
27 25
27 51
27 70
28 3
29 15
29 33
30 66
31 57
31 85
32 42
34 20
34 34
34 94
35 55
38 7
38 47
39 80
40 11
40 63
41 1
41 45
43 19
43 37
45 62
47 33
47 45
47 74
49 21
50 45
51 6
52 86
54 33
55 49
57 69
57 92
58 40
58 59
59 89
60 12
61 59
63 10
64 3
64 44
65 28
68 36
70 3
70 74
71 86
71 98
72 5
73 25
74 32
75 53
77 61
79 20
80 27
80 66
80 75
80 83
80 98
81 41
81 43
82 90
83 8
84 71
85 8
85 62
86 1
86 21
86 53
86 89
89 12
89 74
89 80
90 96
91 61
93 90
96 24
98 55
99 46
