114
0 5
0 54
2 30
2 75
3 2
3 47
5 63
6 81
7 58
7 71
9 52
9 56
10 42
11 96
12 40
12 87
13 15
13 72
14 1
15 20
18 87
19 56
20 9
20 92
21 20
21 32
21 51
22 34
22 67
23 14
23 85
24 2
25 7
26 22
26 33
26 92
27 39
27 79
28 55
31 37
32 22
35 52
36 14
36 26
36 61
36 78
37 67
37 85
38 89
39 70
39 98
40 50
41 8
43 79
45 14
45 36
45 65
46 78
47 88
52 16
52 79
52 93
53 41
53 45
54 70
56 14
56 29
56 95
57 44
57 55
58 18
59 35
61 71
64 29
64 71
65 46
66 91
68 24
68 32
68 97
69 3
69 43
70 80
70 84
71 70
73 14
74 3
74 63
74 98
77 30
77 41
78 34
79 54
80 21
82 95
83 30
83 78
83 86
84 73
86 31
86 40
88 16
89 34
89 88
91 41
92 12
92 50
92 96
93 68
95 4
95 21
96 32
97 76
98 6
