111
0 17
2 82
2 87
3 35
3 50
3 51
4 63
4 78
6 14
6 75
8 64
10 30
10 37
11 82
13 75
14 29
14 95
15 0
16 51
16 89
18 81
18 96
20 25
21 36
21 56
22 9
22 74
23 45
23 60
24 0
24 90
25 16
27 10
28 52
28 67
28 80
29 76
30 28
32 11
33 26
34 8
34 36
34 95
35 20
35 65
36 46
37 51
37 82
38 19
38 95
40 58
40 73
41 15
45 90
46 56
46 95
48 3
48 37
48 69
51 27
51 77
53 10
53 24
53 54
55 42
55 97
59 69
60 71
60 84
61 2
61 13
61 24
61 53
63 39
65 32
65 56
68 13
68 32
69 20
69 79
71 62
73 43
74 20
77 29
77 70
77 99
78 9
79 16
79 49
80 13
83 82
84 67
84 71
85 56
85 91
87 32
88 5
88 15
88 42
91 50
91 98
92 73
93 7
94 66
94 69
94 83
95 52
97 7
98 14
99 26
99 47
