104
0 29
1 1
2 85
2 97
4 7
4 16
5 54
7 70
9 93
9 96
11 20
11 79
13 10
13 93
14 56
15 2
15 33
16 42
16 86
21 0
21 13
22 76
22 89
24 68
27 52
28 7
28 69
31 48
32 55
32 94
33 14
33 27
34 96
35 36
35 55
35 71
35 75
35 84
36 11
39 37
39 49
42 50
43 24
43 71
44 92
45 4
46 72
47 27
47 63
47 80
49 45
50 54
51 4
52 38
53 97
54 58
54 85
55 28
56 15
56 99
59 19
59 54
59 92
60 65
61 19
63 32
64 63
65 13
67 92
68 13
68 88
69 34
69 79
70 1
71 21
71 37
71 45
71 50
72 73
73 64
75 35
75 97
76 8
77 49
78 12
79 60
79 75
80 47
81 52
84 25
85 1
85 14
87 90
88 33
89 8
90 70
90 92
92 45
92 91
94 31
96 81
97 6
97 96
99 19
