110
1 84
2 48
2 57
2 94
3 71
3 77
4 41
5 59
5 82
8 3
8 41
8 99
10 28
12 59
13 85
14 5
14 28
14 53
14 98
15 76
16 19
16 63
16 87
17 37
18 43
21 79
22 56
22 91
23 11
23 26
23 58
23 71
24 85
27 15
28 76
29 6
29 31
29 66
31 50
32 26
32 33
32 72
32 81
32 90
33 63
36 62
38 16
39 22
39 76
40 88
45 3
45 62
48 22
48 43
48 48
50 80
53 34
53 73
54 26
54 38
54 57
55 13
55 86
57 90
60 5
60 47
61 75
62 59
62 91
63 5
65 65
67 75
68 0
68 81
69 13
70 22
70 55
73 34
74 9
74 43
76 63
76 89
77 30
77 38
79 75
80 64
81 11
81 33
82 15
82 49
82 91
83 92
88 83
90 30
90 36
90 64
90 79
90 94
91 4
91 22
91 69
94 37
95 66
96 25
96 50
97 3
97 13
97 17
98 58
98 90
