104
1 60
2 37
4 8
4 69
5 51
6 24
8 76
8 97
11 9
11 65
11 70
12 45
13 91
15 77
15 90
16 52
17 5
18 24
19 32
19 96
20 58
22 18
22 38
22 69
23 74
24 67
25 6
25 28
26 51
27 11
27 46
27 94
29 17
30 88
33 67
33 70
34 48
35 8
35 88
36 96
37 19
39 43
39 56
41 1
42 61
43 9
45 71
46 49
48 26
48 30
48 94
48 97
49 11
52 49
53 21
54 80
55 3
55 65
55 71
55 98
56 20
57 36
57 80
58 91
60 41
60 51
61 60
62 13
63 2
63 68
64 26
64 95
66 85
69 16
70 60
70 70
72 12
73 26
74 44
76 35
77 4
77 64
79 76
80 16
80 90
82 79
83 69
83 92
85 26
87 40
88 53
88 60
89 85
90 21
91 7
91 77
91 86
93 39
94 62
95 2
95 13
96 61
97 30
97 91
