115
0 73
1 55
2 10
2 29
2 85
4 42
4 97
5 65
6 92
7 35
7 79
9 16
9 42
11 23
12 59
12 89
13 0
14 35
15 31
16 9
16 39
17 18
17 49
18 22
18 62
20 99
22 1
23 10
25 42
25 44
25 77
27 31
27 64
27 90
28 2
28 5
28 17
28 56
30 21
32 79
32 90
34 48
34 59
34 71
36 24
37 41
37 50
39 1
39 96
40 14
40 35
40 66
45 27
46 21
46 83
47 73
47 99
48 33
49 93
51 54
51 65
52 27
53 84
54 11
54 74
57 8
57 39
57 49
60 19
60 63
61 31
62 8
62 61
62 89
65 75
65 99
66 88
67 21
67 44
68 2
68 32
69 4
70 10
71 96
73 8
73 71
74 39
74 51
75 55
75 91
78 3
79 15
80 66
81 52
82 13
83 25
83 82
85 36
85 82
86 94
87 75
88 64
89 29
89 49
89 76
90 54
92 7
94 72
94 82
94 94
96 38
97 27
97 47
97 94
99 63
