101
0 77
2 55
4 0
4 26
4 94
5 97
6 15
6 33
7 81
8 6
9 65
11 61
12 46
13 53
13 76
13 87
14 11
16 92
17 19
17 66
19 44
20 17
20 58
22 35
24 71
25 55
25 77
26 90
27 14
29 62
30 96
31 9
33 25
33 96
36 50
36 71
38 45
39 34
40 27
40 82
42 10
42 96
43 58
44 21
45 6
46 1
47 27
48 81
48 95
50 39
50 52
51 35
52 9
52 25
53 67
53 88
55 19
55 30
58 23
58 55
59 53
59 61
59 97
61 8
62 44
62 79
63 90
64 3
65 36
67 19
67 65
68 71
69 40
69 53
71 1
73 23
74 14
75 53
76 28
76 72
77 43
77 80
80 97
82 21
82 34
82 49
82 60
83 79
85 95
87 47
88 27
89 82
92 55
93 9
93 46
94 3
95 25
97 75
98 40
98 56
99 16
