111
0 8
1 53
3 49
4 24
4 33
5 90
6 40
8 43
9 74
10 63
11 82
11 94
12 0
12 40
13 18
14 25
14 30
14 94
17 51
18 0
18 15
18 32
19 76
19 88
21 45
21 67
22 10
22 26
23 34
24 59
25 28
27 56
27 64
28 84
32 26
33 16
33 97
37 85
39 25
41 18
42 73
43 44
44 53
44 75
45 33
46 96
47 12
47 68
48 83
49 25
49 47
50 2
50 16
50 92
52 34
52 44
52 49
52 75
55 53
57 11
58 14
58 29
59 95
61 0
61 91
62 23
63 28
63 35
63 64
64 80
65 72
66 12
66 15
66 56
66 92
70 74
72 47
73 1
73 16
75 25
76 89
77 35
77 48
78 6
78 58
79 19
79 45
80 14
80 65
80 95
81 70
82 99
84 54
85 5
85 27
86 18
87 41
91 81
92 88
92 97
93 44
94 33
94 49
94 56
96 36
96 65
97 75
98 2
98 8
98 92
99 13
