114
0 4
0 11
0 16
1 31
2 2
2 61
3 2
3 44
3 76
5 96
6 69
7 27
7 81
8 5
8 45
8 92
9 36
11 14
12 23
14 0
14 2
14 9
16 28
16 36
16 60
18 94
20 23
20 68
21 50
21 56
22 2
23 79
23 85
24 8
24 16
24 33
27 87
28 23
30 76
32 4
32 44
33 0
33 13
33 55
33 65
34 37
36 9
36 26
38 71
39 22
40 84
41 36
42 14
42 43
42 51
45 1
45 59
45 88
46 28
46 43
47 19
48 52
49 1
49 10
49 36
50 66
52 44
52 59
53 28
53 77
55 49
57 71
58 65
58 86
59 29
60 20
61 8
62 22
64 11
64 98
69 5
69 13
69 63
69 78
70 29
71 50
72 90
74 67
74 98
75 58
76 53
81 36
82 52
84 3
84 15
85 42
87 24
88 29
88 66
88 82
89 2
89 55
90 88
91 14
91 36
91 46
93 59
94 51
94 99
95 8
96 92
98 15
98 24
99 84
