114
0 31
0 69
2 44
2 81
4 17
5 1
5 96
6 23
8 17
8 91
10 38
11 64
11 74
12 58
13 66
14 28
15 83
17 43
17 93
18 12
18 22
19 71
21 86
23 78
24 38
25 54
26 81
27 97
28 68
29 41
29 90
30 22
32 17
32 52
33 97
34 26
34 74
35 38
38 21
38 64
39 2
39 51
40 43
40 74
41 9
42 17
42 41
45 38
46 35
46 50
48 94
49 90
50 11
50 56
50 74
51 23
51 35
51 71
52 88
53 50
54 62
55 95
56 72
57 29
59 39
59 50
60 64
61 10
62 48
62 82
62 97
64 0
66 38
66 71
69 81
70 22
72 9
72 43
73 97
75 81
76 22
77 72
79 13
79 39
79 69
80 44
80 90
82 17
82 34
82 82
83 39
83 97
85 1
85 56
87 17
87 74
89 10
90 15
90 30
90 50
90 71
91 35
91 60
93 42
96 24
96 53
96 73
97 0
97 28
97 45
97 91
98 10
98 17
98 34
