110
0 15
0 34
0 77
0 90
1 25
2 71
3 3
5 1
7 52
7 68
7 85
7 88
8 17
8 67
10 73
17 64
17 88
18 32
19 5
19 80
20 59
23 21
23 28
23 89
25 15
25 53
26 71
27 80
28 5
29 43
31 61
32 15
32 48
33 67
33 72
34 35
36 52
36 91
36 97
37 14
37 41
37 68
38 20
39 61
40 34
40 75
41 44
41 50
45 6
46 84
47 25
47 44
47 69
48 65
48 84
49 97
51 13
53 61
53 88
54 49
55 75
55 96
56 59
56 70
57 33
57 38
58 23
63 13
64 25
64 82
66 33
67 7
67 59
67 97
68 15
69 36
70 2
71 29
72 89
73 57
74 20
75 12
76 95
77 35
78 4
78 18
79 79
80 45
81 73
81 98
82 56
83 29
86 43
86 95
87 67
90 5
90 83
91 13
91 29
91 57
92 20
93 94
95 87
96 5
96 26
97 64
98 15
98 70
99 31
99 41
