112
0 6
0 51
1 1
1 22
2 28
2 59
2 70
3 47
4 96
5 42
5 72
7 85
9 48
9 82
11 36
11 67
13 16
13 60
15 14
15 52
17 4
17 42
18 29
19 63
19 85
21 72
22 33
24 21
24 44
24 99
25 11
25 65
26 46
27 3
28 76
29 53
29 97
31 41
31 66
32 33
32 81
35 27
35 95
36 52
36 80
36 87
38 17
38 62
40 2
40 43
44 25
45 44
45 62
46 91
47 68
49 41
49 61
49 80
50 1
50 25
52 6
55 90
56 0
56 16
56 31
56 72
57 65
58 92
61 44
61 54
61 88
62 60
62 85
64 77
65 2
65 67
66 25
68 14
68 31
68 89
69 64
71 8
71 50
72 78
72 96
73 90
74 34
74 42
74 66
75 69
76 80
78 86
78 99
80 19
82 29
82 36
82 47
87 61
87 74
88 22
89 6
89 79
90 93
92 41
92 52
95 35
96 7
96 26
97 77
97 98
98 53
99 43
