111
0 48
0 89
1 77
2 11
5 64
5 95
6 5
6 42
7 23
7 47
7 85
8 14
8 75
9 28
9 53
10 80
10 97
12 9
12 72
13 47
14 18
15 33
17 79
18 56
18 86
19 25
19 47
20 66
21 33
24 21
27 97
28 85
29 70
30 19
31 4
31 13
31 65
32 9
32 30
32 49
33 1
33 60
33 74
35 28
36 83
36 91
38 53
39 9
39 61
39 78
39 97
42 32
43 53
44 19
45 12
45 35
45 41
45 96
46 75
49 6
49 47
51 26
53 61
53 86
55 14
56 75
56 80
58 66
60 29
61 49
62 98
63 64
66 77
67 29
68 40
68 95
69 13
69 20
69 35
70 57
71 1
73 26
73 84
75 60
76 72
77 55
78 5
79 35
80 12
81 47
83 21
84 38
84 57
87 93
88 83
89 70
90 25
91 55
92 8
92 61
92 80
93 40
94 15
94 34
94 72
96 67
97 84
97 95
98 9
98 22
99 41
