90
0 99
1 46
1 74
3 2
3 8
3 20
3 32
3 64
3 93
4 14
4 56
5 35
8 4
9 11
9 65
10 26
10 83
11 75
11 88
12 15
12 20
12 96
13 37
14 0
14 1
14 6
14 46
14 54
14 83
15 8
15 11
16 78
20 41
20 45
20 90
21 57
21 64
21 75
22 3
22 18
22 26
25 12
29 1
29 33
30 53
31 20
31 46
31 91
31 97
32 35
34 6
34 14
35 29
37 74
39 3
40 18
41 66
43 73
44 14
45 6
45 83
45 93
47 43
47 50
47 53
50 16
50 18
50 45
53 7
53 77
55 13
61 11
61 91
64 3
64 83
73 17
73 25
75 5
75 95
78 36
79 12
82 17
83 26
86 1
91 5
91 16
91 23
94 12
95 47
97 4
