105
0 43
0 83
2 59
3 37
3 72
5 20
6 61
7 37
9 82
10 55
11 7
13 34
13 95
14 74
17 35
18 3
19 25
19 48
19 65
19 83
19 92
19 95
20 20
20 64
22 49
25 8
25 43
26 18
27 67
28 71
29 3
29 10
29 32
29 46
30 37
30 88
31 56
32 18
34 6
34 45
34 68
35 13
35 77
37 23
37 86
38 64
41 10
43 28
43 55
44 92
45 74
46 94
47 83
50 53
51 73
51 81
54 8
54 36
55 39
58 60
59 25
60 19
60 52
60 89
61 63
63 0
64 54
65 17
65 69
66 77
67 2
67 31
70 31
70 96
72 50
72 87
74 70
76 86
76 97
77 0
77 49
78 17
78 80
79 79
80 26
81 92
83 28
84 44
86 55
86 83
87 34
88 6
88 18
88 51
89 73
89 90
90 76
91 20
92 29
92 99
95 40
96 15
97 64
98 53
99 66
