112
0 0
0 14
0 22
0 30
1 54
2 73
3 39
4 65
4 85
5 97
6 61
7 13
9 44
10 36
13 65
13 73
13 82
16 4
16 45
16 80
17 10
17 87
18 1
19 31
21 15
23 3
23 12
23 40
23 64
25 84
26 50
27 33
27 58
28 79
29 47
29 93
31 51
32 7
32 18
32 28
33 10
33 73
36 79
36 93
38 2
38 41
39 91
39 98
40 60
42 26
44 41
45 5
45 15
45 85
46 55
47 64
47 71
48 90
49 79
50 21
50 86
50 94
53 32
56 64
57 43
57 51
58 0
58 35
58 59
59 74
62 80
63 8
64 30
65 91
66 7
67 97
68 23
68 49
68 65
68 85
69 15
69 36
70 2
71 41
74 37
76 3
77 13
78 21
78 35
79 59
79 86
81 91
82 38
82 73
83 69
86 14
87 2
87 7
87 41
87 51
87 83
88 69
88 99
90 56
91 61
93 2
94 15
94 52
95 97
96 70
99 33
99 80
