105
1 93
2 59
3 10
3 57
4 82
6 37
8 3
9 23
9 25
10 15
10 77
12 66
13 42
13 67
13 79
16 30
16 55
16 93
18 5
18 19
19 49
19 59
21 23
22 0
23 15
23 49
24 40
25 96
27 54
27 71
28 80
30 30
30 41
30 61
32 11
34 6
34 22
34 66
34 97
36 39
36 81
36 90
39 30
40 46
40 67
43 8
45 4
45 96
46 62
47 17
47 71
48 3
49 86
51 49
52 12
52 41
52 65
55 53
55 83
56 6
56 94
57 48
58 13
58 23
59 81
61 41
63 26
64 15
64 38
64 68
68 15
68 74
69 47
69 83
71 28
71 84
72 8
73 38
73 95
74 32
76 80
77 47
79 15
80 10
82 72
83 26
84 0
84 59
85 48
85 89
87 31
87 41
87 66
88 77
89 21
91 72
92 9
93 19
94 50
95 21
95 86
95 93
96 66
97 33
97 80
