117
0 0
0 18
0 30
2 69
3 57
3 78
3 85
5 12
6 26
6 92
7 50
7 80
8 4
8 43
9 72
10 38
11 30
11 91
12 25
12 42
13 70
14 11
14 83
16 63
17 23
18 18
18 91
19 6
19 55
19 95
21 50
22 14
24 3
25 58
25 92
27 19
27 32
28 2
28 26
29 45
29 89
30 23
31 29
32 39
32 55
32 80
33 65
35 13
35 91
36 2
37 24
38 0
39 85
40 40
40 50
41 71
44 26
44 98
45 80
47 55
49 17
50 36
50 65
51 4
51 73
51 82
51 93
52 10
52 21
52 64
53 68
53 95
54 7
56 32
59 10
62 32
62 69
63 49
63 87
64 23
64 78
65 54
66 72
68 41
68 94
69 5
69 15
71 30
72 23
72 42
73 18
75 99
77 69
78 16
79 97
80 55
81 43
81 78
82 3
82 65
86 11
86 69
87 92
88 95
89 79
90 23
90 51
91 60
94 36
94 80
96 64
97 47
97 69
98 28
98 33
99 3
99 37
