115
0 0
0 1
0 21
0 99
1 7
2 17
2 83
3 65
4 25
5 49
5 63
7 69
10 78
11 17
12 87
13 35
14 3
14 8
16 27
16 57
18 81
20 6
20 15
20 53
20 70
22 66
24 30
24 61
24 79
24 93
25 36
26 22
26 41
28 46
30 11
30 97
31 6
32 78
33 27
33 91
35 27
35 33
35 78
37 21
38 43
38 63
39 9
39 94
41 25
41 37
41 51
43 76
45 48
46 75
47 6
48 42
48 60
49 18
49 53
49 70
52 26
52 98
53 2
53 12
53 85
55 32
55 70
55 80
56 49
57 39
57 50
58 54
61 15
61 37
61 44
62 82
63 98
64 18
64 26
65 61
66 21
66 87
67 41
68 2
68 52
69 63
71 78
73 26
73 92
76 49
76 79
77 41
77 51
77 97
78 66
79 36
81 5
81 23
82 54
82 61
83 46
84 97
85 91
88 57
89 12
90 64
90 81
90 90
90 97
93 48
95 2
96 40
97 94
98 51
99 74
