118
0 52
1 22
1 62
2 38
3 4
3 7
3 67
4 31
4 99
5 41
5 78
6 3
7 87
9 46
9 59
10 27
12 42
13 58
14 80
15 20
15 93
16 13
16 67
17 54
17 57
17 89
19 47
20 77
22 33
23 80
24 92
25 70
27 34
28 91
29 65
29 87
30 11
30 42
32 57
33 2
33 25
34 98
35 51
38 65
39 5
39 9
39 42
39 58
40 78
41 93
42 1
42 70
44 88
45 44
45 91
46 73
50 40
50 69
52 5
52 10
55 2
55 55
55 81
56 24
57 96
58 79
59 10
59 15
60 65
61 35
61 88
63 28
63 54
64 3
64 71
64 84
67 18
67 91
68 66
69 33
69 84
71 50
72 59
73 5
73 55
73 64
75 7
75 40
76 75
77 2
77 58
79 37
81 45
81 85
82 26
84 2
84 79
85 52
86 17
86 87
87 14
87 67
88 27
88 61
89 70
91 41
92 96
94 10
94 20
95 9
95 21
95 81
95 96
96 33
96 58
96 90
97 29
97 74
