112
0 14
1 85
2 97
3 6
3 27
3 57
3 70
3 77
3 93
6 95
7 80
8 37
8 48
11 18
11 32
11 48
12 3
12 25
12 60
13 66
14 12
14 43
17 33
17 86
18 62
18 77
21 14
21 44
21 93
22 88
24 49
24 80
28 59
28 64
28 96
29 19
29 40
30 25
31 48
32 28
32 80
35 11
35 97
36 12
36 69
36 73
37 25
38 63
39 33
39 91
40 47
40 67
40 90
41 80
43 77
45 54
46 68
46 95
48 21
48 34
49 8
49 37
49 45
50 11
53 81
53 86
54 4
54 74
58 28
58 56
61 54
61 82
62 29
63 71
65 92
67 2
68 35
68 45
68 47
69 67
69 78
69 97
71 9
73 30
73 37
73 97
77 35
77 45
77 76
78 16
78 90
79 21
79 60
81 52
83 8
83 60
84 30
84 70
86 76
87 18
90 0
91 90
92 6
92 25
92 48
92 97
93 27
94 95
95 82
96 13
97 54
97 58
