108
1 8
2 22
3 43
4 28
4 48
5 89
6 60
10 8
10 86
12 69
12 79
14 33
15 48
18 8
18 94
21 62
23 70
23 74
24 5
24 6
24 55
25 26
25 46
27 44
28 80
29 8
31 16
31 22
32 15
32 92
33 67
33 88
36 43
36 57
37 22
37 80
38 12
39 75
40 3
40 52
40 89
41 96
42 63
43 7
46 43
47 21
47 23
47 39
48 14
49 2
50 87
51 79
52 61
52 96
53 33
54 7
54 48
57 26
57 50
58 70
59 8
59 33
59 40
60 6
61 78
62 50
63 65
64 75
66 18
67 57
67 89
68 22
71 67
72 33
72 81
73 0
73 51
74 47
75 30
75 91
76 10
77 57
77 76
78 42
79 61
79 97
80 54
82 21
82 95
83 66
85 74
85 87
86 41
88 16
89 56
90 47
92 26
92 88
94 10
94 25
94 48
94 66
95 57
96 41
96 77
97 62
99 2
99 12
