113
1 0
2 33
2 65
3 6
3 51
3 94
4 27
4 89
6 3
6 47
6 83
8 13
8 57
8 73
9 19
12 32
12 72
12 92
13 80
14 27
14 48
16 44
16 95
19 9
19 41
20 61
23 14
24 3
24 48
25 69
26 28
26 72
27 0
29 82
30 37
32 40
32 50
32 56
32 63
33 61
34 88
35 12
36 25
37 31
38 15
39 72
40 2
40 58
40 66
42 10
42 35
44 54
45 46
46 27
48 36
48 97
50 13
50 80
50 89
51 67
52 1
52 64
54 22
55 56
55 72
56 35
58 90
62 6
62 66
63 38
63 92
66 66
67 34
67 41
68 49
70 17
70 73
71 14
71 47
72 55
74 53
74 96
75 30
75 90
77 16
78 44
78 73
79 31
80 78
82 20
83 67
85 51
85 92
86 13
86 85
87 12
87 24
87 54
88 80
89 3
89 64
89 96
90 70
93 14
93 87
95 39
95 53
96 46
96 65
96 67
97 9
97 96
99 22
