114
0 74
0 75
0 99
1 6
1 53
3 46
4 17
4 62
4 76
7 31
10 3
10 14
10 22
12 94
13 61
16 20
16 28
16 61
17 52
18 13
18 33
21 32
21 69
21 98
22 6
23 73
24 67
25 47
25 55
27 73
29 2
29 39
30 29
30 86
32 20
32 80
33 13
33 34
33 52
34 87
35 3
35 61
36 46
40 36
40 86
41 49
42 29
42 92
43 44
44 60
44 98
45 84
46 56
47 35
49 44
49 81
49 91
54 60
54 73
55 43
55 50
55 94
58 27
58 32
59 85
60 10
61 3
61 53
62 23
62 70
62 83
64 15
66 42
67 9
67 29
67 71
67 93
70 37
70 48
72 20
73 56
73 72
73 83
73 86
74 3
74 13
76 42
77 49
77 66
78 22
78 60
78 94
79 6
81 30
82 13
83 51
85 68
87 1
88 84
90 15
90 92
92 23
92 33
93 40
94 66
95 14
95 74
96 92
97 3
97 85
98 31
98 52
99 21
99 60
