104
1 6
3 27
3 78
3 91
4 55
5 2
5 62
8 50
8 80
9 84
9 92
10 39
14 17
14 71
15 29
15 52
17 14
18 90
19 3
20 61
22 75
24 36
25 15
30 2
30 6
31 38
31 97
32 84
33 26
34 66
34 82
36 28
37 14
37 17
38 51
38 72
38 98
39 68
41 37
42 28
42 95
43 81
44 60
45 9
45 54
46 6
46 45
46 77
48 94
49 29
50 39
51 15
51 19
52 4
53 97
56 52
57 34
57 81
57 90
60 2
61 66
62 58
63 32
63 48
63 74
63 94
64 86
65 53
65 61
66 3
66 25
66 29
66 35
67 12
68 48
68 72
71 23
72 92
73 33
75 82
76 67
78 33
79 49
79 79
80 14
80 60
80 70
83 13
83 27
84 61
86 32
86 58
86 74
87 2
88 41
89 77
90 30
90 41
90 85
95 57
96 79
99 5
99 20
99 86
