104
0 51
1 36
1 77
3 4
3 25
3 65
3 88
3 99
4 61
5 14
8 35
10 6
10 50
10 71
11 94
12 26
12 45
16 29
16 97
18 18
18 45
19 7
20 68
23 77
24 27
25 63
25 69
26 31
26 94
27 11
27 47
27 77
28 17
31 89
34 56
35 36
35 94
36 35
36 66
38 60
39 3
39 12
39 49
39 76
40 48
40 69
42 18
43 8
43 71
43 91
46 43
47 16
47 20
48 65
48 96
51 27
51 52
52 11
53 18
53 31
53 74
54 59
55 93
57 43
58 32
59 5
59 95
60 52
63 11
63 45
63 74
65 59
66 9
67 73
67 87
68 42
72 42
72 46
73 82
73 95
75 14
75 31
76 79
77 62
78 2
78 93
79 50
82 95
83 3
83 43
85 87
87 15
88 25
88 51
89 28
95 78
96 26
96 35
96 90
96 98
97 8
97 42
98 57
98 61
