114
0 22
0 57
0 95
2 1
2 38
3 64
5 85
5 92
7 0
10 14
10 20
10 99
13 50
13 77
14 4
14 38
15 55
16 88
17 47
18 79
19 94
20 11
20 19
21 39
22 23
22 55
22 76
24 46
25 78
26 35
26 97
31 43
32 95
33 26
33 89
33 95
34 11
34 60
34 66
34 78
35 1
37 29
37 71
38 15
38 35
41 44
41 51
42 2
42 72
43 57
44 39
44 80
44 88
47 11
48 31
49 36
49 43
51 16
51 97
52 55
52 74
53 27
53 69
54 46
55 40
55 93
56 14
57 78
59 9
59 31
62 95
63 19
63 53
66 47
67 66
68 71
70 64
70 89
71 4
71 52
72 26
73 70
74 9
74 84
75 77
75 96
76 55
77 37
78 3
78 23
80 66
81 74
82 59
83 97
85 15
87 72
87 77
88 49
90 13
92 34
93 0
93 58
93 95
95 54
96 26
96 37
96 73
97 37
97 65
98 3
98 42
98 49
98 79
99 62
