116
0 0
0 5
0 44
0 63
0 79
1 54
1 92
2 16
4 8
4 49
6 33
6 86
7 64
10 15
10 45
10 79
11 22
11 62
12 96
13 81
14 7
14 88
15 1
15 55
15 70
16 26
16 35
17 19
18 50
21 48
21 70
23 4
23 77
24 31
26 87
27 6
27 51
29 62
30 1
30 36
32 11
35 80
36 45
37 85
39 80
40 13
41 7
41 53
43 33
44 39
44 70
44 93
45 49
45 79
47 6
48 40
48 87
49 26
49 97
50 14
53 40
54 34
54 45
55 92
56 71
57 16
57 55
58 8
58 80
58 96
61 24
61 63
61 85
63 45
65 5
65 19
65 59
67 38
68 77
68 85
69 68
70 11
72 53
74 21
74 31
74 83
74 93
79 8
79 16
79 59
79 66
79 90
79 97
80 0
83 43
85 3
85 50
86 91
87 61
87 99
88 35
88 75
89 8
89 43
92 19
92 35
93 10
93 53
94 47
94 77
95 1
95 97
96 86
97 8
97 69
97 70
