114
0 17
0 88
2 78
3 67
7 23
7 29
9 6
9 67
9 86
11 53
11 78
13 22
13 33
14 6
14 7
14 17
14 72
14 96
15 48
16 40
18 30
21 1
21 52
22 9
22 67
24 57
26 26
26 32
26 89
28 97
29 18
30 78
32 14
32 51
32 92
33 63
34 29
35 76
36 41
38 17
38 89
39 67
40 97
41 27
41 79
42 71
43 91
44 30
44 60
45 11
45 52
46 72
47 66
49 1
49 16
49 90
52 84
53 10
54 40
54 47
55 25
55 56
56 77
57 48
58 7
58 19
59 34
59 90
60 12
61 25
61 73
62 4
63 30
65 86
66 18
66 37
67 9
68 65
69 48
69 56
71 99
72 24
72 39
72 82
75 15
75 97
77 47
79 25
79 41
79 65
79 91
81 86
83 97
84 0
84 41
84 76
85 91
87 7
87 69
88 16
89 85
90 25
90 68
92 54
92 81
93 45
95 18
95 39
95 89
96 77
96 94
98 18
98 45
99 23
