106
0 6
0 24
0 51
3 84
4 15
5 58
6 31
6 38
7 26
7 49
10 40
11 58
11 87
11 93
12 16
12 68
12 80
13 16
14 49
17 99
20 26
20 59
21 0
22 29
23 13
23 53
24 64
24 72
25 45
27 7
28 56
28 98
29 79
32 18
32 70
33 48
33 93
34 3
34 42
36 56
36 61
37 81
38 6
38 31
40 14
41 25
41 57
42 48
42 70
45 96
46 56
46 93
47 17
47 76
49 14
49 35
49 60
49 96
50 51
50 76
50 93
51 29
54 27
54 39
54 45
56 80
57 90
59 44
59 73
61 10
63 21
63 41
64 54
64 62
64 84
65 20
65 30
65 96
68 67
70 0
70 50
72 87
74 28
75 97
77 41
80 23
80 68
80 84
81 2
81 6
81 55
81 94
82 60
84 0
84 14
84 24
90 88
91 41
93 13
93 48
94 60
94 94
95 1
98 24
98 41
99 69
