116
1 5
4 67
5 24
5 61
6 28
6 86
7 6
7 14
7 81
8 24
8 53
8 73
9 14
10 67
14 16
14 55
15 2
15 64
16 9
19 3
19 80
20 34
21 86
22 29
22 47
22 95
24 65
24 73
25 4
25 41
26 99
27 26
27 56
27 79
29 8
29 87
30 55
30 72
31 25
33 13
33 40
33 68
34 85
35 77
35 97
36 47
37 18
38 6
38 34
39 49
39 65
40 41
40 86
43 59
44 44
44 50
44 95
46 7
46 78
47 19
47 29
47 37
48 81
50 42
50 75
51 56
51 82
51 91
53 39
55 5
55 62
56 18
56 96
57 35
58 11
58 46
59 75
59 90
63 28
65 86
66 5
67 72
68 92
70 36
71 60
72 77
72 97
74 91
75 29
77 45
77 58
77 71
77 82
78 9
80 67
80 75
81 25
83 39
83 89
84 30
84 94
85 57
86 3
86 78
88 46
88 51
89 69
90 84
92 56
93 19
93 36
93 75
95 92
97 44
97 87
98 80
