116
1 98
2 5
2 33
2 67
3 51
3 71
3 84
4 35
6 67
6 83
7 35
9 18
10 27
10 97
11 4
13 69
13 80
14 57
16 0
17 48
18 10
21 86
22 44
25 10
25 60
25 67
28 4
28 23
29 29
29 75
30 13
33 0
33 40
34 33
34 67
34 78
34 89
34 98
35 20
37 59
39 94
40 8
40 18
40 25
40 64
42 34
42 48
42 79
42 89
43 31
44 47
45 72
45 80
46 56
46 74
47 9
47 38
50 97
53 26
53 55
53 84
53 95
54 16
54 42
55 74
55 85
56 29
58 50
60 4
62 20
62 48
62 94
63 60
63 81
64 1
65 86
66 23
66 34
66 69
67 56
68 42
71 7
71 97
72 78
73 12
73 37
73 66
74 85
76 58
79 3
79 45
80 16
80 63
82 38
82 85
83 53
84 14
84 44
85 5
86 79
87 58
88 62
90 87
91 49
92 22
93 46
95 0
95 14
96 35
96 95
97 48
97 83
97 97
99 21
99 42
99 70
