103
0 3
3 10
3 34
3 47
6 28
6 41
7 92
8 16
9 6
12 50
12 82
13 28
14 1
14 11
15 27
16 90
17 20
17 72
20 10
21 57
21 85
22 25
22 74
23 5
23 38
25 56
26 19
26 87
26 97
27 28
28 69
29 9
31 43
31 49
33 56
34 19
34 95
35 1
38 35
38 39
39 65
40 63
41 78
42 8
42 27
42 70
43 46
45 15
46 17
46 31
47 6
48 96
49 96
51 15
51 55
51 87
53 77
54 36
55 22
56 53
56 97
57 17
59 30
60 40
60 45
61 5
62 32
62 97
63 74
63 88
65 68
67 15
67 16
67 90
69 77
70 49
70 54
73 17
74 56
76 61
76 78
78 88
79 16
80 67
81 1
81 57
82 35
85 83
86 29
86 59
87 11
87 43
90 1
90 72
91 12
91 69
92 39
93 51
94 6
94 19
96 77
97 66
99 16
