108
0 81
1 18
2 35
2 91
3 53
5 31
6 99
7 67
10 33
10 38
10 76
11 44
12 66
12 86
13 20
13 37
14 79
15 6
16 54
18 17
19 77
20 92
21 92
22 11
22 34
23 62
24 0
24 85
25 54
26 29
26 87
27 72
28 51
29 46
31 66
31 95
33 10
35 37
38 30
38 47
39 1
40 10
41 45
41 66
42 60
42 73
43 26
44 11
44 38
45 2
48 17
48 53
48 66
49 52
51 99
52 16
52 33
52 42
53 74
53 90
54 7
55 42
55 83
57 27
57 47
57 69
61 34
64 55
65 64
66 22
67 88
69 71
70 2
70 33
70 83
72 17
72 50
73 12
73 74
73 92
74 55
76 11
76 28
77 92
79 89
80 44
81 32
81 65
82 36
84 73
84 97
85 56
87 12
87 65
87 69
87 78
88 0
89 37
89 77
91 17
91 89
93 27
94 47
94 57
95 26
95 60
96 30
97 7
