113
0 38
1 10
1 15
2 24
2 30
3 63
4 43
7 49
8 86
11 80
12 14
12 19
13 68
13 90
14 3
14 50
14 54
15 28
16 11
16 91
19 78
20 94
21 64
22 24
23 13
25 50
26 82
27 1
29 28
29 53
30 8
30 22
31 95
32 20
32 59
32 79
34 63
34 91
35 5
35 88
37 42
39 48
40 26
40 58
40 91
42 13
42 22
42 77
43 39
43 74
44 6
45 7
45 65
46 35
48 48
48 73
49 2
49 60
49 95
50 88
51 84
52 6
53 30
53 51
56 37
56 41
56 99
57 66
58 17
60 11
61 60
62 30
63 4
63 40
63 92
65 68
67 13
70 81
71 23
71 30
71 39
73 3
74 14
74 84
74 94
76 67
77 91
78 61
78 96
79 24
80 49
81 38
82 16
83 7
83 70
84 28
86 52
87 97
89 15
89 42
92 24
92 46
93 31
93 76
93 89
94 8
95 1
95 57
95 73
96 48
97 44
97 82
98 17
