205
0 0
0 6
0 18
0 24
1 42
1 46
1 62
1 72
1 77
1 93
2 34
2 56
2 89
3 36
4 2
4 14
4 28
4 50
4 86
5 74
6 59
7 69
8 22
8 43
8 94
11 29
12 14
12 76
13 36
13 45
13 51
13 70
14 2
14 86
15 20
15 59
15 94
16 30
16 62
17 41
17 80
18 53
19 46
19 88
19 94
20 2
20 6
20 16
20 26
20 71
23 47
23 57
23 89
24 26
25 29
25 42
26 63
26 80
27 0
27 7
27 14
27 71
27 94
28 82
28 90
29 3
29 75
30 9
30 26
31 21
31 43
32 37
32 54
32 60
32 70
34 52
35 37
35 90
36 62
36 84
37 11
37 42
37 73
38 3
38 67
39 18
39 29
40 0
40 38
40 50
40 56
40 82
40 95
41 64
42 7
42 13
42 32
42 90
43 23
43 72
47 9
47 32
47 89
47 95
48 79
49 15
49 21
49 37
49 45
50 74
51 0
51 54
51 60
51 65
52 2
52 21
52 34
53 27
53 94
54 11
54 44
54 70
55 52
55 74
55 83
59 5
59 35
59 93
60 12
60 18
60 43
60 59
61 81
62 74
63 28
63 54
63 67
64 10
64 64
64 74
65 0
65 17
65 46
67 32
67 38
67 80
68 22
68 56
68 90
68 98
71 30
72 17
72 46
72 90
73 2
73 55
73 77
74 8
74 39
74 62
74 72
75 12
75 24
75 96
76 21
76 26
76 78
77 38
77 44
77 82
77 91
78 61
79 70
80 6
80 50
83 50
83 84
84 21
84 37
84 62
85 14
86 27
86 66
87 3
87 46
87 78
87 94
88 41
88 66
89 0
89 26
89 56
90 30
90 69
90 80
90 90
91 7
91 14
91 46
91 97
97 2
97 10
97 13
97 29
98 24
