109
0 4
1 21
1 42
3 70
7 34
8 63
9 7
9 80
10 21
10 70
11 51
11 95
12 44
12 59
15 56
16 4
16 25
16 34
16 40
17 86
20 41
21 49
21 67
24 5
24 75
25 10
25 16
25 27
26 31
26 85
29 4
30 58
30 96
32 14
33 82
34 49
34 54
35 66
35 79
37 19
38 67
41 11
41 40
41 90
42 86
43 0
43 5
43 52
43 71
44 27
46 62
46 90
46 98
49 25
49 47
49 71
50 16
52 3
52 37
54 75
54 82
55 28
55 53
55 63
57 4
59 34
61 8
62 44
62 85
65 38
65 73
65 99
66 92
69 29
70 10
70 36
70 47
71 71
73 99
74 43
75 13
76 21
77 38
77 67
78 0
78 48
79 80
80 91
82 17
82 40
84 25
86 8
86 34
86 64
87 96
88 53
88 91
90 35
91 1
92 13
92 29
94 55
96 21
96 39
96 47
96 63
97 31
97 83
98 8
