114
0 23
1 45
2 50
3 6
4 63
4 95
5 68
5 86
6 14
6 20
8 57
9 27
9 73
10 55
11 33
12 14
14 21
14 81
15 32
15 89
16 60
17 13
18 53
18 94
19 34
19 43
19 70
20 82
22 15
22 64
23 22
23 50
25 85
28 34
29 2
29 88
30 55
30 62
31 45
34 10
35 29
35 55
36 93
37 29
37 41
38 18
40 66
40 83
41 0
41 13
41 48
42 37
43 75
43 90
44 54
45 7
48 48
48 66
49 88
50 39
52 55
52 94
53 74
53 85
55 45
57 66
58 1
58 13
58 21
58 53
59 79
60 33
62 39
62 90
62 95
64 62
66 34
66 44
67 65
68 71
68 81
69 19
70 6
72 49
73 80
74 60
75 29
76 76
77 67
78 55
79 0
79 91
80 97
82 26
82 38
84 46
85 85
86 52
87 61
88 80
89 23
90 68
91 16
91 80
94 41
94 93
95 26
95 31
96 49
97 60
97 68
97 81
98 16
98 41
