108
2 28
2 42
2 54
3 18
3 87
6 10
8 52
9 24
9 68
10 87
13 45
13 97
14 27
15 33
15 54
16 72
16 95
19 4
20 6
20 90
22 40
22 82
23 0
23 38
23 60
24 52
24 71
24 98
25 31
25 89
27 11
27 20
27 48
28 67
28 77
28 92
32 39
32 88
34 7
34 62
36 17
36 57
37 29
38 10
40 23
41 31
41 92
42 54
44 35
44 60
44 76
44 86
46 47
47 8
49 0
49 14
50 54
51 38
52 28
52 98
53 62
55 36
57 46
57 74
58 66
59 95
60 9
60 14
60 85
62 40
64 62
65 70
65 80
65 86
66 57
68 30
68 79
69 0
70 96
72 46
73 13
73 50
75 14
75 21
75 32
76 8
76 81
78 68
81 2
81 9
81 22
81 65
82 90
83 70
84 46
85 57
86 83
88 76
89 86
90 26
90 31
90 38
92 50
96 75
96 96
97 3
97 63
99 51
