112
0 60
1 3
3 44
3 89
4 32
4 96
5 6
5 74
6 51
6 57
8 61
8 87
9 16
9 21
9 43
12 55
12 82
14 7
14 11
14 16
15 69
16 76
16 92
17 46
21 6
21 12
22 34
23 2
23 87
25 69
27 25
27 50
28 80
29 14
29 42
29 62
29 74
29 96
32 74
33 85
34 15
35 56
37 34
38 5
40 21
40 56
40 85
41 14
43 51
44 30
44 77
45 27
48 11
48 22
48 39
48 51
48 82
49 48
50 66
52 60
52 72
52 79
52 87
55 11
57 21
58 43
59 83
60 14
60 22
61 96
62 7
63 27
63 78
65 55
65 69
65 98
66 52
67 30
70 62
71 38
71 94
73 1
74 29
75 99
76 75
76 82
77 6
77 35
77 56
81 96
82 14
82 22
82 60
82 90
83 2
83 83
84 52
84 73
85 23
85 47
87 8
89 56
90 37
91 27
91 88
95 81
96 4
96 57
97 25
97 44
97 99
98 73
