106
0 2
2 90
3 18
3 86
4 32
5 40
5 65
6 75
7 39
7 94
8 44
9 55
10 79
12 29
13 25
14 1
15 95
17 23
17 41
17 81
18 0
18 55
18 65
19 19
19 44
21 63
21 80
25 59
28 2
28 25
28 49
29 71
32 11
34 57
34 68
34 79
35 42
35 96
37 54
37 68
38 36
38 59
39 30
40 94
42 17
42 27
42 70
43 85
45 1
45 8
46 42
46 50
49 15
49 84
50 27
52 74
53 22
54 3
54 67
54 75
55 70
56 1
56 9
56 23
56 86
57 50
58 12
61 95
63 54
63 92
65 10
66 35
67 48
67 58
67 73
69 2
70 8
70 9
70 97
71 25
73 40
73 99
74 49
74 82
75 85
78 18
78 61
81 67
82 30
82 40
83 47
83 74
84 20
85 32
86 1
86 97
88 2
88 86
91 33
91 67
91 78
93 52
94 57
96 8
98 97
99 19
