114
0 43
0 50
0 85
2 6
3 19
4 76
4 97
6 39
7 23
8 50
9 3
11 14
12 23
14 8
14 59
16 42
17 23
17 50
17 65
18 14
18 83
19 57
22 30
22 93
27 7
28 46
28 63
29 53
29 77
30 76
31 16
31 86
32 58
34 52
35 40
36 13
36 19
37 71
38 96
39 8
39 23
40 36
40 45
42 52
42 85
43 1
44 5
44 16
44 93
46 70
47 17
48 42
48 49
52 66
52 97
53 6
55 79
56 11
58 2
58 17
59 30
60 28
61 64
62 96
64 1
64 39
64 52
64 89
65 82
67 9
67 25
68 70
68 98
70 88
72 6
72 24
72 47
74 60
75 76
76 39
77 86
78 34
79 19
79 76
79 91
80 13
80 29
81 57
81 65
82 50
82 70
83 3
85 39
86 92
87 30
87 83
88 47
89 14
89 62
90 58
91 86
92 23
93 4
94 69
94 97
95 47
96 76
96 83
96 90
97 16
97 35
98 27
98 65
99 54
