113
1 87
2 40
2 52
3 5
3 59
3 96
4 29
4 52
5 41
5 73
6 80
7 66
8 8
9 93
10 83
13 37
15 7
16 45
16 72
17 0
17 24
18 50
19 42
20 85
21 93
22 75
24 64
25 28
25 97
26 16
26 83
27 33
28 4
29 9
31 0
31 87
32 41
33 22
33 84
34 28
34 80
35 15
36 57
37 47
39 8
39 49
40 14
40 65
40 94
41 35
42 87
43 71
44 11
45 56
47 18
47 27
48 83
48 94
49 68
49 86
50 48
51 13
51 39
52 44
53 83
54 5
54 50
58 26
58 96
59 61
59 73
60 38
61 50
62 88
64 6
65 2
68 49
68 95
70 91
71 15
71 47
72 73
72 95
73 62
74 41
75 6
75 64
76 29
77 18
77 35
78 52
79 80
81 10
82 88
83 40
83 99
84 76
85 49
85 59
86 11
87 1
87 70
87 86
88 18
88 95
92 52
93 43
93 68
94 77
97 49
97 88
97 93
99 24
