110
1 0
1 11
2 35
2 77
2 96
3 25
4 71
6 53
8 60
10 37
11 1
12 44
14 32
14 65
14 71
14 81
15 56
16 95
18 89
19 30
20 26
20 75
22 1
22 68
22 84
24 59
25 5
25 41
26 86
26 89
27 36
30 15
32 11
32 59
33 31
33 37
33 69
35 93
36 24
37 52
37 80
38 65
38 82
39 24
39 37
40 66
41 80
42 10
44 14
45 60
46 72
47 17
47 51
48 94
50 11
50 84
51 54
51 64
52 28
52 63
54 15
54 19
56 26
57 44
57 97
59 2
59 54
60 39
62 81
63 56
64 90
65 23
66 77
66 92
67 70
69 38
70 9
70 29
70 81
71 14
76 26
76 76
77 34
79 2
79 20
79 59
80 38
81 93
83 45
84 32
86 35
88 3
88 21
89 89
90 56
90 69
90 96
91 40
91 77
92 74
92 89
94 0
94 24
94 55
94 98
96 9
96 19
96 32
97 26
97 95
