107
0 14
0 33
3 0
3 5
3 54
3 74
3 76
6 58
7 40
8 82
10 14
11 29
11 94
12 78
13 20
15 55
16 62
18 46
19 31
20 7
20 64
20 94
21 25
21 42
21 97
23 31
24 2
25 4
25 49
27 59
27 89
30 70
31 8
31 60
32 41
32 75
33 98
34 79
35 9
36 27
39 0
39 50
39 84
41 20
41 50
43 70
43 92
44 24
44 59
46 64
47 79
48 82
49 0
49 94
50 72
53 32
53 35
53 69
55 45
56 49
58 6
61 87
62 17
62 79
64 46
65 8
65 54
65 61
66 96
68 12
70 33
70 56
70 77
70 96
72 38
73 25
73 65
74 1
75 85
78 16
78 91
79 46
79 83
80 51
81 5
82 83
83 11
83 63
83 96
84 93
85 19
85 22
85 34
86 8
89 42
91 14
91 87
92 71
95 94
96 8
96 25
96 34
96 46
96 52
96 64
96 68
98 88
