103
2 1
2 7
2 14
2 19
2 26
2 32
2 38
2 44
2 50
2 56
2 62
2 67
2 74
2 79
2 86
2 92
2 97
10 1
10 7
10 14
10 19
10 26
10 31
10 37
10 44
10 50
10 56
10 62
10 67
10 73
10 79
10 85
10 91
10 98
18 1
18 7
18 13
18 19
18 25
18 31
18 37
18 44
18 50
18 56
18 62
18 68
18 74
18 79
18 86
18 92
18 97
25 0
26 7
26 13
26 20
26 26
26 32
26 37
26 44
26 50
26 56
26 62
26 68
26 73
26 80
26 86
26 91
26 98
30 1
34 7
34 13
34 20
34 26
34 32
34 38
34 43
34 50
34 55
34 62
34 68
34 73
34 80
34 86
34 92
34 97
38 1
42 7
42 14
42 20
42 25
42 31
42 37
42 44
42 49
42 55
42 61
42 67
42 74
42 79
42 86
42 92
42 98
46 2
