112
0 2
0 21
0 33
0 45
0 57
2 14
2 21
2 33
2 45
2 57
3 14
5 0
6 26
6 38
6 50
6 62
7 14
8 14
13 14
14 1
14 2
14 25
14 35
14 49
18 10
18 21
18 33
18 45
20 2
21 23
21 37
21 50
26 2
26 10
26 23
26 35
26 47
30 9
30 21
30 33
30 45
31 0
33 13
33 26
33 37
33 46
38 1
38 11
38 25
38 37
38 49
42 9
42 21
42 33
42 45
44 2
45 14
45 22
45 34
45 46
50 1
50 10
50 22
50 34
50 46
54 9
54 21
54 33
54 45
56 2
57 13
57 23
57 38
57 47
62 1
62 13
62 25
62 37
62 49
66 9
66 21
66 33
66 45
68 2
69 14
69 22
69 34
69 50
74 1
74 14
74 22
74 37
74 50
78 9
78 21
78 33
78 45
79 0
81 14
81 26
81 38
81 50
85 0
86 13
86 25
86 37
86 49
92 1
92 11
92 23
92 35
92 47
