111
0 58
0 87
1 33
2 52
3 80
4 10
4 44
5 17
6 0
6 55
7 38
9 26
10 60
10 85
10 98
13 4
13 19
14 66
15 8
15 63
15 93
16 59
17 29
17 35
17 97
18 50
20 89
21 16
21 52
22 85
25 64
26 56
26 73
28 82
30 2
32 5
32 14
32 63
32 97
33 33
34 23
35 18
35 51
38 39
38 48
39 13
42 24
43 36
43 70
44 51
45 53
46 60
46 69
48 14
48 48
50 89
51 54
53 17
53 27
54 96
55 44
55 72
59 3
59 75
59 92
60 43
61 32
61 56
62 9
62 66
65 12
65 84
68 61
70 28
71 87
71 98
72 1
72 14
72 41
73 8
74 61
75 50
76 27
76 74
78 11
79 43
79 82
80 32
81 21
81 84
81 93
82 71
83 15
84 62
85 46
88 55
89 0
89 32
89 89
90 42
90 49
90 73
91 74
92 9
93 20
95 62
96 85
97 93
98 11
98 24
98 64
