107
1 78
2 0
2 17
2 73
2 95
3 13
3 36
3 50
4 62
6 30
7 46
8 69
9 14
9 81
11 89
14 49
14 56
17 19
17 31
17 63
18 46
20 75
22 18
23 3
23 32
23 44
23 74
23 85
24 77
25 90
26 12
27 24
28 21
28 68
29 56
31 60
32 94
33 36
34 29
36 56
36 79
37 41
38 89
40 21
40 40
40 52
40 68
42 19
42 27
42 96
43 10
43 47
43 76
43 82
45 4
46 5
46 26
47 34
48 60
48 80
52 88
57 89
58 16
59 2
60 36
60 87
61 54
61 64
61 93
62 23
62 42
62 71
63 10
63 35
63 77
65 50
67 4
67 42
70 58
71 14
71 35
72 21
73 86
74 20
74 91
76 39
77 78
78 1
78 26
79 52
80 95
81 89
83 15
83 71
83 82
84 35
86 49
88 80
90 31
90 60
94 42
94 67
96 60
97 76
98 55
98 69
99 26
