114
0 2
0 36
0 61
1 91
2 21
2 49
3 6
3 86
3 99
6 39
8 46
9 17
10 79
10 98
11 2
12 90
14 25
14 30
14 63
15 11
16 58
18 50
20 2
21 45
21 73
21 76
22 61
23 17
23 91
26 8
26 32
26 36
27 93
28 77
28 87
29 0
29 46
29 54
30 47
31 28
32 99
33 34
35 21
37 29
38 41
39 48
39 56
39 63
40 20
40 70
42 86
43 74
44 19
46 0
46 99
47 90
50 5
50 49
51 27
51 70
52 97
53 20
53 63
54 34
55 54
55 77
55 87
59 38
59 42
61 7
61 67
62 15
63 45
63 74
63 91
64 24
65 35
66 82
67 4
70 18
73 22
73 52
74 15
75 99
76 30
76 68
78 89
79 77
81 6
81 14
81 71
81 78
81 94
82 28
82 48
83 56
86 43
86 52
86 64
86 88
89 6
89 16
89 32
90 80
91 90
92 43
93 60
95 66
95 86
95 98
97 4
98 50
99 31
99 80
