113
0 0
0 8
0 60
1 0
1 66
3 33
5 0
5 22
5 45
5 75
6 87
7 14
9 21
9 31
9 94
10 73
11 14
11 58
12 50
14 5
14 9
14 82
14 98
15 77
16 36
18 57
19 95
20 26
21 4
22 12
22 38
25 66
25 81
26 16
26 21
26 77
27 45
28 4
29 88
29 92
31 9
31 45
34 30
34 36
34 83
36 59
36 72
37 24
37 65
38 1
40 73
41 41
42 12
43 90
44 3
45 32
45 49
46 10
47 59
47 81
48 40
49 20
49 73
50 98
51 46
54 22
54 27
55 12
56 72
57 89
60 65
61 4
62 10
63 38
63 88
66 52
66 62
69 34
69 69
72 93
73 8
73 25
73 64
73 90
75 1
76 59
76 84
79 6
79 13
79 34
80 74
81 27
84 3
84 41
84 77
84 96
85 51
85 61
86 67
86 91
87 19
87 31
87 42
88 24
90 83
91 99
93 10
94 43
97 67
97 82
98 2
98 62
99 18
