106
1 20
2 65
2 85
3 14
3 28
3 37
3 73
6 67
9 52
9 85
10 9
10 57
14 48
14 73
14 87
16 2
16 13
18 94
19 26
21 14
21 33
22 77
23 60
23 67
24 46
24 50
25 18
27 4
27 85
28 30
30 19
31 40
31 59
31 70
32 68
32 92
34 14
34 90
36 46
36 77
37 35
38 79
39 0
40 29
40 70
41 72
41 86
42 15
42 89
43 20
43 58
44 39
45 77
47 2
47 20
47 49
50 43
52 34
52 97
56 6
56 21
56 55
58 30
58 80
60 44
60 62
61 34
61 88
62 37
65 11
65 28
66 65
67 93
68 1
70 10
70 54
72 61
74 26
74 57
75 96
76 69
76 74
76 88
78 92
80 3
80 31
82 64
82 94
84 29
86 13
86 45
86 49
87 55
88 5
88 21
88 70
88 81
90 79
91 87
92 26
95 46
96 63
96 84
97 6
98 97
99 64
