138
0 1
0 6
0 7
0 18
0 38
0 48
0 58
0 68
0 88
0 98
1 28
2 77
5 53
8 67
8 91
8 98
9 0
9 10
10 36
11 20
12 28
12 49
12 58
12 77
17 19
18 1
18 77
18 98
19 8
19 83
20 47
20 61
21 33
22 27
22 38
22 68
22 88
28 71
29 51
29 88
29 97
30 8
30 16
30 38
32 1
32 28
32 59
32 77
36 46
37 92
38 1
38 61
38 98
39 79
40 27
40 40
41 10
42 18
42 47
42 67
42 88
46 77
47 35
48 1
48 61
48 98
49 91
50 17
50 68
51 11
51 31
51 77
52 40
52 47
58 6
58 67
58 84
60 27
61 59
62 0
62 11
62 20
62 40
62 51
62 81
62 90
62 97
65 75
68 41
68 81
70 1
70 26
71 19
71 59
72 10
72 47
72 67
72 87
72 97
75 15
80 2
80 17
80 51
80 76
80 88
81 27
81 39
82 7
82 60
82 68
82 97
85 45
87 86
88 59
90 37
90 77
91 21
91 97
92 0
92 10
92 28
92 47
92 68
92 90
94 45
97 2
97 64
97 71
97 81
97 90
97 99
98 11
98 13
98 21
98 41
98 51
99 31
99 56
