99
0 67
0 77
0 87
1 46
2 0
2 5
2 10
2 15
2 20
2 25
2 30
2 35
2 40
2 55
2 60
2 95
5 47
5 77
5 87
7 65
7 70
10 2
10 17
10 32
10 42
10 52
10 82
10 92
12 10
12 25
12 60
12 75
15 17
15 32
15 47
15 67
15 82
15 92
17 0
17 5
17 40
17 55
20 12
20 27
20 77
22 20
22 35
22 45
22 50
22 60
22 65
22 70
22 85
22 90
22 95
25 27
25 77
27 0
27 5
27 10
27 15
27 40
27 55
30 22
30 32
30 47
30 62
30 72
30 82
30 92
49 2
49 12
49 22
49 32
49 42
70 2
70 12
70 22
70 32
70 42
70 57
70 62
70 77
70 82
70 92
72 50
72 72
77 1
79 32
80 9
80 42
81 18
88 2
88 21
92 45
93 34
95 7
95 42
97 15
