108
0 16
1 44
1 80
2 34
3 31
3 55
3 62
5 18
7 1
7 55
7 70
10 48
13 45
16 22
16 79
17 53
17 76
17 91
19 35
20 7
21 59
22 35
22 41
22 49
22 64
24 20
26 32
27 58
27 84
28 3
28 60
28 88
29 8
31 26
32 39
34 17
34 85
36 58
36 72
37 5
37 65
38 96
39 26
39 40
40 65
41 47
41 95
43 79
44 20
44 54
45 16
45 32
45 45
48 55
51 32
52 42
52 70
55 67
56 9
57 13
57 40
58 80
58 85
59 97
60 71
61 32
62 57
63 39
64 20
65 41
65 65
65 89
66 77
67 2
67 51
70 87
73 11
75 2
75 39
76 5
76 99
78 18
79 52
80 59
81 22
81 32
81 91
82 43
82 78
82 93
83 4
84 31
86 37
88 51
89 93
90 98
91 81
92 14
94 48
95 74
96 72
97 7
97 26
97 45
97 57
97 62
98 81
98 95
