88
0 45
0 58
1 13
2 39
3 6
3 21
4 6
4 17
4 32
8 0
9 9
9 14
10 30
12 14
13 44
14 23
14 92
17 17
17 22
17 76
18 32
18 39
19 4
19 44
19 51
20 88
21 30
22 22
25 27
26 14
28 39
28 45
30 73
31 23
31 29
33 41
33 54
33 66
35 28
36 62
36 96
37 11
37 39
38 91
40 28
40 53
40 78
41 1
42 13
42 72
43 50
45 4
45 10
46 26
46 38
48 60
50 50
51 15
52 86
56 76
58 12
59 44
61 53
64 5
67 43
69 50
70 80
74 20
74 27
74 62
74 71
80 80
86 10
86 29
86 56
88 83
89 18
90 74
91 8
91 62
92 44
93 68
94 6
97 28
98 74
99 5
99 21
99 96
