109
3 52
4 62
5 8
7 0
7 38
7 97
9 14
9 51
9 57
9 81
11 75
15 41
17 14
18 56
19 24
23 10
24 43
24 86
24 93
26 3
26 64
27 30
28 52
30 65
31 96
32 84
33 10
33 21
33 52
33 67
33 72
34 5
36 58
37 26
37 71
38 61
39 52
40 5
41 21
42 80
43 99
44 53
46 45
46 69
47 95
48 6
50 90
51 69
53 26
53 41
53 52
53 57
54 35
54 79
55 14
56 70
56 97
57 89
59 6
59 56
61 45
63 21
63 71
63 77
64 36
66 56
66 62
67 10
67 16
68 97
69 68
70 51
70 74
71 27
71 79
73 14
73 19
73 38
73 57
74 88
76 8
78 30
78 48
78 53
80 43
81 5
81 81
82 68
82 87
83 92
86 15
86 23
86 59
87 38
88 74
89 5
92 15
93 38
93 49
94 97
95 59
95 87
96 79
97 27
97 32
98 8
98 71
99 37
99 96
