106
0 77
0 84
0 95
1 30
1 45
2 61
3 14
5 37
6 81
9 45
11 24
13 48
13 65
15 34
16 21
16 85
17 10
18 3
18 32
20 82
22 55
22 86
23 47
23 97
24 15
25 28
25 89
26 40
28 8
29 54
29 88
30 32
33 42
33 57
33 97
34 7
36 14
36 63
37 23
37 80
38 86
39 2
39 93
41 84
44 21
44 71
47 43
47 91
48 10
49 2
50 63
50 74
53 7
53 34
55 68
56 1
56 26
57 80
58 53
60 37
60 97
61 45
64 8
64 91
65 84
66 30
66 40
67 24
67 98
68 56
70 8
70 18
71 82
73 67
74 23
76 46
77 77
79 84
80 9
80 57
80 65
82 3
82 39
82 47
83 15
83 96
85 58
85 95
86 21
88 6
89 74
90 24
90 34
90 41
91 48
91 80
92 94
94 4
95 67
95 82
97 73
98 5
98 32
98 51
98 60
99 95
