109
0 21
1 97
2 1
2 16
5 79
6 5
6 44
6 56
7 20
7 32
8 62
9 54
12 14
12 27
15 69
16 71
16 81
17 41
18 13
19 16
19 92
20 39
21 25
22 1
24 50
26 4
26 20
26 54
27 5
31 98
32 34
34 56
34 71
36 5
36 22
37 48
37 69
37 95
37 96
38 38
40 1
40 76
41 34
43 12
43 36
43 66
43 76
44 58
44 83
44 90
45 99
48 2
50 6
50 29
50 49
52 53
53 33
54 30
56 81
57 22
57 90
58 4
59 49
60 57
60 83
62 7
63 78
64 37
65 45
65 92
66 1
66 64
67 16
68 10
68 29
68 50
72 60
73 66
74 6
75 31
75 54
75 74
78 33
79 32
79 48
79 96
81 4
81 57
83 22
86 40
86 64
87 24
88 11
91 49
92 36
92 95
95 6
95 16
95 24
95 76
95 85
96 90
97 26
97 97
98 0
98 65
98 79
99 54
99 76
