108
0 6
2 88
2 94
3 70
4 51
5 20
5 31
6 95
7 67
7 83
7 87
8 77
10 49
11 4
11 88
12 22
12 65
15 35
15 42
17 17
18 6
18 60
18 72
20 72
24 51
26 28
26 97
27 35
27 64
29 17
30 25
30 82
31 19
32 57
33 73
34 45
35 13
35 35
36 25
36 90
37 6
40 83
42 64
43 54
43 93
43 97
44 72
45 38
45 81
46 10
46 29
47 82
48 12
49 26
49 41
50 5
50 91
51 63
52 81
54 49
55 53
55 96
56 17
57 38
60 97
62 23
62 63
63 12
63 44
63 55
64 4
64 27
64 88
66 49
68 10
69 8
70 62
73 23
73 86
74 72
75 47
76 22
76 32
76 63
77 56
77 79
78 10
78 39
79 63
80 3
81 5
83 21
85 62
86 88
87 53
88 63
89 1
89 18
89 78
89 91
90 82
91 5
94 74
95 27
96 95
98 54
98 82
99 48
