107
1 70
2 4
2 33
2 78
2 97
4 11
5 52
5 60
5 75
6 44
7 51
10 20
11 0
11 15
11 86
12 28
12 82
16 64
17 57
18 81
19 6
19 33
21 99
22 61
24 22
25 89
27 18
27 41
27 50
28 20
28 79
29 80
30 39
30 50
31 22
32 6
32 75
33 60
33 90
36 36
37 53
37 96
38 75
39 6
39 28
39 48
41 16
41 49
45 43
46 6
46 57
48 18
48 76
49 30
50 97
51 72
52 37
54 72
55 53
55 57
57 43
57 83
58 76
59 33
60 99
62 22
63 89
64 2
65 28
65 36
66 49
67 21
67 51
67 64
67 76
70 65
71 77
71 88
73 3
73 14
74 68
75 25
75 34
77 2
77 89
79 51
81 36
82 48
83 18
83 24
84 32
84 59
84 83
85 78
87 87
88 35
89 71
90 81
91 44
91 96
96 25
96 40
97 9
97 89
98 68
98 80
99 22
