107
0 0
0 9
1 35
2 65
2 93
4 82
6 23
6 43
8 18
9 1
9 7
9 33
10 51
10 82
11 65
11 92
13 75
14 14
14 58
15 8
16 78
17 37
17 66
18 26
18 97
22 87
23 22
24 7
24 93
25 31
25 43
25 55
25 78
29 32
29 99
30 22
32 8
34 86
37 64
37 97
38 45
39 2
40 27
40 85
41 16
41 92
42 35
42 58
46 10
47 30
49 4
50 79
50 85
51 19
53 52
53 93
54 46
56 27
56 70
57 23
57 98
60 58
60 65
62 51
64 22
65 33
66 78
67 54
68 95
70 32
72 5
72 98
74 38
75 76
76 10
76 82
77 91
78 56
79 51
79 95
80 15
80 25
81 36
82 30
83 2
84 55
84 86
85 66
85 73
87 11
87 42
87 49
88 23
89 5
90 36
90 93
91 62
92 14
92 70
93 87
94 30
95 7
95 13
97 23
98 69
99 48
99 63
