110
0 41
1 45
1 67
1 98
3 80
4 27
6 88
8 43
8 59
8 85
14 9
14 48
15 37
15 64
16 20
16 28
16 50
17 17
17 31
17 57
17 75
17 98
19 41
20 47
21 80
25 39
26 68
26 90
27 3
27 6
27 17
27 53
28 37
30 25
31 81
31 84
32 18
32 60
33 5
37 62
38 49
39 14
40 25
40 96
41 77
42 33
43 73
43 86
44 19
44 56
44 66
48 57
49 34
50 91
51 24
51 30
53 48
56 7
56 45
56 72
57 13
57 61
58 70
58 82
60 32
60 86
61 8
62 27
63 49
64 97
66 78
67 3
67 65
68 10
69 82
70 53
71 42
72 96
73 93
74 25
74 68
75 18
75 52
75 74
76 99
79 9
80 18
80 36
80 40
82 92
83 62
83 83
84 8
84 52
86 20
86 45
87 73
88 1
89 50
89 63
91 42
92 27
92 95
93 12
93 67
95 74
97 56
98 1
98 48
99 89
