118
0 10
0 16
0 23
1 47
1 54
2 71
2 78
3 69
5 29
5 34
5 62
6 32
6 41
7 88
9 11
9 45
10 0
10 42
10 67
13 52
16 89
17 35
17 50
17 91
18 42
21 74
22 19
24 74
25 0
26 34
27 87
28 20
28 22
30 49
30 95
32 5
33 57
33 67
35 18
36 9
36 89
38 7
38 54
39 24
39 43
40 55
40 65
41 31
41 84
43 21
43 39
43 62
45 2
45 14
47 52
48 72
50 4
50 23
50 45
50 67
51 32
51 41
51 57
51 99
54 11
55 49
56 93
57 60
58 2
58 18
58 82
59 37
60 8
60 94
62 1
62 70
63 29
64 83
64 87
65 45
66 50
66 60
67 27
69 12
69 71
70 38
71 10
73 31
73 68
76 1
76 78
76 82
78 48
80 57
80 89
82 25
82 77
84 44
84 46
84 72
85 33
86 52
86 66
88 0
88 8
88 99
89 83
91 12
91 53
92 33
92 72
94 12
94 76
94 93
95 2
95 45
97 59
98 34
