113
1 60
2 14
2 63
3 44
3 49
4 41
5 80
6 0
10 68
12 56
13 40
14 5
14 13
14 84
15 68
15 97
17 33
17 83
20 76
21 11
22 13
22 24
23 48
25 34
25 77
25 93
26 50
26 97
27 8
27 26
28 91
29 36
30 46
30 68
31 13
34 72
34 97
35 8
35 85
37 69
38 51
38 55
38 62
38 92
41 33
41 84
43 23
43 98
44 9
46 1
46 70
47 20
47 32
48 95
50 83
51 35
51 74
52 27
52 66
54 13
54 44
57 49
58 69
59 19
59 38
59 61
59 81
60 32
61 91
63 4
63 95
65 43
65 53
66 70
67 40
67 48
67 63
67 83
70 22
70 44
71 29
72 52
73 91
73 94
74 9
74 23
74 40
74 60
74 70
75 2
78 44
80 47
80 80
81 12
84 2
86 95
87 57
88 13
89 26
89 51
89 61
91 21
91 35
92 12
92 71
94 20
95 0
95 59
97 23
97 41
98 46
98 78
98 94
