117
2 20
2 96
5 4
5 31
5 79
6 62
7 69
8 57
8 87
9 20
9 26
9 48
14 12
15 34
15 84
16 97
17 16
17 63
18 1
18 41
18 72
20 58
23 15
23 27
23 77
23 94
25 14
25 49
26 72
27 65
28 87
28 96
29 28
31 5
31 55
32 18
33 27
34 54
34 69
35 38
37 95
40 16
41 38
42 75
42 86
44 51
45 87
46 21
46 45
46 61
46 66
47 2
47 15
47 52
48 31
48 96
49 70
51 29
53 80
54 95
56 32
56 36
56 59
56 90
57 4
58 51
59 45
59 83
60 16
61 75
62 68
63 2
63 38
63 58
64 49
68 10
68 22
68 65
68 91
69 28
69 57
69 84
70 44
72 54
74 4
75 13
75 34
75 70
75 80
77 21
77 52
77 91
78 38
78 63
80 81
81 5
81 53
82 75
82 99
83 17
83 29
85 59
88 44
88 58
90 21
90 66
91 9
91 54
92 55
94 85
95 30
96 7
96 76
97 97
98 16
98 37
99 62
