108
0 0
0 5
0 23
1 37
1 89
2 14
3 20
3 52
5 70
7 60
10 18
10 52
11 66
12 23
12 34
12 45
13 92
14 32
14 76
15 9
16 51
19 39
19 86
20 69
20 71
21 13
23 6
23 24
24 4
25 89
26 22
29 64
30 85
32 5
32 93
33 28
33 96
34 64
34 86
35 1
35 93
36 31
38 6
40 34
41 25
41 50
44 68
45 13
46 81
47 34
47 88
47 96
49 89
52 5
52 19
53 39
56 8
57 5
58 42
58 72
58 77
60 53
60 64
63 20
63 38
65 2
67 60
67 75
68 12
68 27
68 93
71 73
72 2
72 41
72 82
72 91
73 95
75 27
75 48
75 63
75 98
76 15
78 78
79 84
80 0
80 91
81 58
81 98
82 27
82 32
83 67
84 28
84 66
85 19
88 43
89 7
91 56
91 77
91 89
91 92
93 25
94 33
94 53
96 6
96 95
97 21
98 47
98 71
