117
1 70
2 59
3 87
6 21
6 51
7 77
8 5
8 55
8 83
9 1
10 73
10 94
11 14
11 30
12 64
13 20
14 9
14 36
16 85
17 25
18 47
18 59
19 91
20 36
20 68
23 1
23 45
24 94
25 27
25 64
28 11
28 54
29 19
31 25
31 34
32 14
32 49
32 79
33 85
34 68
35 41
36 0
37 69
37 88
38 61
39 9
39 26
39 52
40 80
42 5
42 44
43 18
46 34
47 21
47 64
49 42
49 49
50 5
50 57
52 1
52 11
52 88
54 95
55 17
55 68
57 22
57 75
58 16
58 49
59 54
61 78
62 1
62 36
67 6
68 59
68 83
68 88
68 97
69 30
69 49
71 0
75 64
76 12
76 35
76 81
77 48
78 43
79 97
80 56
80 68
81 75
82 9
82 22
83 51
84 81
84 93
85 13
87 8
87 26
87 65
87 88
87 97
89 57
90 65
92 82
92 90
93 14
94 3
94 62
94 74
95 48
96 33
96 43
97 87
97 97
98 77
99 38
