111
1 92
2 27
2 54
2 78
3 37
4 87
5 64
6 18
8 96
9 13
9 57
9 74
11 1
12 53
13 39
13 81
13 98
14 64
14 82
15 4
16 27
16 72
19 57
21 46
21 87
23 30
24 4
24 63
24 88
26 42
27 84
28 50
30 22
31 82
32 15
32 31
34 59
34 91
35 39
35 45
36 76
39 69
39 97
40 48
41 62
43 86
45 50
47 26
48 99
50 10
51 6
51 14
51 62
52 42
52 66
52 80
52 89
56 32
56 86
56 98
57 75
59 53
60 1
60 61
61 23
61 81
62 64
64 42
65 7
66 56
67 86
68 80
69 20
69 68
70 37
70 88
72 2
72 60
73 50
73 83
74 10
76 77
76 87
78 19
79 64
80 1
80 13
80 44
81 81
82 59
82 91
84 26
85 5
85 16
87 41
88 61
88 90
90 34
91 5
91 21
91 66
91 84
93 12
94 48
94 97
96 38
97 24
97 60
98 82
99 7
99 75
