103
0 4
1 0
2 14
2 23
2 28
2 35
2 42
2 49
2 56
2 63
2 70
6 0
6 23
6 28
7 5
7 37
7 40
7 51
7 56
7 61
7 72
8 16
11 21
11 28
11 35
11 42
11 49
11 56
11 63
11 70
14 9
16 1
16 16
21 0
21 11
23 9
23 23
23 28
23 35
23 42
23 49
23 56
23 63
23 70
23 77
27 14
28 1
28 5
28 20
28 30
28 36
28 43
28 48
28 57
28 62
28 71
28 78
32 0
32 7
32 14
32 21
32 28
32 35
32 42
32 49
32 56
32 63
32 70
32 77
44 0
44 7
44 14
44 21
44 28
44 35
44 42
44 49
44 56
44 63
44 70
48 0
49 8
49 16
49 22
49 30
49 35
49 40
49 47
49 56
49 61
49 69
53 0
53 7
53 14
53 21
53 28
53 35
53 42
53 49
53 56
53 63
53 70
71 70
