116
0 9
0 20
0 32
0 79
1 50
1 62
1 89
2 43
3 94
6 7
7 51
8 67
9 64
10 19
10 87
11 0
11 36
11 58
12 82
15 46
18 22
18 40
18 64
18 93
19 95
20 3
21 8
25 24
26 87
28 71
29 49
30 66
31 59
31 84
32 1
33 36
34 26
35 45
35 92
36 59
37 16
39 44
40 32
42 30
42 76
42 90
42 93
44 90
46 11
47 2
47 41
47 67
48 6
48 79
49 47
50 13
51 54
52 56
52 91
54 67
55 36
55 70
55 84
56 18
57 79
61 41
61 70
62 94
63 3
63 6
63 17
64 60
66 37
67 18
67 23
69 88
71 9
71 30
72 39
72 62
73 55
73 83
74 78
75 52
76 73
77 25
78 14
78 94
80 18
80 80
80 86
81 77
82 3
82 8
82 34
83 50
84 31
85 41
86 10
86 94
87 89
89 60
89 64
90 36
90 91
91 97
92 1
92 51
93 44
94 9
94 29
95 22
95 81
96 19
97 12
98 66
