127
0 2
0 96
1 20
1 62
1 69
1 82
3 38
4 28
4 48
6 17
7 8
7 71
8 39
8 89
10 0
11 14
11 65
12 29
12 58
12 97
13 50
14 83
15 77
16 19
16 93
17 43
18 3
18 50
20 14
22 24
22 31
23 63
24 10
24 78
25 93
27 17
27 35
27 47
28 39
28 68
30 7
31 25
31 33
31 74
32 3
33 89
34 44
35 21
36 68
37 6
37 82
38 55
40 31
40 96
41 36
42 18
42 87
43 22
43 41
44 49
44 60
44 68
46 4
47 12
47 44
47 80
50 29
51 91
52 3
53 49
54 12
54 77
55 21
56 97
58 68
59 5
59 15
59 44
60 0
61 87
62 11
62 32
62 68
64 58
65 76
66 6
66 25
66 92
67 33
68 82
70 78
71 4
72 54
72 69
73 16
74 40
75 11
76 18
77 90
78 35
81 7
81 56
81 63
82 26
83 12
83 33
83 83
84 73
84 94
87 41
88 56
89 19
89 38
91 51
91 63
92 4
93 11
93 35
93 65
93 89
94 78
95 17
95 71
97 5
97 48
99 63
99 96
