110
0 4
0 5
0 9
1 62
1 85
2 33
3 15
5 77
7 49
7 68
9 82
9 99
10 20
10 41
12 54
13 27
14 5
14 15
14 20
15 70
17 52
18 7
18 57
19 2
20 20
21 41
21 67
23 74
24 32
24 97
25 25
27 1
27 11
28 54
31 77
31 84
32 3
32 63
32 73
34 17
34 38
34 57
34 84
35 24
35 90
36 79
37 10
38 33
38 96
41 48
42 58
42 68
43 8
43 15
44 21
44 44
44 85
46 2
47 42
47 55
47 90
47 96
48 31
50 71
53 4
53 73
53 86
57 62
58 47
61 30
62 9
63 17
63 96
64 5
64 25
64 86
66 66
67 37
70 47
70 80
71 58
72 32
72 97
74 52
74 88
75 10
75 43
76 22
76 66
78 2
78 95
79 18
79 80
81 91
82 57
83 32
84 97
86 21
88 4
88 13
90 29
92 46
93 67
94 22
96 85
97 27
97 81
97 91
98 39
99 47
