123
0 52
0 98
2 34
2 69
4 5
4 7
4 39
4 86
5 3
5 24
5 29
5 54
6 47
8 63
9 12
9 39
10 75
10 84
10 92
12 28
12 77
13 19
14 97
15 2
15 35
15 88
18 72
20 3
23 83
24 43
25 3
25 37
25 60
26 13
26 18
28 99
29 72
29 94
30 33
30 77
33 3
33 48
33 66
33 86
34 12
34 26
36 38
37 58
38 19
38 45
39 55
40 21
40 29
41 94
43 15
43 70
44 69
44 85
46 62
46 93
47 81
49 23
49 40
51 28
52 11
53 59
53 95
54 1
55 86
56 63
56 72
60 29
60 58
60 63
60 84
61 13
61 14
61 24
62 97
64 36
67 21
68 3
68 95
69 49
71 30
72 41
73 0
73 17
75 45
76 12
76 55
76 94
77 34
78 16
78 24
78 61
78 93
81 40
81 97
84 2
85 24
85 91
87 12
87 15
87 50
87 74
88 38
89 83
90 31
92 64
93 7
93 59
93 78
95 69
97 23
97 78
98 32
98 35
98 40
98 62
98 87
99 8
99 69
