108
1 80
3 66
4 31
4 86
6 96
8 36
9 11
9 20
10 3
10 25
10 91
11 36
15 6
15 60
17 64
18 73
20 21
20 27
20 29
20 79
21 59
21 96
22 4
23 71
25 94
26 51
26 62
28 2
28 33
28 45
29 16
29 87
30 72
30 78
30 95
31 26
32 69
35 65
36 23
36 27
36 90
39 7
39 74
41 55
41 97
42 41
43 85
46 2
46 12
46 71
47 45
47 64
48 54
52 24
53 91
55 9
56 99
58 35
59 71
60 27
60 90
61 33
63 59
64 45
65 63
66 6
66 20
66 93
67 57
67 92
68 22
69 3
71 31
71 95
72 44
74 18
74 53
74 83
75 14
76 43
79 66
79 70
81 7
82 35
82 87
83 46
85 59
87 15
87 22
87 30
88 51
88 72
90 2
90 85
90 87
91 5
91 63
92 22
92 35
96 12
96 54
96 65
97 42
97 45
98 4
98 77
98 87
98 94
