106
1 22
1 74
2 37
3 92
4 8
4 55
4 59
4 81
5 33
5 45
10 0
11 55
13 21
14 94
17 54
17 73
18 12
19 85
20 62
21 78
23 49
24 15
25 40
25 87
27 26
27 37
27 63
27 95
31 1
31 78
32 22
33 11
34 45
35 32
35 76
36 59
37 66
38 46
40 84
41 5
43 25
43 93
44 18
44 24
44 52
44 79
46 2
46 56
47 46
48 31
48 66
48 78
49 97
50 29
50 88
51 54
52 97
54 83
55 91
56 14
57 19
58 3
58 62
59 90
61 7
61 41
62 20
62 34
62 50
62 56
63 28
64 68
64 78
66 61
66 98
68 79
69 42
71 27
71 56
71 67
72 14
74 75
76 46
77 25
77 60
77 66
79 39
81 8
82 75
82 94
83 56
85 86
86 41
87 17
87 92
89 62
89 65
91 70
93 34
94 82
97 87
98 40
98 66
99 16
99 23
99 47
