115
0 0
0 11
0 16
1 56
1 78
2 43
4 32
4 71
5 6
6 22
7 49
7 89
10 8
10 34
11 42
12 73
12 85
13 63
15 25
16 13
16 19
16 81
20 97
21 3
21 54
22 8
22 26
22 48
24 34
25 71
28 78
29 5
29 35
30 51
32 23
33 16
33 44
33 99
34 71
35 54
35 66
37 8
37 27
37 41
37 85
37 93
39 21
39 75
41 66
43 10
43 51
43 90
44 29
44 39
47 62
48 1
49 17
50 10
50 79
52 37
53 70
54 28
54 59
55 21
56 14
58 76
58 89
59 41
60 87
60 97
61 61
63 35
64 2
64 10
65 45
65 64
67 28
69 52
69 89
71 9
71 45
72 22
72 56
72 69
72 81
73 19
73 95
75 54
75 65
77 7
79 71
80 28
80 81
82 59
85 98
86 40
86 65
86 71
87 87
88 13
88 50
88 80
91 20
91 62
92 44
93 55
94 35
94 75
96 13
96 61
96 82
96 93
96 98
98 4
98 26
