113
0 7
0 14
0 17
0 25
1 0
2 0
3 27
4 0
6 70
7 14
9 21
9 63
10 27
10 57
10 75
10 83
14 0
14 6
17 14
17 70
18 1
18 27
18 57
18 83
19 21
19 63
19 77
20 8
22 70
23 14
23 43
25 1
25 27
31 0
31 8
31 20
31 28
32 40
33 46
47 60
49 77
51 24
53 13
53 84
53 95
54 77
55 49
55 89
56 10
56 34
57 2
57 40
57 57
58 93
59 72
60 21
60 32
61 88
63 7
63 26
63 95
65 66
65 79
67 5
67 10
67 16
68 10
68 45
69 58
69 67
70 21
70 76
70 88
71 51
71 85
74 57
75 90
76 42
76 99
77 26
78 6
80 65
81 37
81 94
82 56
83 14
83 44
83 51
83 73
84 32
86 79
86 89
87 1
87 63
88 20
88 26
88 55
89 36
89 74
90 98
91 12
92 43
92 80
94 8
94 22
94 30
94 35
95 3
95 53
95 74
96 84
97 17
98 62
