99
0 8
2 43
2 53
5 26
7 38
9 57
10 37
11 31
13 68
14 7
14 87
15 78
18 1
19 32
21 13
22 54
22 89
23 73
23 98
24 38
25 3
26 60
27 14
27 20
28 78
29 44
30 88
31 56
31 70
32 4
32 81
33 43
33 49
33 86
34 25
34 63
35 8
35 36
37 94
38 78
40 1
42 30
42 90
43 47
43 67
44 35
45 3
46 19
46 55
46 63
47 77
50 84
51 95
54 27
54 47
55 16
55 62
55 72
58 35
58 88
60 57
60 80
62 40
63 20
63 94
66 71
67 23
68 14
72 74
73 80
74 34
75 57
75 68
77 14
77 46
77 50
79 23
79 73
79 92
80 2
81 69
81 89
82 45
84 4
86 31
88 14
89 91
91 68
92 79
93 7
93 51
94 59
95 36
95 74
95 99
96 28
97 42
98 90
99 53
