116
0 31
0 98
2 15
2 48
5 3
5 43
6 21
6 65
7 86
8 78
9 32
10 75
11 93
12 21
12 53
13 62
14 13
15 27
16 74
16 97
17 86
18 32
18 67
19 47
20 56
20 80
21 14
21 27
22 38
25 56
26 24
26 73
27 90
28 79
29 8
30 0
30 58
31 65
31 72
33 53
34 36
34 92
35 41
36 17
37 10
37 63
38 71
38 78
39 85
40 27
40 45
42 36
44 50
45 19
45 76
45 89
46 10
47 94
48 42
50 71
51 60
52 31
53 12
54 51
55 86
55 91
56 22
56 27
56 64
57 37
58 11
61 6
62 65
63 33
63 90
64 98
66 85
67 34
67 44
68 22
68 81
69 94
71 64
73 0
73 32
74 58
77 5
77 13
78 62
78 70
78 84
80 26
80 97
81 44
82 2
82 55
83 36
85 68
86 5
86 50
88 29
88 83
89 17
91 59
92 44
94 18
94 64
96 35
96 75
97 82
97 90
97 97
98 3
98 18
98 29
98 49
