115
0 48
0 54
2 61
4 54
4 88
5 6
5 14
5 19
5 41
5 78
7 14
7 36
7 98
9 43
9 50
9 75
12 22
12 84
13 14
14 0
14 2
14 27
15 16
15 62
17 77
18 97
19 51
19 68
20 31
21 1
22 62
23 7
23 36
24 74
27 22
27 41
28 5
28 92
29 91
31 10
32 83
33 5
34 33
34 39
34 70
34 78
35 56
36 42
36 51
37 16
38 99
39 77
42 86
43 31
43 46
43 72
44 12
46 64
48 4
48 44
48 99
49 13
50 29
50 89
51 84
52 8
53 67
54 40
56 55
56 88
57 1
57 11
57 40
58 25
60 5
61 64
62 53
63 18
64 41
64 70
65 23
65 93
66 46
70 4
70 77
71 23
71 33
71 62
72 46
73 57
74 96
75 31
79 10
80 36
81 25
81 49
82 1
82 17
84 70
85 61
85 67
85 90
86 23
88 11
88 39
90 56
92 0
96 5
96 41
96 58
96 66
97 75
97 87
98 22
98 49
