118
0 0
1 22
1 31
1 90
2 83
3 53
3 60
3 78
4 27
5 66
6 22
7 11
8 2
8 14
8 44
9 36
9 57
9 77
9 88
12 0
12 54
12 89
12 98
13 62
13 81
14 3
14 10
15 65
16 36
19 1
19 44
19 58
20 64
20 87
22 10
24 29
25 20
25 55
30 78
31 7
31 89
31 97
32 35
34 13
34 43
35 31
37 57
39 65
39 98
40 2
41 23
42 84
44 81
45 66
46 34
48 11
49 61
50 2
50 93
51 31
51 85
52 46
53 28
53 91
55 10
55 42
56 36
57 64
59 24
60 77
61 5
62 12
62 18
63 28
63 50
65 46
66 84
66 99
67 55
69 75
72 8
72 40
72 44
72 53
74 62
75 98
76 49
76 89
77 32
77 61
77 79
78 19
78 43
80 4
81 31
81 81
81 98
83 25
83 71
83 76
84 60
84 86
85 11
85 14
85 35
85 40
88 66
90 18
90 96
91 4
91 49
92 31
92 62
92 83
93 88
96 57
99 75
99 81
