108
1 65
2 73
3 6
3 83
5 52
6 90
7 78
8 24
9 70
11 45
12 32
12 53
13 27
15 8
16 63
17 51
17 83
18 43
19 68
21 15
21 34
21 61
23 4
23 97
25 27
27 35
28 17
28 23
28 86
31 41
31 65
31 78
33 47
33 97
34 31
36 14
36 80
38 93
39 21
39 37
39 61
41 80
43 66
44 0
44 53
44 71
45 42
45 92
47 1
48 87
50 55
51 10
51 18
51 26
52 38
52 47
53 22
53 89
55 5
55 37
57 27
57 50
60 15
60 28
60 73
62 48
63 21
63 89
65 0
65 59
65 81
67 72
68 43
68 63
69 5
70 90
71 13
71 77
73 50
73 61
74 31
75 92
76 55
76 68
76 96
77 37
77 76
79 83
80 9
80 30
80 68
83 51
84 99
87 20
87 42
88 1
88 60
88 65
88 72
89 82
90 5
90 11
91 33
94 85
97 77
97 92
98 55
98 62
