196
5 6
5 15
5 19
9 29
9 36
9 43
9 50
9 57
9 64
9 71
9 78
9 85
9 92
9 98
16 7
16 16
16 22
16 29
16 36
16 43
16 50
16 57
16 64
16 71
16 78
16 85
16 92
16 98
23 8
23 15
23 22
23 29
23 36
23 43
23 50
23 57
23 64
23 71
23 78
23 85
23 92
23 98
30 8
30 15
30 22
30 29
30 36
30 43
30 50
30 57
30 64
30 71
30 78
30 85
30 92
30 98
36 51
36 58
36 65
36 72
36 79
36 86
36 93
37 8
37 15
37 22
37 29
37 36
37 43
37 98
43 9
43 16
43 23
43 30
43 37
43 44
43 51
43 58
43 65
43 72
43 79
43 86
43 93
44 98
50 9
50 16
50 23
50 30
50 37
50 44
50 51
50 58
51 64
51 71
51 78
51 85
51 92
51 98
58 8
58 15
58 22
58 29
58 36
58 43
58 50
58 57
58 64
58 71
58 78
58 85
58 92
58 99
65 8
65 15
65 22
65 29
65 36
65 43
65 50
65 57
65 64
65 71
65 78
65 85
65 92
65 99
72 9
72 16
72 23
72 30
72 37
72 44
72 51
72 57
72 64
72 71
72 78
72 85
72 92
72 99
77 30
79 6
79 13
79 20
79 34
79 41
79 50
79 58
79 65
79 72
79 79
79 86
79 93
79 99
86 9
86 16
86 22
86 29
86 37
86 44
86 51
86 58
86 65
86 72
86 79
86 86
86 93
86 98
92 93
93 8
93 14
93 22
93 30
93 37
93 44
93 51
93 58
93 65
93 72
93 79
93 86
93 98
97 99
99 8
99 15
99 22
99 29
99 36
99 43
99 50
99 57
99 64
99 71
99 78
99 85
99 92
