118
0 42
0 51
0 81
0 90
1 7
1 95
4 23
4 47
5 64
7 79
8 14
8 87
9 58
11 99
12 19
12 72
14 3
16 53
16 62
16 96
17 46
17 86
20 1
21 41
22 14
22 34
22 73
23 10
24 28
24 82
25 53
25 74
25 86
25 91
27 23
27 97
28 62
31 13
31 53
31 67
32 44
33 3
33 20
33 78
36 61
36 92
38 81
39 47
40 2
40 12
40 19
41 89
42 39
42 97
44 26
44 59
47 17
47 69
48 38
48 50
49 9
50 1
50 19
50 27
50 74
51 90
54 93
54 99
55 6
56 24
57 82
60 2
60 90
61 78
62 31
64 38
65 45
65 95
67 34
67 53
69 89
70 22
70 81
71 6
71 44
73 0
73 57
76 76
76 90
77 6
77 93
78 43
79 59
80 25
81 87
82 11
82 17
85 6
88 11
88 46
88 57
88 77
89 91
90 29
91 99
93 49
93 69
93 94
95 60
96 17
96 40
97 4
97 31
97 66
97 82
98 25
99 12
99 38
