119
0 0
0 48
2 57
2 91
4 53
5 16
5 46
6 14
6 29
6 79
7 14
7 41
7 86
11 14
11 39
11 64
11 70
11 81
13 4
13 28
14 74
17 58
18 11
18 22
18 41
19 84
21 46
23 35
24 18
25 93
26 67
26 74
28 97
29 48
29 57
30 66
32 12
32 41
33 21
34 97
35 67
35 86
36 55
36 75
37 8
38 89
39 15
39 41
40 25
41 97
44 7
44 38
45 71
45 82
46 21
46 55
47 41
47 75
47 93
48 15
48 64
49 35
51 50
53 56
57 8
57 47
60 2
60 37
61 27
61 84
63 57
66 1
66 9
66 62
67 85
67 98
68 29
69 13
69 40
69 52
69 70
69 78
70 79
71 20
73 27
74 5
74 51
76 23
77 29
78 67
79 56
80 36
80 45
81 3
81 13
81 77
83 83
84 46
85 29
85 95
86 59
86 65
87 5
87 40
88 73
91 22
91 85
91 99
92 58
93 14
93 32
94 65
96 55
97 74
97 87
98 26
98 54
99 15
99 60
