103
1 34
1 50
3 74
3 94
5 7
6 84
9 1
9 15
9 39
11 53
12 29
14 87
15 69
16 71
17 8
17 98
21 32
23 85
25 0
25 75
25 88
26 27
26 43
27 47
27 70
29 9
30 98
31 26
33 60
33 77
35 4
35 40
35 89
37 19
38 77
39 71
42 42
42 61
46 77
48 62
48 83
49 28
49 30
49 90
51 2
51 96
52 49
53 55
54 74
56 42
57 22
58 9
58 17
58 80
58 89
58 95
61 69
63 23
64 8
64 15
64 37
64 49
64 75
65 57
67 20
67 69
68 10
71 46
71 81
72 19
72 75
72 88
73 1
73 32
74 53
75 65
77 48
78 71
79 27
79 42
79 79
80 66
81 16
81 93
84 37
85 63
86 83
88 19
88 30
89 34
89 53
90 76
91 45
93 13
95 58
96 27
96 65
96 97
97 33
97 89
98 10
98 79
99 38
