116
0 30
1 38
1 51
1 64
2 0
2 18
3 94
5 59
5 73
6 4
6 14
6 48
6 82
9 72
9 95
10 56
13 27
13 61
14 0
14 8
14 92
15 76
16 46
17 8
17 23
17 93
18 84
21 40
24 31
24 49
24 75
25 60
25 68
26 98
27 82
28 27
28 73
29 44
29 96
30 50
31 9
31 68
32 81
32 86
33 25
33 34
33 91
34 58
36 44
36 75
40 1
40 14
41 55
41 80
42 63
42 69
43 22
44 28
44 41
46 0
46 58
46 86
48 16
50 8
50 45
50 63
51 24
51 37
51 70
54 57
54 89
55 14
55 27
58 54
60 35
61 2
61 81
63 16
65 89
66 27
66 66
66 73
67 33
69 11
69 85
72 49
76 8
76 30
76 45
77 21
77 39
78 94
79 27
79 98
82 38
83 24
83 52
83 78
83 86
84 90
85 11
86 26
87 16
89 39
89 68
90 5
90 57
92 13
94 28
94 96
95 45
96 72
98 42
99 25
99 50
99 67
