118
0 3
0 59
0 93
2 28
2 85
4 65
5 15
6 22
6 97
7 72
7 90
10 2
10 38
10 78
11 16
12 28
12 55
12 60
14 8
16 47
17 90
18 53
18 78
21 9
21 21
21 97
22 34
23 46
24 59
24 64
25 5
26 91
27 44
27 77
28 51
28 97
29 2
30 19
31 84
32 55
33 68
35 29
36 87
38 76
40 19
40 34
42 25
42 67
43 11
43 94
44 38
45 74
46 2
47 58
47 82
48 47
49 13
50 96
52 77
53 20
54 4
54 29
54 48
55 34
56 54
58 63
60 79
60 86
61 8
61 68
62 20
63 41
65 14
65 31
65 54
66 59
66 67
69 18
69 39
71 86
72 41
72 94
73 24
74 54
74 63
75 36
75 69
76 10
78 29
78 50
78 70
79 24
79 82
82 2
82 32
83 63
83 75
84 58
85 17
85 92
86 86
88 2
88 48
88 75
88 97
89 79
92 62
94 20
94 30
94 43
95 26
96 68
96 96
97 9
97 48
97 56
98 37
98 77
