113
0 80
0 85
3 23
3 53
4 44
5 2
5 15
9 63
9 81
10 42
12 29
12 54
14 9
14 78
16 18
16 24
17 57
17 96
18 8
19 42
21 3
22 28
22 52
22 80
22 89
25 42
25 68
27 47
29 13
29 96
30 22
30 59
30 84
31 68
33 52
34 4
35 41
36 21
36 87
36 97
37 32
39 14
39 45
39 76
39 89
40 50
40 64
42 90
45 22
46 7
46 26
47 40
47 59
48 34
50 51
50 96
54 46
55 9
55 14
55 59
56 26
56 91
58 50
58 95
59 38
59 67
60 17
61 86
63 74
63 81
64 68
65 5
65 41
66 35
67 27
70 90
71 35
71 61
72 6
73 22
76 43
76 81
78 16
78 64
79 2
80 24
80 32
80 87
80 97
81 79
83 41
83 70
84 21
85 30
89 11
89 61
90 87
91 72
92 81
92 97
93 10
94 26
94 33
94 54
95 40
97 15
97 66
98 2
98 36
98 52
98 75
98 83
98 90
