116
0 67
2 91
3 45
4 6
4 76
4 86
5 51
6 0
8 33
8 45
8 86
9 62
10 23
10 56
10 70
12 17
13 51
13 85
13 93
14 12
17 31
17 88
18 45
20 79
21 8
21 74
22 58
23 42
24 29
25 6
25 60
25 65
27 44
27 91
28 42
30 50
30 67
32 24
32 74
34 3
34 13
34 32
34 99
35 40
35 64
39 83
40 14
41 53
41 89
42 26
46 4
46 36
46 48
46 54
47 69
48 64
48 76
53 15
53 72
54 89
56 6
56 44
56 67
57 36
57 97
58 28
60 80
61 24
62 67
63 51
64 20
65 5
65 41
66 89
67 62
69 23
69 82
70 15
71 7
71 55
71 96
72 71
73 92
74 28
74 47
76 21
77 36
78 12
78 43
78 55
78 82
82 1
83 36
83 52
83 85
84 25
86 9
88 30
88 41
88 66
89 14
90 5
90 9
90 97
91 46
92 20
93 11
94 74
95 2
95 38
97 63
97 77
97 86
97 95
98 53
99 16
