107
0 29
2 18
3 45
4 60
6 86
7 9
7 53
7 80
8 43
8 96
9 74
11 22
12 41
14 83
16 64
16 77
17 32
17 94
18 26
20 38
21 18
22 12
24 58
26 61
27 29
27 67
27 76
28 95
30 53
31 22
33 81
34 71
34 92
34 99
35 9
35 42
36 58
36 78
39 27
39 47
41 11
41 89
44 39
44 97
45 92
46 22
47 19
47 82
48 52
49 40
50 73
52 22
55 65
56 30
56 89
57 11
57 42
59 76
60 58
60 71
61 82
62 33
62 78
63 28
63 47
65 26
66 42
66 49
66 98
67 10
67 66
68 74
68 85
71 25
74 15
75 37
75 55
75 70
76 10
76 50
76 84
76 95
80 17
80 94
81 32
82 49
82 58
82 86
83 40
84 76
85 94
86 28
87 13
87 46
87 52
87 90
90 63
92 11
92 73
93 90
95 21
95 51
96 30
97 60
98 37
98 67
98 83
