114
0 21
0 66
0 76
2 38
2 46
3 91
4 53
4 86
6 5
6 44
7 30
7 97
9 49
9 56
12 16
12 76
12 86
13 29
14 7
14 11
15 3
15 17
15 35
15 41
15 59
17 94
18 20
20 66
21 6
22 13
22 49
23 33
27 64
27 77
27 99
28 90
28 91
29 15
31 18
31 95
32 53
32 75
33 27
33 67
34 6
37 47
39 89
40 33
42 61
43 20
43 89
44 68
46 75
47 97
48 4
48 32
48 48
49 40
49 81
50 29
50 93
51 54
52 14
54 91
55 7
55 81
57 24
57 56
57 63
58 16
59 69
59 91
60 37
60 63
60 85
62 30
62 99
64 61
64 76
65 34
67 4
67 93
68 17
69 76
70 81
71 95
73 23
74 77
75 46
79 82
80 11
80 43
80 88
83 1
84 6
84 49
84 60
88 2
88 87
88 99
89 41
89 55
92 21
92 65
92 95
94 2
94 30
95 55
95 71
95 85
97 76
98 46
98 64
99 52
