109
0 47
1 21
2 73
3 41
5 29
5 34
6 99
8 23
8 53
10 9
10 79
12 89
13 15
14 3
15 10
15 75
15 81
16 10
16 36
17 92
18 15
18 66
19 56
21 18
21 72
21 87
22 66
22 82
22 98
23 3
25 25
25 40
29 11
29 33
31 50
32 61
32 71
32 87
34 21
34 26
34 46
35 36
38 7
38 66
39 44
39 96
40 24
40 93
41 62
41 75
42 54
45 14
45 83
47 20
47 47
47 64
50 97
51 8
52 27
52 39
52 66
53 82
55 24
56 49
56 59
56 81
58 66
59 6
60 41
62 81
64 57
64 86
65 17
67 8
68 11
69 76
70 27
70 71
71 50
72 36
73 45
73 55
75 85
77 49
78 33
78 65
80 39
81 56
82 15
83 9
83 91
84 36
85 63
86 3
86 20
86 81
88 14
88 56
88 71
90 93
92 80
94 4
94 30
95 44
95 51
96 58
98 36
98 85
99 27
