115
0 7
0 29
0 47
0 97
1 58
1 82
2 94
3 38
3 88
4 4
5 6
5 20
6 30
7 44
8 8
8 49
9 96
11 22
11 69
12 76
13 40
14 2
14 8
15 0
17 14
17 60
19 20
19 69
19 92
20 84
21 25
22 5
24 41
25 36
25 74
26 72
30 20
30 54
30 85
30 99
32 91
34 36
34 64
34 97
35 75
37 17
38 46
39 24
41 74
41 86
42 33
43 14
43 66
46 6
46 38
47 55
48 87
49 29
49 65
51 19
52 1
54 23
55 14
55 61
56 3
56 50
56 86
57 9
57 38
57 99
59 90
61 28
63 15
63 68
65 21
68 42
69 3
69 10
69 54
71 20
71 28
71 67
72 36
74 58
74 99
76 2
77 26
78 74
79 18
79 40
80 54
80 65
80 91
83 48
83 83
85 19
85 38
87 71
88 53
88 89
90 12
91 51
91 79
93 29
95 46
95 59
95 70
96 2
96 82
97 10
98 23
98 33
99 86
99 87
99 98
