91
0 63
2 33
2 82
3 18
3 44
4 48
4 90
5 9
5 15
5 23
5 38
5 75
7 97
8 81
9 69
10 34
10 95
11 21
12 53
12 59
13 65
13 79
13 99
14 78
14 91
15 16
15 39
15 69
16 30
16 46
18 59
19 53
20 24
20 69
20 89
21 41
22 31
22 32
24 37
25 72
25 77
25 96
26 64
26 89
27 29
27 54
28 43
28 49
30 96
32 36
32 69
33 53
33 86
34 78
34 92
35 39
36 64
36 73
37 59
37 99
39 47
39 84
45 55
45 80
47 62
47 92
47 98
50 53
50 69
52 75
53 60
53 84
55 74
57 66
57 87
60 94
61 83
63 90
64 73
67 68
67 78
67 96
68 87
70 93
73 75
75 89
77 94
80 98
82 89
89 92
91 96
