108
0 11
0 21
0 78
0 88
2 28
2 63
3 46
3 98
5 65
8 22
8 38
11 20
11 56
11 68
11 76
11 86
12 88
13 15
14 9
15 30
15 49
15 93
18 82
20 8
23 1
23 94
24 14
24 19
25 44
28 29
29 17
31 57
33 20
33 97
35 9
36 42
36 63
36 77
39 93
40 35
40 84
41 2
43 14
43 41
43 62
43 71
44 99
45 44
46 20
48 7
48 35
48 65
48 83
48 90
50 24
51 73
52 40
52 48
54 9
55 21
55 68
55 80
56 32
57 59
57 83
59 1
59 97
60 67
60 73
62 5
63 12
63 59
65 28
66 34
67 95
68 90
69 13
69 60
70 3
70 67
70 78
71 31
72 47
73 59
73 80
75 37
76 20
76 29
77 92
81 13
81 75
81 86
82 49
83 56
84 8
84 38
84 69
86 27
88 79
89 56
90 84
90 92
94 28
95 42
95 62
96 78
99 22
99 48
