112
0 16
0 25
0 42
0 80
2 58
7 52
7 75
8 14
8 28
8 79
8 86
10 57
10 95
11 43
13 21
15 74
16 47
17 26
20 12
20 64
20 69
21 51
22 75
23 11
23 29
26 68
27 11
28 96
29 52
29 88
30 17
31 82
33 61
34 32
34 93
35 41
36 2
37 64
37 73
38 5
38 46
39 82
42 96
43 89
44 27
44 60
48 12
48 36
48 74
49 54
49 88
51 95
53 3
53 56
54 29
55 71
56 17
56 45
57 84
60 38
60 93
62 8
62 73
62 97
63 85
64 67
65 21
65 59
66 26
67 16
67 50
67 78
68 12
71 67
72 96
73 35
74 19
74 58
74 81
75 45
76 64
78 28
79 2
80 39
80 93
81 59
81 85
84 48
85 3
85 90
86 71
87 16
87 24
87 62
88 59
88 94
89 53
90 77
90 85
91 5
91 67
91 97
93 16
93 34
94 42
95 53
95 73
97 22
97 85
98 3
98 46
98 58
