202
0 6
0 20
0 27
0 34
0 41
0 48
0 55
0 69
0 76
0 83
0 90
0 97
2 16
4 15
4 63
5 0
5 19
5 26
5 33
5 40
5 47
5 54
5 75
5 82
5 89
5 96
9 70
15 67
16 2
16 9
16 18
16 32
16 39
16 46
16 53
16 60
16 74
16 81
16 88
16 95
17 25
23 0
23 9
23 16
23 23
23 30
23 36
23 43
23 50
23 64
23 71
23 78
23 85
23 98
24 57
24 92
29 17
29 24
29 38
30 4
30 10
30 31
30 45
30 52
30 59
30 66
30 73
30 81
30 88
30 95
37 9
37 23
37 30
37 37
37 44
37 51
37 58
37 72
37 79
37 86
37 93
37 98
38 16
43 4
43 39
43 53
44 11
44 18
44 25
44 60
44 67
44 74
44 81
45 32
45 46
51 0
51 9
51 16
51 23
51 30
51 37
51 44
51 51
51 65
51 79
51 86
51 93
51 98
52 58
52 72
58 4
58 11
58 18
58 25
58 32
58 39
58 46
58 53
58 60
58 67
58 74
58 81
58 88
58 95
63 6
64 58
65 15
65 22
65 29
65 36
65 43
65 50
65 64
65 71
65 78
65 92
65 98
71 45
71 59
71 87
72 3
72 10
72 17
72 31
72 38
72 66
72 73
72 80
72 94
73 24
78 50
79 0
79 8
79 22
79 36
79 43
79 57
79 64
79 71
79 78
79 98
80 29
80 85
85 4
85 52
85 59
85 80
86 10
86 17
86 32
86 38
86 46
86 66
86 73
86 88
86 95
91 95
93 0
93 9
93 16
93 23
93 29
93 37
93 44
93 51
93 58
93 71
93 79
93 86
93 89
97 32
97 81
97 88
99 3
99 17
99 24
99 38
99 45
99 52
99 59
99 66
99 73
