113
1 15
2 7
2 21
2 42
2 62
2 94
3 28
3 55
4 1
4 2
4 72
4 84
7 39
7 96
9 20
9 70
9 98
10 6
10 59
15 1
15 51
16 74
17 68
18 10
18 93
19 44
19 59
21 17
21 30
22 54
23 79
26 5
27 37
28 7
28 42
30 30
30 72
32 17
32 82
32 91
33 4
33 24
33 66
34 49
38 76
38 91
40 54
42 0
42 22
42 30
43 15
43 86
44 8
44 38
46 78
48 99
49 29
49 82
52 31
53 52
54 25
54 44
55 71
55 77
55 95
56 14
56 83
57 28
57 61
57 75
58 17
60 11
62 44
62 54
62 79
62 97
63 91
64 10
64 70
65 2
65 62
66 84
71 98
72 26
72 64
73 11
74 54
75 85
76 2
80 15
81 36
81 59
82 24
82 77
82 84
85 53
87 40
87 68
88 33
88 80
88 86
89 14
89 20
91 28
91 74
92 68
92 96
93 3
93 58
93 77
94 85
96 42
98 80
