121
1 6
1 40
1 50
1 64
1 84
2 90
3 75
3 98
4 22
7 60
8 2
9 18
9 36
9 43
9 56
10 81
13 46
13 90
15 67
17 57
17 83
18 35
18 93
20 13
20 88
21 18
21 24
21 69
22 41
22 57
23 7
26 2
26 75
27 33
27 62
28 9
28 20
28 73
29 27
29 46
30 79
30 92
34 14
35 71
37 56
37 62
38 84
39 7
40 23
40 46
43 6
45 20
46 90
46 99
47 12
48 67
49 25
49 50
51 75
51 81
52 39
53 23
54 33
54 50
55 47
56 17
56 67
57 77
58 55
58 90
58 96
59 63
60 23
60 34
60 98
63 2
64 10
65 54
66 16
66 31
66 67
67 76
68 95
69 88
70 4
71 38
71 46
72 17
72 24
72 98
74 80
75 89
76 74
77 8
77 61
79 53
81 99
82 17
84 32
85 13
85 65
86 92
87 51
87 76
89 23
90 2
90 79
91 30
93 11
93 81
93 94
94 62
94 72
95 24
95 42
96 10
96 35
97 96
98 1
98 18
98 84
