117
1 98
2 9
2 22
2 68
3 37
4 17
4 25
5 96
6 45
6 80
7 85
8 10
8 64
9 48
10 38
11 57
12 30
13 21
14 4
14 15
17 80
18 98
20 44
20 60
22 18
22 85
23 54
24 5
24 24
24 74
26 62
27 52
29 16
29 79
30 34
31 8
32 58
33 72
34 91
35 21
35 63
35 96
37 48
38 15
38 85
39 28
40 36
41 7
42 0
44 57
45 14
46 28
46 42
46 61
46 92
48 8
48 72
49 20
50 22
50 81
51 2
52 97
53 28
53 34
54 11
54 40
55 48
55 87
56 58
57 79
58 92
61 7
62 70
63 23
63 39
63 54
64 68
65 83
66 93
68 76
69 63
70 61
71 14
72 69
73 39
76 85
77 98
78 68
81 19
82 51
82 79
84 0
84 25
85 36
85 75
86 43
86 60
86 97
88 31
89 15
90 23
90 68
91 61
91 81
91 87
92 92
93 6
93 50
95 2
96 18
97 55
97 89
98 27
98 36
98 61
99 42
99 96
