113
0 6
0 21
2 45
2 54
3 68
3 97
4 30
6 2
6 17
6 28
6 36
6 79
7 43
8 73
8 89
9 57
10 14
11 78
13 25
14 11
15 38
16 16
16 28
16 53
16 92
18 84
21 2
21 11
22 39
22 68
26 63
28 25
28 56
28 92
30 2
30 30
30 35
30 51
30 66
34 15
34 88
34 95
35 42
35 67
36 22
36 49
38 55
40 12
42 35
42 90
43 49
48 78
49 44
50 69
52 50
53 4
54 40
55 59
55 80
55 91
56 67
58 21
59 35
60 52
60 96
61 0
61 44
61 58
62 9
63 71
64 47
64 78
64 95
66 35
67 13
67 22
67 67
68 89
69 42
70 58
71 7
74 22
75 2
75 12
75 25
75 30
77 87
78 80
79 48
80 39
80 52
80 71
84 18
84 23
86 93
88 32
88 47
88 70
89 16
89 67
89 76
90 3
91 10
92 22
93 54
94 29
94 95
95 23
96 13
96 77
97 86
98 48
98 64
