118
1 94
2 65
2 70
3 51
6 2
6 85
7 33
7 96
8 75
9 20
10 7
13 98
14 55
16 13
16 36
17 55
17 79
17 96
20 47
22 82
23 75
26 10
26 40
26 42
26 56
29 74
30 51
31 6
31 96
32 19
32 42
33 11
34 59
36 78
37 22
38 66
39 74
41 3
41 11
42 84
43 48
44 42
44 51
45 15
45 34
45 70
46 21
48 54
48 60
48 80
49 7
49 74
52 41
53 28
54 94
55 22
55 38
56 59
57 33
57 51
57 70
58 54
58 75
58 80
58 90
59 41
59 58
59 96
60 64
62 5
62 12
63 19
63 88
64 23
64 34
66 63
66 74
67 94
70 12
70 48
72 58
72 64
73 7
73 28
74 24
74 42
74 71
74 82
75 2
77 60
77 95
78 21
78 53
81 2
81 97
83 44
83 77
84 35
85 11
85 22
85 39
85 90
86 63
86 97
89 23
89 71
92 35
92 48
93 5
95 30
96 11
96 45
97 38
97 95
98 51
98 90
99 21
99 63
