118
0 46
0 89
1 10
1 12
2 93
3 82
4 33
5 37
6 56
6 68
7 9
7 48
8 25
8 76
8 78
9 32
11 66
12 17
13 72
13 90
14 9
17 38
17 80
18 97
20 2
21 8
21 54
21 68
22 33
23 18
24 40
27 9
27 28
27 49
28 22
28 34
29 94
30 0
30 44
30 64
30 86
31 56
33 13
34 25
34 50
36 15
36 39
36 95
38 7
39 43
39 64
39 83
40 56
41 15
41 50
42 0
44 39
44 67
46 82
46 92
51 0
52 28
52 46
52 54
52 98
53 20
55 71
57 6
57 51
58 38
58 83
61 6
62 14
62 59
62 68
62 93
64 80
64 87
64 99
65 30
65 38
66 7
68 59
68 96
69 8
70 21
70 79
71 51
71 61
72 71
72 90
73 1
75 13
76 20
76 39
76 61
76 94
76 98
81 16
81 62
82 50
82 80
83 33
83 68
87 7
87 42
87 58
87 63
87 91
88 72
90 50
94 13
94 45
94 82
95 31
98 22
98 42
99 91
