114
0 27
0 91
2 59
2 85
3 16
4 93
5 10
6 1
6 49
6 65
7 40
7 99
8 75
9 24
12 85
13 31
14 41
14 71
15 91
17 51
19 93
20 66
21 41
21 64
22 73
23 22
26 61
26 99
28 29
28 41
28 85
29 21
29 54
29 67
30 8
30 47
30 64
30 77
34 69
35 3
35 21
35 83
37 38
37 72
39 8
39 47
42 51
43 54
44 70
45 1
45 30
46 41
46 61
49 91
50 98
51 10
51 83
52 21
52 67
53 45
55 92
56 56
56 99
57 2
57 87
58 38
61 44
62 66
62 95
64 58
65 49
66 6
66 30
66 36
66 85
69 4
69 89
70 13
72 66
73 31
73 58
73 96
74 22
75 60
76 43
77 74
78 4
78 19
83 24
84 1
84 42
84 46
84 66
84 76
84 91
85 52
86 33
88 12
90 89
91 31
91 54
91 60
93 23
94 37
95 60
97 14
97 24
97 41
97 78
98 8
98 55
99 21
99 72
99 90
