117
0 17
0 86
4 38
4 42
4 72
5 50
6 80
9 57
9 97
10 27
11 18
12 66
13 83
14 10
15 49
15 91
16 24
16 65
16 73
16 85
19 3
19 20
19 36
19 91
20 70
21 62
22 11
22 51
25 29
25 43
25 84
26 34
27 7
28 50
29 27
29 78
30 1
31 63
32 13
34 39
34 70
35 44
36 8
36 50
36 78
37 4
38 82
39 59
41 15
41 35
43 22
44 39
46 18
47 64
48 82
48 92
50 7
50 25
50 98
51 31
52 21
53 42
53 54
53 75
53 85
55 2
55 66
56 12
62 81
63 74
63 88
64 1
64 56
65 17
65 96
67 52
69 42
70 85
71 64
72 47
72 80
73 5
73 75
75 68
77 20
77 44
78 60
79 35
80 9
82 88
82 98
83 22
84 33
84 78
84 95
86 28
87 12
87 55
87 61
89 43
89 69
89 86
90 16
90 96
91 25
92 93
93 0
93 8
93 60
93 72
95 84
96 79
97 99
98 5
98 23
98 33
98 54
