116
0 16
0 31
0 54
0 97
1 93
2 44
3 64
4 92
5 46
6 14
8 2
8 27
8 65
9 50
10 39
11 36
11 77
11 98
12 60
14 71
16 5
17 34
18 59
19 25
20 46
20 65
20 90
21 10
22 74
23 31
24 95
25 99
27 84
28 24
28 60
28 72
28 94
30 3
30 17
30 52
33 11
33 64
34 43
34 75
36 31
36 80
37 4
39 11
42 25
45 2
45 41
45 86
46 15
46 93
47 31
50 30
51 0
51 54
51 85
52 49
53 22
55 39
56 16
57 1
57 25
57 38
58 95
59 64
59 89
61 32
61 45
61 81
62 46
63 2
63 16
64 70
65 62
66 77
67 84
67 94
69 51
69 55
73 69
74 38
75 0
75 32
75 86
76 9
77 46
77 94
78 27
78 86
80 41
80 72
81 23
81 59
81 81
86 51
87 12
87 61
87 96
89 17
90 45
90 99
92 32
92 60
92 71
94 78
97 34
97 44
97 72
98 23
98 39
98 58
99 6
99 91
