93
0 33
0 57
0 73
1 9
2 27
2 92
4 82
7 42
10 51
12 74
12 91
13 83
14 26
14 49
15 60
15 86
16 4
16 95
19 33
19 40
25 5
25 36
25 52
25 85
26 14
26 71
26 91
27 8
27 58
27 97
28 2
29 19
29 47
29 64
30 14
30 19
30 81
35 17
36 91
37 26
38 2
38 81
39 85
44 26
48 53
49 60
49 83
49 96
50 26
50 93
52 40
55 0
55 73
57 3
57 27
58 84
58 92
58 97
60 80
61 28
61 37
64 17
65 70
65 94
68 26
74 14
75 85
76 60
76 97
77 38
84 2
84 9
84 23
84 58
85 18
87 25
87 38
87 71
87 99
88 48
92 34
92 54
93 9
93 26
93 73
94 3
94 19
94 37
94 66
96 32
96 45
97 95
98 23
