118
0 6
0 34
0 50
0 90
1 40
2 27
2 80
5 69
6 1
6 85
8 6
9 38
9 49
10 20
10 28
10 43
11 63
12 91
14 16
14 57
16 80
17 92
18 50
20 4
20 36
21 42
21 66
23 52
27 30
27 58
28 66
28 76
30 93
31 56
31 61
32 3
34 70
34 77
35 55
36 13
36 47
37 21
37 66
38 7
38 81
39 53
39 71
40 35
41 88
42 20
43 47
45 27
45 41
45 63
46 81
47 1
47 12
47 32
47 93
47 97
50 54
52 4
52 23
52 45
52 62
52 70
55 27
56 77
57 86
58 43
60 60
60 65
60 93
62 7
63 11
63 20
64 86
65 26
66 57
69 97
70 13
70 81
71 19
71 28
72 88
73 77
75 39
75 55
76 25
76 46
76 60
79 78
81 14
81 25
81 35
81 51
81 64
82 95
84 11
85 40
85 77
86 3
87 51
90 7
90 25
90 39
91 17
93 35
93 66
93 95
94 71
96 23
96 78
97 2
97 13
97 56
97 68
98 47
