105
0 29
0 92
1 49
2 8
3 67
5 19
7 23
7 38
7 92
8 71
8 76
10 52
10 97
11 14
11 44
12 67
12 78
13 35
14 25
14 72
17 10
19 34
19 56
20 49
21 62
23 33
23 41
26 98
27 15
30 20
30 50
31 74
31 91
32 82
33 30
33 61
35 85
36 12
38 4
39 59
41 26
42 55
42 64
44 48
44 72
44 78
46 12
47 1
47 26
47 39
48 47
49 39
50 66
52 33
52 97
54 13
54 47
55 88
56 96
57 25
58 88
59 53
59 67
60 84
62 61
63 16
64 37
65 51
66 17
66 85
66 99
69 13
69 80
71 7
73 88
75 24
75 39
75 64
76 49
76 71
76 99
77 56
78 29
80 21
81 14
82 87
83 64
84 8
84 82
87 71
88 47
88 75
88 99
89 85
91 18
92 10
92 25
92 76
92 90
93 36
96 45
96 84
96 93
99 36
99 53
