117
0 12
0 36
0 42
1 48
2 87
4 24
4 59
5 75
6 15
6 83
7 39
8 23
9 93
11 17
11 49
11 76
11 91
12 0
12 55
14 78
17 43
17 71
17 95
18 4
20 90
21 48
23 16
25 56
27 66
28 14
28 60
29 37
29 75
30 29
31 95
33 0
33 20
33 82
34 17
34 79
35 72
36 7
36 97
37 50
40 12
41 38
41 49
41 66
42 32
42 55
43 18
43 84
45 3
47 42
47 93
49 16
49 60
49 80
50 54
52 0
52 74
55 22
56 10
56 29
56 34
56 51
57 69
59 5
59 18
59 41
59 90
59 98
61 60
62 21
63 5
63 29
63 77
64 38
64 54
64 83
66 99
69 4
69 68
71 26
71 76
71 84
72 15
72 41
74 60
75 99
76 10
78 1
78 42
78 91
79 73
80 22
81 47
81 58
82 29
84 51
86 18
87 62
87 82
88 6
89 2
92 24
93 28
93 37
93 91
94 71
96 13
96 42
97 20
97 49
97 60
97 86
99 54
