113
0 31
0 91
1 14
1 50
1 99
2 3
3 67
3 80
4 23
6 21
7 71
7 89
8 14
9 0
9 57
9 66
12 19
12 54
12 71
13 44
13 79
13 90
15 32
16 26
17 63
17 72
18 90
18 98
21 5
21 59
25 80
27 8
27 68
27 85
28 37
30 15
30 55
31 64
31 75
32 34
33 43
34 81
35 60
36 39
36 76
36 83
37 9
38 20
38 40
41 51
41 59
42 31
42 95
43 16
43 86
45 37
46 51
46 61
47 76
47 91
48 19
50 7
51 37
51 50
51 87
53 93
55 66
56 18
56 76
56 99
57 55
58 84
61 67
65 17
67 56
68 50
68 75
70 34
71 56
71 81
71 95
72 9
72 23
74 2
74 90
77 26
79 52
79 83
80 43
81 77
82 13
82 57
83 99
84 36
84 84
86 69
87 4
87 23
87 45
88 81
89 51
90 13
90 59
90 96
92 92
93 31
93 40
94 73
95 85
96 89
97 15
97 98
99 77
