108
0 51
1 98
2 38
3 10
5 61
6 27
6 37
6 55
6 77
7 48
8 3
10 91
11 98
12 72
14 46
15 40
15 67
16 34
17 0
17 81
18 99
19 9
20 33
23 87
24 4
26 22
27 90
28 72
29 55
30 27
30 94
32 45
34 17
35 53
36 63
37 88
38 71
39 3
39 17
40 94
42 31
44 60
45 15
46 73
47 43
48 16
48 58
49 1
49 29
50 86
52 46
54 92
55 11
55 38
55 79
56 25
56 60
59 73
59 95
60 43
60 51
62 77
63 16
63 66
65 36
66 93
67 17
67 28
67 45
67 62
67 71
69 88
70 3
70 80
72 10
74 42
74 89
75 24
77 69
78 8
79 21
80 29
80 63
80 97
82 15
82 30
82 74
82 86
83 55
83 71
84 47
87 32
87 42
88 80
89 89
90 4
90 16
90 99
92 7
92 54
94 64
94 80
96 37
97 11
97 25
97 60
97 85
98 19
