109
0 56
1 38
1 48
2 21
4 96
7 83
8 30
8 97
9 37
9 75
10 3
10 18
13 42
13 84
15 2
16 54
17 89
18 47
19 96
20 4
20 15
20 64
20 68
21 23
22 86
23 75
25 30
27 44
27 64
28 5
28 50
28 59
30 68
30 85
32 8
33 53
33 63
33 96
35 45
35 74
35 85
36 36
38 24
38 90
39 10
39 65
40 57
41 33
43 1
43 68
44 79
45 7
46 46
47 18
47 31
48 26
49 8
49 53
51 76
53 16
53 41
54 94
54 97
55 58
55 86
56 3
56 48
57 33
58 22
58 58
61 38
61 83
61 95
62 18
64 7
65 12
67 1
67 70
68 44
69 90
72 27
72 43
72 60
72 84
75 32
75 69
77 4
77 79
78 93
79 34
79 55
79 64
82 16
82 23
83 67
85 87
87 3
89 48
91 36
92 0
92 7
92 82
93 24
95 65
97 30
97 37
97 86
98 11
98 54
