114
0 16
1 75
2 2
2 10
2 64
3 41
6 60
6 72
7 15
8 31
8 56
9 45
13 38
13 93
14 67
14 97
15 24
16 2
17 12
18 89
19 41
20 21
22 58
23 63
24 33
24 97
25 56
26 1
26 27
26 37
28 44
29 12
29 16
29 22
29 75
30 62
30 96
31 85
34 13
34 50
35 32
36 4
36 68
39 54
40 43
40 62
40 75
42 36
42 69
42 98
43 25
44 14
44 19
45 4
46 68
47 40
48 84
49 26
51 53
51 66
54 4
56 32
56 36
57 79
57 93
58 72
60 23
60 51
62 87
63 0
64 40
64 67
64 97
66 19
67 11
67 35
67 49
70 44
70 69
70 85
70 96
71 4
71 39
71 61
72 90
73 55
75 32
75 71
77 4
78 40
78 96
79 47
81 15
82 77
83 54
85 9
85 43
85 83
86 33
88 76
89 18
89 24
90 56
92 15
94 67
94 92
95 29
95 39
95 49
95 72
96 77
98 24
98 52
99 7
