109
0 64
1 36
2 56
2 71
4 41
4 97
5 22
5 92
6 6
7 50
10 76
11 29
11 85
12 17
15 94
17 20
17 62
19 43
22 95
23 39
24 49
24 86
27 69
30 7
30 21
30 29
30 52
31 79
32 34
32 92
33 42
33 88
34 17
35 24
35 49
38 14
38 59
38 94
39 19
40 35
40 84
41 5
41 68
42 25
43 49
44 98
45 35
45 61
46 68
47 93
49 30
51 14
53 53
54 92
55 9
55 49
55 72
56 83
57 26
60 34
60 45
60 55
60 87
60 99
61 74
62 5
64 86
65 89
66 51
67 38
68 69
69 72
69 97
71 10
71 27
72 51
72 90
74 63
76 35
77 76
77 84
78 17
79 10
79 74
81 4
81 28
81 55
82 49
82 90
84 43
84 73
85 9
86 15
88 5
89 85
91 71
91 91
91 99
92 7
92 33
93 41
94 25
95 58
95 64
96 49
96 69
96 94
99 1
99 9
