108
1 89
2 32
6 60
6 76
7 15
7 46
7 65
8 36
8 55
9 76
11 28
11 50
12 11
12 85
12 99
13 55
13 99
14 96
16 59
17 6
17 30
17 43
20 39
20 56
20 64
22 80
23 27
23 46
23 75
23 99
30 10
31 88
32 58
33 32
33 43
35 45
35 77
37 75
39 24
39 67
40 51
40 60
41 39
42 10
43 29
43 81
43 95
44 16
44 65
45 49
46 61
48 43
49 29
49 62
50 50
51 6
51 25
52 85
53 19
53 34
54 68
56 75
57 45
58 85
59 65
62 61
63 79
64 94
65 97
66 34
67 41
67 74
68 10
69 70
70 84
71 1
71 48
71 58
73 40
74 10
74 80
75 64
76 11
76 75
78 21
78 44
78 97
79 58
81 1
85 19
85 51
85 68
85 91
86 77
87 40
88 30
89 10
91 51
91 64
91 95
92 43
93 34
94 90
96 85
97 99
98 14
98 27
98 56
