110
0 50
1 1
2 18
4 40
4 66
5 98
8 30
9 48
10 76
11 25
12 35
12 70
13 17
14 0
14 2
14 84
15 22
16 45
18 48
18 97
21 1
21 26
21 81
21 89
22 43
23 35
25 13
25 52
25 60
27 12
28 22
29 2
29 48
31 34
31 84
31 92
32 69
33 58
36 27
36 61
38 66
39 3
40 22
40 28
40 74
41 52
41 90
41 93
44 7
44 62
46 24
46 69
46 97
47 10
47 94
48 50
48 76
49 61
50 27
50 30
52 42
52 76
54 15
55 67
55 83
56 57
57 20
58 62
60 24
61 10
61 45
62 56
63 32
63 66
63 78
63 86
64 50
68 19
69 8
70 93
73 64
74 22
74 70
75 37
75 99
76 86
77 15
78 6
78 24
78 56
78 93
82 63
83 58
85 83
86 8
86 33
87 13
89 3
90 53
90 75
91 38
91 96
93 7
93 44
95 90
96 12
96 30
96 77
98 55
99 38
