111
0 8
0 17
0 29
0 98
3 65
3 75
4 7
4 46
4 59
4 85
7 49
8 92
10 16
11 0
11 63
12 74
13 87
16 46
17 25
17 40
18 13
18 37
18 96
19 70
21 7
21 74
21 84
22 22
23 29
24 35
24 44
26 16
28 53
30 29
30 94
31 21
31 43
31 59
31 88
32 76
33 14
34 32
34 82
35 9
37 66
38 35
38 58
38 74
38 95
40 16
42 25
44 80
44 92
45 47
45 58
47 86
49 5
49 20
50 33
50 68
51 81
52 0
52 53
52 60
54 15
55 65
55 99
57 21
57 35
58 88
62 41
62 74
64 88
67 2
67 71
69 23
71 37
71 46
71 93
74 71
74 80
74 88
76 57
78 36
78 49
78 68
80 18
80 26
81 9
82 97
85 52
86 17
86 67
86 94
87 0
87 58
87 83
88 13
91 37
91 48
92 18
94 13
94 43
94 75
95 29
95 59
96 85
97 6
97 53
97 94
98 38
