114
1 78
2 14
2 42
2 62
2 73
3 48
4 88
5 14
5 19
6 6
8 23
8 59
9 52
9 97
11 66
12 85
13 30
13 80
15 6
15 95
18 72
19 13
19 48
19 93
22 36
22 58
22 82
23 27
23 53
24 87
25 74
26 4
27 47
28 65
28 86
30 78
31 6
31 11
31 73
31 94
34 45
34 52
34 95
35 62
36 82
38 40
40 93
42 30
44 44
46 58
47 26
47 86
48 64
48 92
49 8
51 22
51 29
51 73
51 86
54 4
54 11
55 40
55 78
57 7
58 54
60 94
61 10
62 26
62 38
62 86
63 59
63 98
64 74
65 29
66 0
67 21
68 54
68 62
68 67
68 77
69 35
70 85
71 95
72 16
72 89
75 80
76 9
77 48
77 58
78 4
78 89
80 64
81 49
83 56
84 25
84 83
84 88
85 18
86 11
86 30
86 96
89 24
90 36
93 13
95 97
96 12
96 22
96 46
98 1
98 30
98 37
98 63
99 18
99 74
