111
0 7
2 66
2 74
2 82
3 36
4 25
6 59
7 33
7 46
7 79
12 55
13 6
13 42
13 49
16 11
16 72
17 0
17 91
18 28
18 58
19 5
21 31
22 38
22 55
22 79
23 46
29 37
31 58
32 30
32 83
33 11
34 79
35 26
35 37
36 6
36 51
37 68
37 73
38 44
38 87
39 20
40 79
41 60
43 98
44 27
45 8
45 35
46 17
46 93
47 2
47 42
47 86
48 52
48 73
49 66
51 26
52 57
52 78
55 84
55 89
57 40
57 46
58 1
58 26
58 95
60 55
61 79
62 32
64 5
64 77
65 26
65 43
66 60
66 84
69 68
70 14
70 25
70 32
70 56
70 74
70 94
74 1
76 47
76 91
77 18
77 29
78 37
79 82
81 13
81 39
81 62
81 95
82 2
82 71
85 76
86 19
86 49
87 96
88 3
89 80
89 85
90 10
90 28
92 36
92 59
92 77
93 54
96 9
98 22
99 2
99 65
