115
0 17
1 70
2 0
3 45
3 82
4 91
6 17
6 47
7 0
8 9
8 69
10 25
11 37
11 98
12 44
13 55
13 63
14 9
14 33
14 92
15 3
16 83
17 14
17 67
20 77
21 24
23 58
24 11
24 48
25 70
25 84
25 93
25 98
27 36
28 33
28 51
28 74
29 10
31 23
32 38
33 65
34 54
34 91
35 31
35 45
35 85
36 80
37 97
38 9
38 58
38 88
39 65
41 2
42 39
43 29
43 86
44 77
46 29
46 34
48 6
49 21
49 79
49 95
50 49
52 56
53 44
53 74
54 64
56 2
56 47
58 16
58 30
58 37
59 96
60 24
60 53
60 61
60 80
61 90
63 75
64 35
66 41
67 91
68 18
69 4
70 60
71 24
72 93
77 38
77 75
80 65
81 97
82 26
83 6
83 33
85 18
86 1
86 12
86 69
90 57
91 2
91 17
91 66
91 84
94 46
94 78
94 88
95 45
97 97
98 3
98 9
98 32
98 55
98 64
99 81
