200
0 47
0 72
1 47
1 72
2 47
2 72
3 47
3 72
4 47
4 72
5 47
5 72
6 47
6 72
7 47
7 72
8 47
8 72
9 47
9 72
10 47
10 72
11 47
11 72
12 47
12 72
13 47
13 72
14 47
14 72
15 47
15 72
16 47
16 72
17 47
17 72
18 47
18 72
19 47
19 72
20 47
20 72
21 47
21 72
22 47
22 72
23 47
23 72
24 47
24 72
25 47
25 72
26 47
26 72
27 47
27 72
28 47
28 72
29 47
29 72
30 47
30 72
31 47
31 72
32 47
32 72
33 47
33 72
34 47
34 72
35 47
35 72
36 47
36 72
37 47
37 72
38 47
38 72
39 47
39 72
40 47
40 72
41 47
41 72
42 47
42 72
43 47
43 72
44 47
44 72
45 47
45 72
46 47
46 72
47 47
47 72
48 47
48 72
49 47
49 72
50 47
50 72
51 47
51 72
52 47
52 72
53 47
53 72
54 47
54 72
55 47
55 72
56 47
56 72
57 47
57 72
58 47
58 72
59 47
59 72
60 47
60 72
61 47
61 72
62 47
62 72
63 47
63 72
64 47
64 72
65 47
65 72
66 47
66 72
67 47
67 72
68 47
68 72
69 47
69 72
70 47
70 72
71 47
71 72
72 47
72 72
73 47
73 72
74 47
74 72
75 47
75 72
76 47
76 72
77 47
77 72
78 47
78 72
79 47
79 72
80 47
80 72
81 47
81 72
82 47
82 72
83 47
83 72
84 47
84 72
85 47
85 72
86 47
86 72
87 47
87 72
88 47
88 72
89 47
89 72
90 47
90 72
91 47
91 72
92 47
92 72
93 47
93 72
94 47
94 72
95 47
95 72
96 47
96 72
97 47
97 72
98 47
98 72
99 47
99 72
