116
0 31
0 57
0 67
0 78
0 84
1 49
4 15
5 53
5 59
6 44
8 29
9 24
9 64
10 7
10 14
10 49
10 78
10 94
11 0
11 14
11 84
12 86
13 51
14 79
16 40
17 2
17 62
19 17
19 55
19 76
20 31
22 85
23 59
23 72
23 93
24 20
25 50
25 55
26 8
26 26
26 41
27 96
29 11
30 70
35 22
35 42
35 70
36 53
36 86
36 95
37 7
37 36
38 14
40 90
42 45
43 1
43 25
43 84
44 58
44 66
45 13
45 78
46 16
46 89
48 48
51 38
51 43
52 4
55 10
55 97
56 12
56 75
58 52
58 58
64 14
64 87
65 82
66 47
66 73
66 97
67 28
67 92
68 21
69 7
70 14
72 33
72 72
74 0
75 77
75 83
75 93
77 35
79 27
80 8
82 1
83 82
84 65
84 94
86 26
87 52
90 7
90 33
90 62
91 57
92 40
92 70
92 73
93 15
93 74
95 50
96 3
96 26
96 95
97 20
97 88
98 69
