115
0 27
0 37
1 73
2 15
3 2
3 49
3 56
3 94
5 33
5 87
6 67
6 97
7 77
9 19
10 46
10 63
10 87
11 3
11 40
13 29
13 49
15 54
15 95
17 0
18 7
18 13
18 31
18 36
20 84
21 30
21 41
21 55
22 20
22 63
22 68
24 81
25 25
25 91
26 32
26 50
26 76
28 15
28 42
29 5
32 4
35 98
36 33
37 63
38 59
39 35
39 82
40 7
45 70
46 20
47 6
47 47
48 22
48 86
48 93
50 55
51 31
51 64
52 39
53 44
54 31
54 92
58 23
58 36
59 48
59 92
63 10
63 72
65 53
65 64
65 84
66 96
67 42
68 1
68 78
69 16
70 37
70 87
71 51
72 26
73 31
75 23
75 46
75 63
75 69
75 75
77 94
78 1
79 38
81 82
83 11
83 18
83 48
84 28
86 57
86 98
87 4
88 66
90 17
90 74
91 48
91 95
92 42
92 57
93 36
96 11
96 80
97 96
98 35
98 87
99 41
