115
0 3
1 15
1 62
1 77
1 94
2 11
7 5
7 47
7 80
8 73
9 99
12 61
14 13
14 55
14 88
16 22
17 68
17 99
19 10
20 95
24 35
24 80
26 34
26 72
27 44
29 78
30 5
31 19
31 43
32 11
32 28
34 66
35 20
35 53
35 88
36 1
36 60
38 27
39 12
40 35
41 76
42 40
42 91
45 5
45 34
46 16
47 12
48 48
48 63
48 70
50 0
50 43
50 97
51 18
51 23
51 83
52 36
53 91
58 3
59 15
59 45
61 17
61 37
62 65
62 74
62 86
64 35
64 97
67 12
68 0
69 29
69 52
69 73
69 93
73 3
73 85
74 12
74 24
74 43
75 66
76 59
77 88
77 99
78 5
78 50
79 20
80 71
81 40
81 87
82 27
82 98
83 66
84 6
84 16
84 83
86 44
88 63
89 58
90 71
91 0
91 21
91 32
92 13
93 52
93 86
93 93
94 9
94 12
95 19
95 64
96 56
96 92
97 65
98 4
98 75
