111
2 34
3 11
3 45
3 57
3 76
3 86
4 98
6 1
6 63
7 29
7 42
7 93
10 72
12 80
13 64
14 98
16 20
16 60
17 32
17 80
18 64
19 11
19 39
19 56
20 53
21 34
21 59
23 8
23 97
24 3
24 76
25 13
26 52
27 25
27 64
30 31
33 46
33 74
33 79
35 70
36 51
37 18
37 47
37 97
38 86
39 54
40 34
42 76
45 6
46 71
47 17
48 45
50 53
50 80
53 13
53 24
53 69
53 93
55 4
56 32
57 87
57 97
59 12
59 58
60 80
61 3
62 87
62 96
64 24
66 11
66 36
66 47
67 59
67 67
68 55
68 82
70 9
71 3
71 98
72 37
72 58
74 41
75 5
75 13
75 75
76 80
78 34
78 49
79 44
80 21
80 54
80 66
83 26
83 96
84 63
87 20
87 79
88 33
88 71
91 18
91 93
93 26
93 48
94 76
95 71
96 39
97 33
97 85
98 15
98 46
98 52
