165
0 4
0 27
0 34
0 41
0 55
0 69
0 76
0 83
0 90
1 0
1 16
1 23
8 4
8 16
9 0
9 50
10 23
10 30
10 37
10 44
10 58
10 65
10 79
10 86
10 93
14 2
16 22
16 46
18 7
18 16
18 37
18 58
18 65
18 79
18 86
22 37
26 0
26 8
26 15
26 22
26 29
26 42
26 50
26 57
26 64
26 71
26 78
26 85
26 92
26 97
29 35
29 42
30 47
31 28
32 53
34 0
34 8
34 15
34 22
34 64
34 71
34 78
34 85
34 98
38 97
39 77
42 0
42 8
42 15
42 22
42 36
42 43
42 50
42 64
42 71
42 92
45 98
46 34
47 92
50 0
50 8
50 15
50 22
50 29
50 43
50 50
50 64
50 71
50 78
50 83
54 35
56 9
56 81
58 22
58 29
58 43
58 50
58 57
58 64
58 71
58 78
58 92
58 97
66 0
66 8
66 15
66 22
66 29
66 36
66 43
66 50
66 57
66 63
66 71
66 78
66 85
66 92
74 6
74 15
74 22
74 36
74 43
74 49
74 68
74 78
74 85
74 92
74 97
81 48
82 0
82 15
82 29
82 36
82 43
82 57
82 65
82 85
82 92
82 97
88 32
88 86
89 71
90 15
90 22
90 30
90 44
90 57
90 65
90 92
90 97
91 1
93 35
96 65
97 99
98 0
98 8
98 15
98 22
98 26
98 43
98 50
98 57
98 78
98 85
98 92
