109
1 2
3 97
4 20
4 52
4 65
4 69
7 92
8 26
9 81
11 47
11 71
11 99
13 30
13 49
14 8
16 43
16 65
17 26
17 51
17 73
17 80
18 13
18 34
20 25
25 35
25 95
27 85
28 53
29 47
30 74
32 14
33 48
34 32
34 42
34 82
35 38
36 95
37 62
38 26
39 10
39 43
40 4
40 97
41 90
42 58
42 84
45 3
45 20
46 54
47 36
47 46
47 68
52 47
53 67
55 73
56 18
57 37
57 58
58 27
58 88
60 11
60 33
61 1
61 42
61 82
62 64
63 91
64 54
65 18
67 4
67 36
67 77
70 26
70 48
71 19
71 55
72 82
73 8
74 60
75 20
76 2
76 44
76 56
76 76
76 91
77 16
78 68
78 79
79 97
82 47
83 25
85 20
85 63
85 81
86 34
87 71
87 94
89 3
89 12
90 19
90 82
91 25
94 77
95 33
98 79
99 4
99 15
99 46
99 98
