120
0 38
0 61
0 69
2 4
3 21
3 25
4 36
4 47
4 75
4 94
6 65
6 96
8 90
9 57
10 20
10 85
12 84
13 47
13 90
14 4
14 32
15 46
16 89
17 64
17 79
21 24
21 32
21 46
22 19
22 69
24 13
24 41
24 58
25 81
26 74
29 66
30 38
32 7
33 52
34 64
35 90
36 53
36 75
36 85
37 3
37 9
38 99
39 11
40 49
40 70
41 1
41 64
42 34
43 22
45 0
45 78
47 39
49 11
49 54
52 16
53 21
53 34
53 69
53 77
53 88
54 44
54 51
58 63
59 31
60 39
61 11
61 90
64 78
65 6
65 36
66 27
67 52
67 66
68 90
69 20
69 73
69 80
70 2
70 68
70 83
72 14
72 24
73 79
74 88
75 7
75 35
75 51
76 56
77 81
78 44
79 27
79 94
80 64
82 57
83 41
83 51
83 74
83 82
84 10
86 34
86 98
89 27
89 68
89 77
89 92
90 87
92 61
92 82
94 6
94 25
95 51
97 63
98 82
99 19
99 98
