115
0 53
0 95
1 44
1 66
3 21
3 37
3 78
5 5
7 14
7 61
8 42
8 83
8 98
9 8
10 71
11 53
13 26
13 64
15 44
15 55
17 14
17 72
17 89
18 30
18 99
21 5
21 97
22 11
22 41
23 29
28 5
28 87
30 2
32 37
33 18
33 98
34 55
35 87
36 75
38 4
39 10
39 91
41 18
41 23
43 13
43 29
43 37
43 58
44 2
44 95
45 48
47 75
50 53
50 62
50 70
50 97
51 22
53 41
53 60
54 10
54 23
54 90
57 34
57 67
57 97
59 41
60 13
61 53
61 63
65 22
65 96
68 64
69 79
70 10
70 48
71 72
72 19
72 34
72 98
75 39
75 56
75 65
77 24
77 34
78 49
78 74
79 13
79 17
81 41
81 68
81 86
82 0
82 29
82 91
83 38
84 11
86 51
86 70
87 63
87 82
87 96
88 90
89 33
91 70
92 19
92 59
96 33
96 44
96 91
96 98
97 79
98 1
98 53
99 15
99 65
