110
0 54
4 87
5 21
6 75
8 66
8 97
11 45
11 61
12 9
12 32
12 70
13 50
15 13
15 27
16 1
17 55
17 67
20 80
22 16
23 85
24 30
26 48
27 40
27 95
28 88
29 63
29 69
31 79
32 2
33 72
33 92
34 56
35 21
36 36
36 65
37 82
38 76
39 28
41 94
42 39
44 9
44 79
45 42
45 67
45 92
46 1
46 73
46 84
46 98
47 27
47 55
49 48
51 33
52 79
52 89
53 71
54 8
57 38
59 69
59 80
59 89
60 44
61 20
61 37
61 49
62 77
63 15
63 73
64 67
67 44
68 5
69 20
69 34
70 71
71 16
71 42
71 47
71 82
71 88
72 55
76 79
77 34
78 59
78 85
78 96
79 23
82 20
83 91
84 58
85 14
85 67
85 77
86 23
86 30
87 47
87 99
88 8
89 39
92 70
92 81
92 88
94 33
95 53
96 72
97 64
97 83
97 95
98 8
98 18
99 40
