101
1 70
2 2
5 52
5 97
8 28
9 74
10 76
11 35
11 67
12 20
17 22
19 25
20 58
20 65
20 78
21 37
22 30
22 53
22 76
23 43
23 69
23 86
25 2
25 81
25 92
28 6
28 76
30 25
30 37
30 61
30 68
32 32
33 24
33 57
35 51
36 60
37 7
38 16
38 33
38 48
38 73
38 82
40 57
41 25
42 62
42 88
44 33
47 17
48 93
49 38
49 60
50 75
51 5
51 64
53 34
54 27
54 73
57 66
58 56
60 71
61 15
61 50
62 20
62 62
63 33
63 38
63 78
65 4
65 64
66 44
66 56
67 24
67 29
69 82
70 52
70 62
71 48
71 61
72 25
72 73
73 78
74 15
74 41
74 72
75 88
76 63
77 24
78 29
79 18
80 56
80 70
81 60
83 22
83 35
83 74
83 83
84 44
87 18
90 47
91 71
98 51
