112
0 16
0 34
0 84
2 44
3 66
5 55
6 25
6 80
7 18
7 98
8 64
9 43
10 58
12 95
13 74
14 52
16 1
16 44
16 85
16 91
17 29
18 17
18 59
20 41
21 3
22 23
22 81
23 62
25 72
27 97
28 48
28 71
29 33
29 79
31 5
31 90
33 14
36 94
37 84
38 24
38 59
39 32
39 78
40 7
43 18
43 29
43 78
45 58
47 6
48 94
49 54
49 67
50 36
50 49
51 23
51 30
54 82
56 20
56 47
56 69
57 88
59 16
59 59
60 8
60 27
62 49
62 86
63 2
63 40
63 78
63 96
65 21
65 30
67 93
68 64
69 37
70 74
72 45
72 86
72 95
74 58
75 16
75 78
77 72
78 10
78 21
79 26
79 56
80 62
81 6
81 89
82 16
82 37
83 67
85 42
85 55
87 94
88 78
89 9
89 48
89 85
90 7
90 69
92 98
93 58
94 31
94 79
97 14
97 79
98 25
98 47
98 57
