113
0 24
0 92
0 98
1 31
2 1
2 19
2 61
3 84
4 11
5 63
7 15
7 73
7 96
8 8
8 23
9 54
12 42
13 88
14 7
14 72
15 2
15 62
16 16
17 21
17 30
18 57
18 67
19 15
19 95
20 89
24 44
24 76
26 29
28 61
29 6
29 37
29 97
30 13
30 66
31 19
31 25
35 36
36 62
37 18
37 90
38 19
38 79
39 11
39 53
39 68
39 79
40 32
42 43
45 19
45 95
46 59
46 76
48 8
50 49
51 9
51 65
51 92
52 81
53 69
55 46
56 85
57 99
58 22
59 36
59 53
60 57
61 76
61 85
63 63
65 5
65 12
65 44
66 30
67 4
67 54
67 79
69 97
71 72
73 19
74 8
74 40
75 81
75 87
76 60
76 66
77 24
78 94
80 12
80 78
82 30
83 15
83 51
85 46
85 86
89 23
89 71
90 44
90 77
91 87
92 47
93 8
94 20
95 57
96 31
97 42
98 25
98 69
98 76
