111
0 14
0 30
0 37
0 54
1 72
2 51
4 0
4 42
5 17
5 87
6 65
7 78
9 5
9 24
10 57
11 85
12 47
14 1
14 66
14 95
15 16
15 24
15 27
16 75
18 32
18 45
19 9
22 94
23 75
24 83
25 49
27 56
30 11
30 99
31 19
31 25
31 39
34 71
36 89
37 9
39 21
40 67
41 16
41 49
42 8
42 27
44 74
44 97
45 2
45 30
45 37
48 24
49 62
50 91
51 18
51 48
51 96
52 42
54 37
55 58
55 64
58 18
58 23
59 46
60 12
63 99
64 27
66 50
66 63
68 19
70 3
70 31
70 43
71 68
71 80
72 99
73 11
73 25
74 32
74 75
75 57
76 5
78 22
78 65
80 85
80 94
81 16
81 81
82 7
84 14
84 52
84 71
85 41
86 2
86 48
87 57
87 90
88 24
90 30
91 65
92 9
92 78
92 85
94 39
96 4
97 75
98 14
98 99
99 21
99 27
99 34
