113
1 81
2 18
2 91
3 35
3 50
4 63
4 77
5 56
6 16
6 29
7 73
9 82
10 37
10 68
13 73
13 88
14 2
14 29
14 95
16 23
16 52
18 10
19 36
19 79
21 60
21 98
22 2
22 27
22 57
22 89
23 45
25 19
25 75
26 66
28 9
28 54
29 24
29 76
29 84
30 16
32 20
33 26
33 64
34 8
34 51
34 95
37 44
37 97
38 19
38 37
38 81
40 12
40 58
40 73
45 90
46 95
48 1
48 67
49 60
50 24
51 79
53 37
54 53
55 10
55 43
55 97
56 25
59 71
60 2
61 13
61 66
62 53
62 87
64 24
65 32
65 42
67 56
69 19
72 13
73 20
73 34
73 80
76 62
77 42
78 9
78 97
79 17
80 50
80 68
82 12
82 29
83 85
84 71
86 58
87 33
87 66
88 1
88 7
88 91
89 42
91 13
91 50
92 64
92 71
93 77
93 97
95 70
96 45
97 7
97 85
98 18
98 31
98 49
