110
0 27
0 98
2 0
2 85
3 16
4 8
5 52
5 68
7 18
7 89
9 80
9 96
11 58
13 12
14 0
14 5
15 34
16 2
16 42
16 86
17 95
18 11
18 75
23 51
23 68
24 7
25 89
27 92
28 69
31 17
31 48
32 55
33 97
35 29
35 84
36 12
36 35
36 71
36 78
38 26
38 58
39 50
40 33
42 50
43 72
45 92
47 8
47 26
47 66
47 82
49 45
49 76
50 54
52 13
52 39
52 60
53 99
54 4
54 85
54 99
55 58
55 98
56 67
57 33
58 18
58 90
58 96
59 53
60 99
62 20
63 33
65 13
65 94
68 67
69 34
69 81
69 88
71 2
71 14
72 21
72 37
72 73
73 55
74 47
74 65
75 97
76 33
77 49
79 8
79 14
80 60
81 80
83 46
84 2
84 25
85 56
86 15
87 93
89 36
90 3
90 69
92 45
92 97
93 91
94 10
97 31
97 84
98 98
99 4
99 20
