112
0 49
0 78
1 92
2 57
2 86
3 71
4 41
5 59
7 43
8 97
9 4
9 28
9 38
9 80
11 57
12 17
12 76
13 85
13 90
14 7
14 28
14 65
14 98
15 37
15 53
17 44
18 76
19 11
20 56
21 84
22 91
23 25
23 71
25 13
25 62
28 67
28 76
29 7
29 31
32 26
32 33
32 72
32 81
32 90
33 62
34 51
36 60
37 16
39 22
40 87
41 75
45 64
47 6
48 48
50 20
50 41
50 80
53 34
54 86
55 11
55 25
55 72
56 5
56 37
57 90
58 57
60 93
61 75
62 45
63 4
64 58
66 80
69 13
69 65
70 55
70 76
72 0
72 21
72 89
73 38
74 9
74 33
76 48
76 60
78 31
79 42
79 87
81 65
82 15
82 74
83 49
83 92
84 13
84 33
88 83
90 64
90 95
91 6
91 21
91 29
91 37
93 74
93 80
95 66
96 13
96 22
97 92
98 6
98 39
98 50
98 60
99 29
