107
0 6
0 34
0 61
2 69
3 56
5 22
7 79
8 97
9 7
9 47
10 74
11 65
12 91
14 4
14 9
15 78
16 49
16 55
17 97
18 17
18 25
19 60
19 91
20 32
21 75
22 38
22 72
24 6
24 19
24 68
25 27
26 51
27 11
28 84
29 94
30 45
33 70
34 48
35 8
37 19
37 98
38 67
38 89
39 40
39 56
41 1
43 9
44 26
44 45
44 66
46 74
47 92
48 30
48 97
49 12
49 50
53 21
53 47
54 82
55 3
55 98
56 16
58 65
58 92
59 74
60 42
60 80
61 36
61 51
62 13
63 62
64 26
64 69
65 99
66 89
68 4
69 17
72 12
72 61
72 72
73 26
75 44
76 34
77 64
79 72
80 4
80 15
80 94
82 79
85 26
85 69
86 92
88 53
88 59
89 75
90 21
90 85
91 40
93 64
94 8
94 59
94 90
96 13
96 43
97 3
99 30
99 95
