118
0 27
0 72
1 55
2 85
3 10
4 96
5 38
5 45
5 66
6 78
8 43
9 16
9 60
9 89
11 23
11 33
12 0
12 86
14 10
14 35
16 39
16 48
17 18
17 24
18 62
19 2
21 98
22 9
22 75
25 44
26 38
27 62
27 90
29 2
29 17
30 55
31 30
31 51
31 79
32 87
33 5
34 22
34 44
35 71
37 50
37 58
40 16
40 41
40 66
41 24
42 28
43 36
43 95
44 1
46 20
46 83
47 25
47 73
48 34
49 97
51 28
53 12
53 64
53 91
54 7
54 75
54 84
55 56
59 41
60 30
60 50
60 63
62 19
62 85
63 59
64 13
66 6
66 88
67 76
68 32
69 22
69 46
70 97
71 50
72 4
72 13
73 70
74 39
75 55
75 91
76 5
76 96
79 17
80 1
80 66
81 52
83 36
83 82
85 26
86 15
86 63
86 71
88 92
89 31
89 76
90 54
90 80
91 48
92 64
93 5
93 96
94 72
96 62
96 85
97 49
97 95
98 28
98 40
