101
0 77
2 55
4 0
4 28
4 94
5 97
6 15
6 33
7 81
8 6
9 65
11 61
12 46
12 76
13 53
13 87
14 11
16 92
17 19
17 66
19 44
20 17
20 58
22 35
24 71
25 55
25 77
25 90
27 14
30 96
31 9
32 23
33 44
33 63
35 50
36 71
37 96
40 81
41 27
42 10
42 96
43 22
43 35
43 57
45 6
45 37
47 27
48 9
48 81
48 96
50 0
50 51
51 35
52 18
52 25
53 67
53 89
55 30
55 49
58 54
59 61
59 97
60 6
61 25
62 44
62 79
63 89
64 3
65 36
67 19
67 65
68 71
69 40
69 53
71 1
73 23
74 14
75 53
76 28
77 43
77 72
77 80
80 97
82 21
82 34
82 49
82 60
83 79
85 95
87 47
88 27
89 82
92 54
93 9
93 46
94 3
95 25
97 75
98 40
98 56
99 16
