112
0 8
0 20
0 52
1 88
2 50
4 33
6 40
8 0
8 18
9 74
9 94
11 23
11 82
12 43
12 64
14 0
14 14
14 53
14 94
15 34
16 40
16 77
17 8
18 32
19 88
21 67
22 25
22 46
24 57
25 28
25 38
26 52
28 84
31 65
33 15
35 29
37 98
38 71
39 86
41 18
41 29
42 44
43 75
44 58
44 96
45 11
45 34
47 50
48 47
49 83
50 16
50 92
51 2
52 47
52 70
52 75
53 26
53 42
54 37
58 15
58 29
59 8
59 56
59 95
60 90
62 3
62 23
63 64
65 39
65 70
65 81
66 15
66 92
67 30
69 10
69 56
72 48
73 75
74 20
74 37
75 29
76 2
78 49
79 8
79 23
79 58
79 90
80 14
80 65
81 46
82 94
82 98
83 73
84 54
85 27
86 18
87 5
87 41
91 82
91 87
93 98
94 33
94 49
97 46
97 60
98 2
98 8
98 92
99 18
99 39
99 67
99 78
