115
0 4
0 18
2 2
2 10
3 2
3 33
3 44
3 60
3 76
5 96
7 27
7 70
7 81
8 5
8 45
8 92
9 36
11 14
12 24
14 0
14 2
15 8
16 36
16 60
17 28
18 48
18 94
20 23
20 68
21 56
22 2
22 79
23 85
24 8
24 33
25 50
26 15
27 89
28 23
29 76
31 43
32 4
33 13
33 55
33 64
35 26
35 37
36 9
37 32
38 0
38 70
39 21
39 44
40 84
42 51
44 48
44 59
45 1
45 32
45 87
46 28
46 43
47 14
48 61
49 24
52 19
53 5
54 10
54 27
54 64
57 44
57 79
58 19
58 66
58 84
60 8
60 49
62 22
62 71
64 11
64 96
69 3
69 13
69 61
69 78
70 27
71 48
72 90
74 67
74 99
75 59
76 51
81 34
82 52
84 3
84 15
85 40
87 24
87 28
88 66
88 80
89 2
89 55
90 86
91 15
91 36
91 46
94 51
94 97
95 8
95 62
96 90
97 84
98 15
98 22
