114
0 31
0 69
1 14
2 44
2 81
5 1
5 96
6 23
8 17
9 90
10 37
11 64
11 74
12 58
13 66
14 28
15 9
15 83
16 43
17 93
18 22
19 71
21 86
23 51
23 80
24 38
27 41
28 68
28 76
30 22
31 90
31 97
32 16
32 52
34 17
35 38
35 44
36 29
37 97
38 49
38 75
42 17
42 32
42 65
43 3
44 50
44 75
44 91
45 38
46 10
46 43
46 55
48 94
50 11
51 35
51 72
52 76
52 88
52 97
54 62
55 24
56 71
57 51
58 52
58 59
59 39
61 10
61 30
62 47
62 80
62 97
64 0
66 71
67 38
69 81
70 22
72 9
72 43
73 97
75 81
76 22
77 72
79 13
79 39
79 69
80 43
80 90
82 17
82 34
83 82
83 97
85 1
85 39
85 56
87 17
87 74
89 10
90 15
90 31
90 71
91 35
91 60
92 42
92 49
96 24
96 53
96 73
97 0
97 27
97 91
98 10
98 17
98 34
98 45
