110
0 15
0 34
0 77
0 90
2 25
2 69
2 83
3 3
7 0
7 52
7 68
7 88
8 17
8 67
10 69
17 64
17 88
18 32
19 5
19 80
20 59
23 21
23 28
23 89
25 15
26 71
28 43
28 65
30 6
30 15
30 55
31 44
31 61
32 39
32 82
33 72
34 19
34 35
36 91
37 14
37 53
39 60
39 97
40 32
41 45
42 70
45 54
45 77
46 84
47 25
48 44
48 61
49 97
50 8
50 59
52 71
53 86
56 15
56 34
56 49
56 59
56 74
57 38
58 23
58 90
60 98
61 72
63 13
64 25
64 31
64 82
67 6
67 59
67 97
68 14
69 36
70 2
71 29
71 89
73 20
73 57
75 12
76 95
77 35
78 4
78 18
79 44
80 78
81 73
81 98
82 56
83 29
86 43
86 95
87 67
90 5
90 83
91 12
91 17
91 29
91 57
93 94
95 87
96 6
96 26
98 15
98 70
99 31
99 41
99 65
