114
0 17
0 56
0 77
0 84
1 98
2 24
3 6
3 93
4 70
7 80
8 0
8 37
9 47
10 96
11 18
11 32
12 61
13 25
14 4
14 12
15 32
15 48
15 66
16 42
17 86
18 15
18 63
18 74
18 93
22 44
22 50
23 88
24 80
28 22
28 64
29 41
29 95
31 17
31 48
32 28
32 59
33 73
33 80
34 16
35 11
37 25
37 71
38 63
38 77
38 97
39 95
40 34
40 48
40 90
42 62
44 83
46 32
46 75
46 95
47 53
49 8
49 37
49 45
50 11
50 68
51 21
53 30
53 82
53 90
54 4
54 73
58 54
60 84
62 29
63 71
65 52
65 92
68 35
68 47
69 2
69 45
69 79
69 97
71 9
71 69
73 28
75 42
78 16
78 90
78 98
79 48
79 64
79 74
80 36
81 25
83 8
83 54
83 60
84 29
84 70
87 17
91 76
91 91
92 1
92 28
92 97
94 9
94 50
95 26
97 58
97 94
98 15
98 82
99 55
