108
1 19
2 6
2 43
3 49
5 28
5 89
6 60
8 11
9 69
10 87
12 79
14 50
15 95
18 34
20 13
21 10
23 22
23 70
23 77
24 5
24 42
25 46
25 55
25 63
26 23
27 80
29 8
29 15
33 18
35 93
36 43
36 66
36 87
37 22
37 57
37 81
38 12
39 51
39 75
41 1
42 25
42 63
42 87
43 8
43 97
44 38
48 14
49 21
49 44
50 1
50 77
50 87
52 61
53 33
54 48
54 97
55 7
56 4
58 70
59 8
60 25
61 52
61 79
63 33
63 42
64 22
64 67
64 75
66 51
67 88
70 58
71 20
71 67
72 82
73 34
73 52
74 47
75 3
75 30
75 93
76 12
77 59
77 76
79 61
79 98
80 54
81 41
82 21
83 66
84 95
86 73
86 87
88 16
88 41
90 48
90 54
92 26
92 89
93 70
94 11
95 57
96 77
97 45
98 3
98 66
99 12
99 27
99 40
