116
0 0
1 89
3 5
3 51
3 62
4 35
5 28
5 96
7 11
7 21
7 61
7 86
8 1
8 47
8 74
11 30
12 72
14 52
15 45
16 80
16 91
16 95
17 29
19 9
19 13
20 41
20 61
22 52
24 6
26 72
27 0
27 28
27 70
29 52
29 82
30 33
30 46
32 15
32 40
32 57
32 63
34 88
36 24
37 31
38 15
38 74
40 54
41 10
41 36
41 65
42 2
42 58
43 28
43 99
45 47
47 89
48 17
48 36
50 3
51 67
52 58
52 80
53 62
54 22
54 92
55 72
56 35
61 6
62 66
63 38
63 91
67 45
69 68
70 34
70 76
71 14
71 52
71 59
71 99
72 20
74 54
75 47
75 92
76 27
77 31
78 15
78 73
80 46
81 70
82 20
82 35
82 79
84 49
85 92
86 70
86 84
87 11
87 15
87 20
87 54
87 63
89 96
90 0
90 81
90 87
94 39
95 13
96 54
96 65
97 21
97 91
98 48
98 72
98 97
99 6
99 45
