114
0 74
0 75
0 99
1 6
1 53
3 46
4 17
4 62
4 76
7 28
10 3
10 14
10 22
12 94
13 61
16 28
16 61
17 52
18 13
18 23
18 33
21 32
21 69
21 98
22 6
23 73
24 67
25 47
25 55
27 73
28 39
28 80
28 90
30 29
31 20
31 50
33 3
33 33
33 87
36 45
37 14
39 4
39 62
39 85
40 48
40 91
41 54
42 82
44 37
46 30
46 45
48 61
48 97
49 81
49 91
51 36
53 29
53 45
57 94
58 21
58 32
58 61
58 74
59 44
59 51
59 84
60 10
61 53
62 3
62 70
63 80
64 15
66 42
67 9
67 29
67 71
67 93
70 37
70 48
72 20
73 57
73 72
73 83
73 86
74 3
74 13
76 42
77 49
77 66
78 22
78 60
78 94
79 6
81 30
82 13
83 51
85 68
87 2
88 84
90 16
90 92
92 23
92 33
93 40
95 14
95 70
96 92
97 3
97 85
98 31
98 52
99 21
99 59
99 66
