105
2 4
2 78
3 27
5 47
5 54
5 62
6 3
6 94
7 89
8 41
9 92
10 80
11 26
11 69
12 19
13 54
15 4
16 61
17 14
18 89
24 36
25 16
26 76
30 6
30 64
31 38
31 99
32 1
32 84
33 21
33 80
36 28
37 14
37 65
38 19
38 72
39 96
40 51
43 37
44 29
44 60
44 93
45 54
45 84
46 6
46 45
46 77
49 13
49 38
50 93
51 22
52 5
52 30
54 99
55 14
56 34
56 52
57 81
57 89
58 59
60 2
61 67
63 33
63 48
64 86
65 75
66 3
66 21
66 29
66 57
66 93
67 38
68 72
69 11
69 63
71 48
73 23
73 33
73 91
75 82
76 64
78 70
79 33
79 48
80 60
82 15
82 27
83 80
84 53
84 61
84 70
86 27
87 13
87 36
90 3
90 30
90 41
90 77
92 86
94 7
95 57
96 79
99 4
99 21
99 87
