104
0 38
0 48
0 75
0 99
2 86
3 8
3 25
4 15
5 68
6 36
6 62
8 70
9 8
10 50
10 96
12 25
12 44
14 31
15 69
15 99
17 45
18 8
18 18
24 63
24 77
25 69
26 15
26 31
26 95
27 26
27 46
27 86
30 77
31 13
33 53
34 38
34 95
36 35
36 66
38 59
39 4
39 13
39 49
39 77
40 20
40 44
41 68
43 75
45 8
47 16
47 91
48 65
48 97
50 43
51 24
52 11
52 19
52 53
53 31
53 74
55 61
55 92
56 15
57 44
58 98
59 6
61 53
63 11
63 32
63 74
64 46
65 8
66 42
68 58
69 88
71 46
72 75
73 82
73 99
76 16
76 43
76 93
77 33
77 62
78 3
78 76
82 48
82 95
83 3
87 41
87 90
88 23
89 16
89 28
89 51
96 37
96 57
96 76
96 98
97 8
97 89
98 26
98 46
99 65
