114
0 22
0 35
0 57
0 95
2 1
3 64
5 85
5 92
7 0
9 99
10 14
10 18
13 50
13 79
14 4
14 37
15 55
16 88
17 47
18 20
18 79
19 94
20 11
21 39
22 23
22 55
22 75
24 46
26 97
28 93
29 79
30 36
33 26
33 73
33 89
34 10
34 60
35 29
35 44
36 79
37 96
38 35
38 42
39 0
39 68
41 50
42 16
42 72
44 14
44 39
46 3
47 58
47 72
48 30
48 81
48 89
49 36
49 43
51 16
51 69
52 37
52 55
53 27
53 97
54 46
55 91
56 14
59 9
59 31
61 79
62 95
63 19
63 53
64 66
66 47
68 71
70 64
71 4
71 52
71 91
72 26
73 70
74 84
75 10
75 77
75 96
76 55
77 37
78 3
78 23
80 66
81 74
82 59
83 97
85 15
87 72
87 77
88 49
90 13
92 34
92 95
93 0
93 58
95 55
96 26
96 37
96 73
97 37
97 65
98 3
98 42
98 49
98 80
99 62
