116
0 0
0 5
0 44
0 63
0 79
1 54
1 92
2 16
4 8
4 49
4 85
6 22
6 33
7 64
10 15
10 45
10 79
11 62
12 96
13 81
14 7
14 88
15 1
15 55
16 26
16 35
16 70
17 19
18 50
21 48
21 70
23 4
23 77
24 31
26 87
30 1
31 7
31 52
33 63
34 37
35 82
36 12
37 45
37 51
38 88
39 33
41 8
41 14
43 39
43 81
44 70
44 93
45 49
47 6
48 41
48 87
49 36
49 80
52 26
52 92
53 33
53 97
54 15
54 46
57 55
57 86
58 96
60 64
60 72
60 79
61 15
61 24
62 11
62 45
65 5
65 18
65 60
67 38
68 77
68 85
69 68
70 11
72 53
74 21
74 29
74 83
74 93
79 8
79 16
79 59
79 66
79 90
79 98
80 0
83 43
85 3
86 91
87 61
87 99
88 35
88 75
89 8
89 43
89 52
92 19
92 35
93 9
93 47
93 53
95 1
95 77
95 97
96 86
97 8
97 69
97 70
