113
0 17
0 88
2 78
3 67
6 28
7 23
9 6
9 67
9 86
11 53
11 78
13 22
13 33
14 6
14 7
14 17
14 72
14 96
15 48
16 40
18 30
21 1
21 52
22 9
22 67
25 21
26 26
26 32
28 57
29 15
30 77
30 90
32 97
33 63
36 16
36 52
36 88
36 93
38 30
39 66
39 77
40 42
40 97
41 10
41 27
43 70
43 81
43 91
44 60
44 88
47 66
48 31
49 16
49 53
50 23
52 46
53 2
53 10
54 40
55 7
55 35
55 56
55 77
56 85
57 48
58 19
61 25
61 73
61 90
62 4
63 30
65 14
65 86
66 18
66 37
67 9
68 65
69 48
69 56
70 24
71 99
72 39
72 82
75 15
75 97
76 41
77 46
79 24
79 65
79 91
81 86
83 97
84 0
84 41
84 74
85 91
87 7
87 69
88 16
88 22
89 85
90 68
92 54
92 81
93 45
95 18
95 39
95 89
96 77
96 94
98 18
98 45
99 24
